--- Running main.py (iteration 65) ---
Przed balansowaniem: Counter({np.int64(0): 4140, np.int64(1): 1116})
Bez oversamplingu: utrzymano oryginalny rozkład klas.

=== Using: Custom DecisionTree ===

Test performance:
Accuracy:  0.886
Precision: 0.729
Recall:    0.735
AUC:       0.878

=== Classification report ===
              precision    recall  f1-score   support

           0      0.929     0.926     0.928       829
           1      0.729     0.735     0.732       223

    accuracy                          0.886      1052
   macro avg      0.829     0.831     0.830      1052
weighted avg      0.886     0.886     0.886      1052


Tekstowa ilustracja drzewa decyzyjnego (custom):
--- Evaluating regex performance ---

100 regexów najczęściej dopasowanych dla klasy 1:

regex 0:	.AG	714
regex 14:	G.G	466
regex 4:	A.G	426
regex 17:	[CA][TA][TG]	407
regex 11:	GA.	399
regex 3:	GAG.	388
regex 6:	AA.	379
regex 1:	AAG.	300
regex 2:	AAG..	300
regex 36:	..G..G	260
regex 12:	G[CA][AGT]T	216
regex 9:	GA.T..	209
regex 38:	[TCA][ACG][GC]T	182
regex 65:	[TGA][AG][AG]G	173
regex 8:	AA.T	151
regex 91:	G....C	142
regex 24:	.AGG	140
regex 10:	A.G.A	134
regex 5:	AAGT	126
regex 20:	.AGC	121
regex 53:	A...C.	108
regex 95:	[AG][CG]G[AGT]	107
regex 16:	A.G..T	104
regex 93:	...TT.	99
regex 47:	G.G.A.	97
regex 25:	A.GG	89
regex 61:	A[CG][GT]	88
regex 30:	A.GA	82
regex 98:	G.GG.	80
regex 99:	G.GG..	80
regex 32:	AA.A	78
regex 68:	GA.G	73
regex 92:	AG.	71
regex 34:	[CA]AGG	69
regex 78:	AG[CGA]	68
regex 18:	A.GC	68
regex 56:	G.G.GG	61
regex 57:	..G.CT	60
regex 37:	.A.TC	58
regex 48:	ATG...	55
regex 49:	ATG	55
regex 44:	..G.AC	53
regex 75:	...TGA	51
regex 96:	.TGT	50
regex 23:	GA.T.C	49
regex 50:	.A.C.G	49
regex 58:	AT.T	44
regex 76:	GA.A.	43
regex 77:	GA.A	43
regex 54:	AAA.	41
regex 13:	[GC][CA]GTC	38
regex 29:	GA[TG]C[AG]	38
regex 67:	A...GA	36
regex 19:	..GTCC	33
regex 27:	.A.TGC	32
regex 62:	AT[GC][CTA][TA]	31
regex 52:	[TA][GTC]G[CT]A	28
regex 88:	AG.T	27
regex 45:	GA.G.C	27
regex 102:	GA.C.G	26
regex 89:	A..CC	23
regex 41:	A..TGG	23
regex 33:	AGGT.	22
regex 83:	[AT]A[TA]G	22
regex 74:	..GGAG	22
regex 22:	AA.TC.	19
regex 79:	AAC.	19
regex 55:	A..CG	18
regex 80:	AG...G	18
regex 51:	.TGTA	17
regex 82:	AG.C	17
regex 73:	G..TCT	17
regex 15:	A..TAC	16
regex 26:	AT.TA.	16
regex 7:	A[GA]GTGG	15
regex 43:	GAGG.A	14
regex 70:	AGGG	13
regex 90:	.CGT	12
regex 81:	AAC[AT]	12
regex 46:	.A.AGC	11
regex 64:	ACG	11
regex 63:	ACG.	11
regex 31:	GCGT..	10
regex 35:	.AGAAA	10
regex 21:	GAGAT	10
regex 42:	GA..CG	9
regex 66:	A.A.TT	9
regex 94:	.A.ATG	9
regex 28:	AA.GGG	8
regex 72:	AATG	8
regex 109:	AA.AGC	8
regex 71:	AG..CC	8
regex 100:	GGG.GT	7
regex 69:	AACC	7
regex 59:	G.GTTT	7
regex 97:	A..ATG	7
regex 87:	GCG.C.	6
regex 106:	TGG..T	6
regex 60:	AC.G.C	6
regex 86:	AACT	6

100 regexów najczęściej dopasowanych dla klasy 0:

regex 14:	G.G	526
regex 17:	[CA][TA][TG]	489
regex 91:	G....C	390
regex 65:	[TGA][AG][AG]G	347
regex 36:	..G..G	346
regex 11:	GA.	316
regex 95:	[AG][CG]G[AGT]	269
regex 93:	...TT.	237
regex 0:	.AG	228
regex 38:	[TCA][ACG][GC]T	204
regex 99:	G.GG..	187
regex 98:	G.GG.	187
regex 92:	AG.	148
regex 4:	A.G	137
regex 53:	A...C.	135
regex 6:	AA.	133
regex 61:	A[CG][GT]	124
regex 78:	AG[CGA]	119
regex 47:	G.G.A.	110
regex 68:	GA.G	106
regex 96:	.TGT	101
regex 3:	GAG.	98
regex 12:	G[CA][AGT]T	84
regex 75:	...TGA	83
regex 24:	.AGG	81
regex 104:	G.TGG.	71
regex 56:	G.G.GG	70
regex 57:	..G.CT	69
regex 76:	GA.A.	68
regex 77:	GA.A	68
regex 9:	GA.T..	65
regex 20:	.AGC	56
regex 48:	ATG...	55
regex 49:	ATG	55
regex 58:	AT.T	49
regex 50:	.A.C.G	48
regex 67:	A...GA	45
regex 88:	AG.T	44
regex 44:	..G.AC	44
regex 32:	AA.A	44
regex 30:	A.GA	44
regex 25:	A.GG	43
regex 54:	AAA.	41
regex 37:	.A.TC	38
regex 16:	A.G..T	38
regex 34:	[CA]AGG	38
regex 89:	A..CC	37
regex 62:	AT[GC][CTA][TA]	36
regex 83:	[AT]A[TA]G	35
regex 10:	A.G.A	32
regex 74:	..GGAG	32
regex 8:	AA.T	31
regex 2:	AAG..	28
regex 1:	AAG.	28
regex 79:	AAC.	28
regex 108:	GGAT..	28
regex 80:	AG...G	27
regex 52:	[TA][GTC]G[CT]A	26
regex 82:	AG.C	26
regex 106:	TGG..T	25
regex 73:	G..TCT	24
regex 18:	A.GC	24
regex 45:	GA.G.C	21
regex 102:	GA.C.G	20
regex 90:	.CGT	19
regex 23:	GA.T.C	18
regex 81:	AAC[AT]	18
regex 107:	.CA.CT	18
regex 29:	GA[TG]C[AG]	17
regex 55:	A..CG	17
regex 70:	AGGG	16
regex 41:	A..TGG	16
regex 94:	.A.ATG	15
regex 51:	.TGTA	15
regex 100:	GGG.GT	14
regex 27:	.A.TGC	13
regex 63:	ACG.	12
regex 64:	ACG	12
regex 97:	A..ATG	12
regex 66:	A.A.TT	10
regex 72:	AATG	10
regex 71:	AG..CC	10
regex 19:	..GTCC	10
regex 43:	GAGG.A	10
regex 33:	AGGT.	10
regex 87:	GCG.C.	9
regex 85:	AACT.	9
regex 86:	AACT	9
regex 84:	AACA	9
regex 46:	.A.AGC	9
regex 69:	AACC	8
regex 59:	G.GTTT	7
regex 13:	[GC][CA]GTC	6
regex 42:	GA..CG	6
regex 26:	AT.TA.	6
regex 22:	AA.TC.	6
regex 60:	AC.G.C	6
regex 35:	.AGAAA	5
regex 103:	AATAA.	4
regex 31:	GCGT..	4

100 regexów z największą łączną liczbą dopasowań (klasa 1 + 0):

regex 14:	G.G	klasa 1: 466	klasa 0: 526	razem: 992
regex 0:	.AG	klasa 1: 714	klasa 0: 228	razem: 942
regex 17:	[CA][TA][TG]	klasa 1: 407	klasa 0: 489	razem: 896
regex 11:	GA.	klasa 1: 399	klasa 0: 316	razem: 715
regex 36:	..G..G	klasa 1: 260	klasa 0: 346	razem: 606
regex 4:	A.G	klasa 1: 426	klasa 0: 137	razem: 563
regex 91:	G....C	klasa 1: 142	klasa 0: 390	razem: 532
regex 65:	[TGA][AG][AG]G	klasa 1: 173	klasa 0: 347	razem: 520
regex 6:	AA.	klasa 1: 379	klasa 0: 133	razem: 512
regex 3:	GAG.	klasa 1: 388	klasa 0: 98	razem: 486
regex 38:	[TCA][ACG][GC]T	klasa 1: 182	klasa 0: 204	razem: 386
regex 95:	[AG][CG]G[AGT]	klasa 1: 107	klasa 0: 269	razem: 376
regex 93:	...TT.	klasa 1: 99	klasa 0: 237	razem: 336
regex 1:	AAG.	klasa 1: 300	klasa 0: 28	razem: 328
regex 2:	AAG..	klasa 1: 300	klasa 0: 28	razem: 328
regex 12:	G[CA][AGT]T	klasa 1: 216	klasa 0: 84	razem: 300
regex 9:	GA.T..	klasa 1: 209	klasa 0: 65	razem: 274
regex 98:	G.GG.	klasa 1: 80	klasa 0: 187	razem: 267
regex 99:	G.GG..	klasa 1: 80	klasa 0: 187	razem: 267
regex 53:	A...C.	klasa 1: 108	klasa 0: 135	razem: 243
regex 24:	.AGG	klasa 1: 140	klasa 0: 81	razem: 221
regex 92:	AG.	klasa 1: 71	klasa 0: 148	razem: 219
regex 61:	A[CG][GT]	klasa 1: 88	klasa 0: 124	razem: 212
regex 47:	G.G.A.	klasa 1: 97	klasa 0: 110	razem: 207
regex 78:	AG[CGA]	klasa 1: 68	klasa 0: 119	razem: 187
regex 8:	AA.T	klasa 1: 151	klasa 0: 31	razem: 182
regex 68:	GA.G	klasa 1: 73	klasa 0: 106	razem: 179
regex 20:	.AGC	klasa 1: 121	klasa 0: 56	razem: 177
regex 10:	A.G.A	klasa 1: 134	klasa 0: 32	razem: 166
regex 96:	.TGT	klasa 1: 50	klasa 0: 101	razem: 151
regex 16:	A.G..T	klasa 1: 104	klasa 0: 38	razem: 142
regex 75:	...TGA	klasa 1: 51	klasa 0: 83	razem: 134
regex 25:	A.GG	klasa 1: 89	klasa 0: 43	razem: 132
regex 56:	G.G.GG	klasa 1: 61	klasa 0: 70	razem: 131
regex 57:	..G.CT	klasa 1: 60	klasa 0: 69	razem: 129
regex 5:	AAGT	klasa 1: 126	klasa 0: 3	razem: 129
regex 30:	A.GA	klasa 1: 82	klasa 0: 44	razem: 126
regex 32:	AA.A	klasa 1: 78	klasa 0: 44	razem: 122
regex 77:	GA.A	klasa 1: 43	klasa 0: 68	razem: 111
regex 76:	GA.A.	klasa 1: 43	klasa 0: 68	razem: 111
regex 49:	ATG	klasa 1: 55	klasa 0: 55	razem: 110
regex 48:	ATG...	klasa 1: 55	klasa 0: 55	razem: 110
regex 34:	[CA]AGG	klasa 1: 69	klasa 0: 38	razem: 107
regex 44:	..G.AC	klasa 1: 53	klasa 0: 44	razem: 97
regex 50:	.A.C.G	klasa 1: 49	klasa 0: 48	razem: 97
regex 37:	.A.TC	klasa 1: 58	klasa 0: 38	razem: 96
regex 58:	AT.T	klasa 1: 44	klasa 0: 49	razem: 93
regex 18:	A.GC	klasa 1: 68	klasa 0: 24	razem: 92
regex 54:	AAA.	klasa 1: 41	klasa 0: 41	razem: 82
regex 67:	A...GA	klasa 1: 36	klasa 0: 45	razem: 81
regex 104:	G.TGG.	klasa 1: 0	klasa 0: 71	razem: 71
regex 88:	AG.T	klasa 1: 27	klasa 0: 44	razem: 71
regex 62:	AT[GC][CTA][TA]	klasa 1: 31	klasa 0: 36	razem: 67
regex 23:	GA.T.C	klasa 1: 49	klasa 0: 18	razem: 67
regex 89:	A..CC	klasa 1: 23	klasa 0: 37	razem: 60
regex 83:	[AT]A[TA]G	klasa 1: 22	klasa 0: 35	razem: 57
regex 29:	GA[TG]C[AG]	klasa 1: 38	klasa 0: 17	razem: 55
regex 52:	[TA][GTC]G[CT]A	klasa 1: 28	klasa 0: 26	razem: 54
regex 74:	..GGAG	klasa 1: 22	klasa 0: 32	razem: 54
regex 45:	GA.G.C	klasa 1: 27	klasa 0: 21	razem: 48
regex 79:	AAC.	klasa 1: 19	klasa 0: 28	razem: 47
regex 102:	GA.C.G	klasa 1: 26	klasa 0: 20	razem: 46
regex 27:	.A.TGC	klasa 1: 32	klasa 0: 13	razem: 45
regex 80:	AG...G	klasa 1: 18	klasa 0: 27	razem: 45
regex 13:	[GC][CA]GTC	klasa 1: 38	klasa 0: 6	razem: 44
regex 82:	AG.C	klasa 1: 17	klasa 0: 26	razem: 43
regex 19:	..GTCC	klasa 1: 33	klasa 0: 10	razem: 43
regex 73:	G..TCT	klasa 1: 17	klasa 0: 24	razem: 41
regex 41:	A..TGG	klasa 1: 23	klasa 0: 16	razem: 39
regex 55:	A..CG	klasa 1: 18	klasa 0: 17	razem: 35
regex 33:	AGGT.	klasa 1: 22	klasa 0: 10	razem: 32
regex 51:	.TGTA	klasa 1: 17	klasa 0: 15	razem: 32
regex 106:	TGG..T	klasa 1: 6	klasa 0: 25	razem: 31
regex 90:	.CGT	klasa 1: 12	klasa 0: 19	razem: 31
regex 81:	AAC[AT]	klasa 1: 12	klasa 0: 18	razem: 30
regex 70:	AGGG	klasa 1: 13	klasa 0: 16	razem: 29
regex 108:	GGAT..	klasa 1: 1	klasa 0: 28	razem: 29
regex 22:	AA.TC.	klasa 1: 19	klasa 0: 6	razem: 25
regex 43:	GAGG.A	klasa 1: 14	klasa 0: 10	razem: 24
regex 94:	.A.ATG	klasa 1: 9	klasa 0: 15	razem: 24
regex 63:	ACG.	klasa 1: 11	klasa 0: 12	razem: 23
regex 64:	ACG	klasa 1: 11	klasa 0: 12	razem: 23
regex 26:	AT.TA.	klasa 1: 16	klasa 0: 6	razem: 22
regex 100:	GGG.GT	klasa 1: 7	klasa 0: 14	razem: 21
regex 46:	.A.AGC	klasa 1: 11	klasa 0: 9	razem: 20
regex 97:	A..ATG	klasa 1: 7	klasa 0: 12	razem: 19
regex 15:	A..TAC	klasa 1: 16	klasa 0: 3	razem: 19
regex 66:	A.A.TT	klasa 1: 9	klasa 0: 10	razem: 19
regex 72:	AATG	klasa 1: 8	klasa 0: 10	razem: 18
regex 71:	AG..CC	klasa 1: 8	klasa 0: 10	razem: 18
regex 107:	.CA.CT	klasa 1: 0	klasa 0: 18	razem: 18
regex 42:	GA..CG	klasa 1: 9	klasa 0: 6	razem: 15
regex 35:	.AGAAA	klasa 1: 10	klasa 0: 5	razem: 15
regex 7:	A[GA]GTGG	klasa 1: 15	klasa 0: 0	razem: 15
regex 84:	AACA	klasa 1: 6	klasa 0: 9	razem: 15
regex 85:	AACT.	klasa 1: 6	klasa 0: 9	razem: 15
regex 69:	AACC	klasa 1: 7	klasa 0: 8	razem: 15
regex 86:	AACT	klasa 1: 6	klasa 0: 9	razem: 15
regex 87:	GCG.C.	klasa 1: 6	klasa 0: 9	razem: 15
regex 31:	GCGT..	klasa 1: 10	klasa 0: 4	razem: 14
--- Selecting top regexes ---
Adding 10 new regexes from index 640
Saved 110 regexes to input_data/regex_donor.txt
