--- Running main.py (iteration 204) ---
Przed balansowaniem: Counter({np.int64(0): 4140, np.int64(1): 1116})
Bez oversamplingu: utrzymano oryginalny rozkład klas.

=== Using: Custom DecisionTree ===

Test performance:
Accuracy:  0.898
Precision: 0.799
Recall:    0.695
AUC:       0.882

=== Classification report ===
              precision    recall  f1-score   support

           0      0.921     0.953     0.937       829
           1      0.799     0.695     0.743       223

    accuracy                          0.898      1052
   macro avg      0.860     0.824     0.840      1052
weighted avg      0.895     0.898     0.896      1052


Tekstowa ilustracja drzewa decyzyjnego (custom):
--- Evaluating regex performance ---

100 regexów najczęściej dopasowanych dla klasy 1:

regex 0:	.AG	714
regex 30:	G.G	466
regex 4:	A.G	426
regex 44:	[CA][TA][TG]	407
regex 24:	GA.	399
regex 3:	GAG.	388
regex 7:	AA.	379
regex 2:	AAG..	300
regex 1:	AAG.	300
regex 88:	..G..G	260
regex 25:	G[CA][AGT]T	216
regex 18:	GA.T..	209
regex 96:	[TCA][ACG][GC]T	182
regex 14:	AA.T	151
regex 61:	.AGG	140
regex 22:	A.G.A	134
regex 6:	AAGT..	126
regex 5:	AAGT	126
regex 49:	.AGC	121
regex 16:	GA.TG.	118
regex 39:	GA[GCT][AT][TGC][TG]	109
regex 41:	A.G..T	104
regex 60:	A[GTA][AGC]T[TGA][AT]	94
regex 64:	A.GG	89
regex 71:	A.GA	82
regex 78:	AA.A	78
regex 80:	[CA]AGG	69
regex 47:	A.GC	68
regex 29:	A.GTG.	60
regex 11:	AAG.C.	58
regex 89:	.A.TC	58
regex 10:	A.GTA.	56
regex 92:	G.G.GC	55
regex 32:	.A.TGG	51
regex 58:	GA.T.C	49
regex 13:	.AGTGG	48
regex 51:	..GTGC	46
regex 15:	GAGT.C	46
regex 17:	GAGT.A	43
regex 65:	.AGGA.	43
regex 70:	GA[TG]C[AG]	38
regex 34:	AA..GG	38
regex 26:	[GC][CA]GTC	38
regex 50:	[CTG][ACG]GTGA	37
regex 84:	.A.TGT	37
regex 28:	A.G.AT	36
regex 37:	.AGC.C	35
regex 48:	..GTCC	33
regex 23:	A[GCA]GTA[CTA]	32
regex 67:	.A.TGC	32
regex 52:	AA.AG.	28
regex 75:	AA.GG.	27
regex 82:	A.G.CA	26
regex 59:	.A.TAT	26
regex 9:	GAGT[CA]T	26
regex 43:	A.GCA.	24
regex 53:	AGG[TGC][TCA][TC]	22
regex 79:	AGGT.	22
regex 19:	AAGAG.	22
regex 38:	AA..TA	22
regex 83:	A.G.CT	22
regex 20:	.A.TAG	22
regex 90:	A.GG.G	21
regex 95:	.AGA.C	21
regex 69:	.AGCG.	20
regex 12:	AAGGC.	19
regex 98:	GA..AT	19
regex 57:	A.GC.G	19
regex 56:	..GTAC	19
regex 55:	AA.TC.	19
regex 94:	AA.A.T	18
regex 33:	.A.TAC	17
regex 35:	A..TAC	16
regex 66:	AT.TA.	16
regex 91:	[TA]A[ACG][AGC]AC	16
regex 77:	.AGAC.	16
regex 8:	A[GA]GTGG	15
regex 93:	A..TCC	14
regex 76:	A.GAC.	14
regex 85:	AGG..G	14
regex 42:	GAG.TT	13
regex 81:	GA.TCC	13
regex 21:	GAGTCT	12
regex 36:	AA.TTC	11
regex 97:	AAC.A.	10
regex 86:	.AGAAA	10
regex 54:	GAGAT	10
regex 72:	GCGT..	10
regex 40:	AAGAAA	9
regex 27:	AGG[CTA]AC	8
regex 68:	AA.GGG	8
regex 45:	AGG.AC	8
regex 46:	AA.AGC	8
regex 31:	A.GGCC	7
regex 87:	A..GTA	6
regex 63:	AGG.TT	6
regex 62:	AA[CTG]GGG	6
regex 73:	G[CTA]G[CA]AT	5
regex 74:	AGGC.T	5
regex 99:	AGGTA	5

100 regexów najczęściej dopasowanych dla klasy 0:

regex 30:	G.G	526
regex 44:	[CA][TA][TG]	489
regex 88:	..G..G	346
regex 24:	GA.	316
regex 0:	.AG	228
regex 96:	[TCA][ACG][GC]T	204
regex 4:	A.G	137
regex 7:	AA.	133
regex 3:	GAG.	98
regex 25:	G[CA][AGT]T	84
regex 61:	.AGG	81
regex 18:	GA.T..	65
regex 49:	.AGC	56
regex 60:	A[GTA][AGC]T[TGA][AT]	45
regex 78:	AA.A	44
regex 71:	A.GA	44
regex 64:	A.GG	43
regex 39:	GA[GCT][AT][TGC][TG]	40
regex 41:	A.G..T	38
regex 80:	[CA]AGG	38
regex 107:	G..GTG	38
regex 89:	.A.TC	38
regex 92:	G.G.GC	36
regex 22:	A.G.A	32
regex 14:	AA.T	31
regex 2:	AAG..	28
regex 1:	AAG.	28
regex 100:	GG.CG.	27
regex 47:	A.GC	24
regex 16:	GA.TG.	20
regex 84:	.A.TGT	20
regex 58:	GA.T.C	18
regex 65:	.AGGA.	18
regex 70:	GA[TG]C[AG]	17
regex 104:	T.C.CT	17
regex 51:	..GTGC	16
regex 82:	A.G.CA	13
regex 95:	.AGA.C	13
regex 67:	.A.TGC	13
regex 109:	GC..TT	12
regex 29:	A.GTG.	12
regex 50:	[CTG][ACG]GTGA	12
regex 75:	AA.GG.	12
regex 98:	GA..AT	12
regex 90:	A.GG.G	12
regex 32:	.A.TGG	11
regex 83:	A.G.CT	11
regex 94:	AA.A.T	11
regex 79:	AGGT.	10
regex 48:	..GTCC	10
regex 59:	.A.TAT	9
regex 52:	AA.AG.	9
regex 91:	[TA]A[ACG][AGC]AC	9
regex 93:	A..TCC	8
regex 69:	.AGCG.	8
regex 37:	.AGC.C	8
regex 34:	AA..GG	8
regex 85:	AGG..G	7
regex 53:	AGG[TGC][TCA][TC]	7
regex 77:	.AGAC.	7
regex 55:	AA.TC.	6
regex 57:	A.GC.G	6
regex 28:	A.G.AT	6
regex 26:	[GC][CA]GTC	6
regex 66:	AT.TA.	6
regex 56:	..GTAC	6
regex 76:	A.GAC.	6
regex 97:	AAC.A.	6
regex 81:	GA.TCC	6
regex 43:	A.GCA.	6
regex 101:	.TATTT	6
regex 102:	CCGT..	5
regex 38:	AA..TA	5
regex 86:	.AGAAA	5
regex 11:	AAG.C.	5
regex 15:	GAGT.C	4
regex 13:	.AGTGG	4
regex 17:	GAGT.A	4
regex 23:	A[GCA]GTA[CTA]	4
regex 10:	A.GTA.	4
regex 105:	AATAT.	4
regex 72:	GCGT..	4
regex 99:	AGGTA	3
regex 68:	AA.GGG	3
regex 54:	GAGAT	3
regex 87:	A..GTA	3
regex 6:	AAGT..	3
regex 33:	.A.TAC	3
regex 42:	GAG.TT	3
regex 35:	A..TAC	3
regex 5:	AAGT	3
regex 36:	AA.TTC	2
regex 40:	AAGAAA	2
regex 20:	.A.TAG	2
regex 74:	AGGC.T	2
regex 73:	G[CTA]G[CA]AT	2
regex 62:	AA[CTG]GGG	2
regex 63:	AGG.TT	2
regex 46:	AA.AGC	2
regex 103:	AAT[TCA]TA	2

100 regexów z największą łączną liczbą dopasowań (klasa 1 + 0):

regex 30:	G.G	klasa 1: 466	klasa 0: 526	razem: 992
regex 0:	.AG	klasa 1: 714	klasa 0: 228	razem: 942
regex 44:	[CA][TA][TG]	klasa 1: 407	klasa 0: 489	razem: 896
regex 24:	GA.	klasa 1: 399	klasa 0: 316	razem: 715
regex 88:	..G..G	klasa 1: 260	klasa 0: 346	razem: 606
regex 4:	A.G	klasa 1: 426	klasa 0: 137	razem: 563
regex 7:	AA.	klasa 1: 379	klasa 0: 133	razem: 512
regex 3:	GAG.	klasa 1: 388	klasa 0: 98	razem: 486
regex 96:	[TCA][ACG][GC]T	klasa 1: 182	klasa 0: 204	razem: 386
regex 2:	AAG..	klasa 1: 300	klasa 0: 28	razem: 328
regex 1:	AAG.	klasa 1: 300	klasa 0: 28	razem: 328
regex 25:	G[CA][AGT]T	klasa 1: 216	klasa 0: 84	razem: 300
regex 18:	GA.T..	klasa 1: 209	klasa 0: 65	razem: 274
regex 61:	.AGG	klasa 1: 140	klasa 0: 81	razem: 221
regex 14:	AA.T	klasa 1: 151	klasa 0: 31	razem: 182
regex 49:	.AGC	klasa 1: 121	klasa 0: 56	razem: 177
regex 22:	A.G.A	klasa 1: 134	klasa 0: 32	razem: 166
regex 39:	GA[GCT][AT][TGC][TG]	klasa 1: 109	klasa 0: 40	razem: 149
regex 41:	A.G..T	klasa 1: 104	klasa 0: 38	razem: 142
regex 60:	A[GTA][AGC]T[TGA][AT]	klasa 1: 94	klasa 0: 45	razem: 139
regex 16:	GA.TG.	klasa 1: 118	klasa 0: 20	razem: 138
regex 64:	A.GG	klasa 1: 89	klasa 0: 43	razem: 132
regex 6:	AAGT..	klasa 1: 126	klasa 0: 3	razem: 129
regex 5:	AAGT	klasa 1: 126	klasa 0: 3	razem: 129
regex 71:	A.GA	klasa 1: 82	klasa 0: 44	razem: 126
regex 78:	AA.A	klasa 1: 78	klasa 0: 44	razem: 122
regex 80:	[CA]AGG	klasa 1: 69	klasa 0: 38	razem: 107
regex 89:	.A.TC	klasa 1: 58	klasa 0: 38	razem: 96
regex 47:	A.GC	klasa 1: 68	klasa 0: 24	razem: 92
regex 92:	G.G.GC	klasa 1: 55	klasa 0: 36	razem: 91
regex 29:	A.GTG.	klasa 1: 60	klasa 0: 12	razem: 72
regex 58:	GA.T.C	klasa 1: 49	klasa 0: 18	razem: 67
regex 11:	AAG.C.	klasa 1: 58	klasa 0: 5	razem: 63
regex 51:	..GTGC	klasa 1: 46	klasa 0: 16	razem: 62
regex 32:	.A.TGG	klasa 1: 51	klasa 0: 11	razem: 62
regex 65:	.AGGA.	klasa 1: 43	klasa 0: 18	razem: 61
regex 10:	A.GTA.	klasa 1: 56	klasa 0: 4	razem: 60
regex 84:	.A.TGT	klasa 1: 37	klasa 0: 20	razem: 57
regex 70:	GA[TG]C[AG]	klasa 1: 38	klasa 0: 17	razem: 55
regex 13:	.AGTGG	klasa 1: 48	klasa 0: 4	razem: 52
regex 15:	GAGT.C	klasa 1: 46	klasa 0: 4	razem: 50
regex 50:	[CTG][ACG]GTGA	klasa 1: 37	klasa 0: 12	razem: 49
regex 17:	GAGT.A	klasa 1: 43	klasa 0: 4	razem: 47
regex 34:	AA..GG	klasa 1: 38	klasa 0: 8	razem: 46
regex 67:	.A.TGC	klasa 1: 32	klasa 0: 13	razem: 45
regex 26:	[GC][CA]GTC	klasa 1: 38	klasa 0: 6	razem: 44
regex 37:	.AGC.C	klasa 1: 35	klasa 0: 8	razem: 43
regex 48:	..GTCC	klasa 1: 33	klasa 0: 10	razem: 43
regex 28:	A.G.AT	klasa 1: 36	klasa 0: 6	razem: 42
regex 107:	G..GTG	klasa 1: 3	klasa 0: 38	razem: 41
regex 82:	A.G.CA	klasa 1: 26	klasa 0: 13	razem: 39
regex 75:	AA.GG.	klasa 1: 27	klasa 0: 12	razem: 39
regex 52:	AA.AG.	klasa 1: 28	klasa 0: 9	razem: 37
regex 23:	A[GCA]GTA[CTA]	klasa 1: 32	klasa 0: 4	razem: 36
regex 59:	.A.TAT	klasa 1: 26	klasa 0: 9	razem: 35
regex 95:	.AGA.C	klasa 1: 21	klasa 0: 13	razem: 34
regex 83:	A.G.CT	klasa 1: 22	klasa 0: 11	razem: 33
regex 90:	A.GG.G	klasa 1: 21	klasa 0: 12	razem: 33
regex 79:	AGGT.	klasa 1: 22	klasa 0: 10	razem: 32
regex 98:	GA..AT	klasa 1: 19	klasa 0: 12	razem: 31
regex 43:	A.GCA.	klasa 1: 24	klasa 0: 6	razem: 30
regex 53:	AGG[TGC][TCA][TC]	klasa 1: 22	klasa 0: 7	razem: 29
regex 94:	AA.A.T	klasa 1: 18	klasa 0: 11	razem: 29
regex 69:	.AGCG.	klasa 1: 20	klasa 0: 8	razem: 28
regex 38:	AA..TA	klasa 1: 22	klasa 0: 5	razem: 27
regex 100:	GG.CG.	klasa 1: 0	klasa 0: 27	razem: 27
regex 9:	GAGT[CA]T	klasa 1: 26	klasa 0: 1	razem: 27
regex 55:	AA.TC.	klasa 1: 19	klasa 0: 6	razem: 25
regex 91:	[TA]A[ACG][AGC]AC	klasa 1: 16	klasa 0: 9	razem: 25
regex 56:	..GTAC	klasa 1: 19	klasa 0: 6	razem: 25
regex 57:	A.GC.G	klasa 1: 19	klasa 0: 6	razem: 25
regex 19:	AAGAG.	klasa 1: 22	klasa 0: 2	razem: 24
regex 20:	.A.TAG	klasa 1: 22	klasa 0: 2	razem: 24
regex 77:	.AGAC.	klasa 1: 16	klasa 0: 7	razem: 23
regex 66:	AT.TA.	klasa 1: 16	klasa 0: 6	razem: 22
regex 93:	A..TCC	klasa 1: 14	klasa 0: 8	razem: 22
regex 85:	AGG..G	klasa 1: 14	klasa 0: 7	razem: 21
regex 12:	AAGGC.	klasa 1: 19	klasa 0: 1	razem: 20
regex 76:	A.GAC.	klasa 1: 14	klasa 0: 6	razem: 20
regex 33:	.A.TAC	klasa 1: 17	klasa 0: 3	razem: 20
regex 35:	A..TAC	klasa 1: 16	klasa 0: 3	razem: 19
regex 81:	GA.TCC	klasa 1: 13	klasa 0: 6	razem: 19
regex 104:	T.C.CT	klasa 1: 0	klasa 0: 17	razem: 17
regex 97:	AAC.A.	klasa 1: 10	klasa 0: 6	razem: 16
regex 42:	GAG.TT	klasa 1: 13	klasa 0: 3	razem: 16
regex 8:	A[GA]GTGG	klasa 1: 15	klasa 0: 0	razem: 15
regex 86:	.AGAAA	klasa 1: 10	klasa 0: 5	razem: 15
regex 72:	GCGT..	klasa 1: 10	klasa 0: 4	razem: 14
regex 54:	GAGAT	klasa 1: 10	klasa 0: 3	razem: 13
regex 109:	GC..TT	klasa 1: 1	klasa 0: 12	razem: 13
regex 21:	GAGTCT	klasa 1: 12	klasa 0: 1	razem: 13
regex 36:	AA.TTC	klasa 1: 11	klasa 0: 2	razem: 13
regex 68:	AA.GGG	klasa 1: 8	klasa 0: 3	razem: 11
regex 40:	AAGAAA	klasa 1: 9	klasa 0: 2	razem: 11
regex 45:	AGG.AC	klasa 1: 8	klasa 0: 2	razem: 10
regex 46:	AA.AGC	klasa 1: 8	klasa 0: 2	razem: 10
regex 87:	A..GTA	klasa 1: 6	klasa 0: 3	razem: 9
regex 27:	AGG[CTA]AC	klasa 1: 8	klasa 0: 1	razem: 9
regex 31:	A.GGCC	klasa 1: 7	klasa 0: 1	razem: 8
regex 99:	AGGTA	klasa 1: 5	klasa 0: 3	razem: 8
--- Selecting top regexes ---
Adding 10 new regexes from index 2030
Saved 110 regexes to input_data/regex_donor.txt
