--- Running main.py (iteration 6) ---
Przed balansowaniem: Counter({np.int64(0): 4140, np.int64(1): 1116})
Bez oversamplingu: utrzymano oryginalny rozkład klas.

=== Using: Custom DecisionTree ===

Test performance:
Accuracy:  0.873
Precision: 0.709
Recall:    0.677
AUC:       0.880

=== Classification report ===
              precision    recall  f1-score   support

           0      0.914     0.925     0.920       829
           1      0.709     0.677     0.693       223

    accuracy                          0.873      1052
   macro avg      0.812     0.801     0.806      1052
weighted avg      0.871     0.873     0.872      1052


Tekstowa ilustracja drzewa decyzyjnego (custom):
--- Evaluating regex performance ---

100 regexów najczęściej dopasowanych dla klasy 1:

regex 3:	G.G	466
regex 90:	A.G	426
regex 2:	GA.	399
regex 0:	AA.	379
regex 11:	..G..G	260
regex 1:	GA.T..	209
regex 29:	G....C	142
regex 34:	G....T	117
regex 20:	A...C.	108
regex 4:	A.G..T	104
regex 39:	G...A.	104
regex 35:	....AG	101
regex 30:	...TT.	99
regex 16:	G.G.A.	97
regex 99:	A[CG][GT]	88
regex 31:	G.GG..	80
regex 94:	AG.	71
regex 27:	AG[CGA]	68
regex 96:	[AG]A[CA]	67
regex 42:	G...GG	65
regex 21:	G.G.GG	61
regex 22:	..G.CT	60
regex 38:	A.A	56
regex 18:	ATG	55
regex 17:	ATG...	55
regex 15:	..G.AC	53
regex 26:	...TGA	51
regex 19:	.A.C.G	49
regex 33:	..GG.G	49
regex 5:	GA.T.C	49
regex 44:	AC.	45
regex 79:	GG.	45
regex 25:	A...GA	36
regex 43:	.GG..T	33
regex 7:	.A.TGC	32
regex 83:	[TC][AC][TGA]	31
regex 78:	GC.	31
regex 36:	[GTA]CG	31
regex 48:	G..G.C	31
regex 77:	GC....	31
regex 93:	[CAG]C[AC]	31
regex 60:	...AT.	30
regex 49:	G..CC.	30
regex 97:	C.G	27
regex 86:	[ATC][GCT]T	26
regex 68:	.AT	24
regex 72:	.AC	24
regex 12:	A..TGG	23
regex 64:	G...TG	21
regex 37:	AT...A	21
regex 80:	CA.	21
regex 54:	.TG..C	19
regex 40:	...TAA	18
regex 28:	AG...G	18
regex 57:	.G..CC	17
regex 56:	...AGA	17
regex 6:	AT.TA.	16
regex 88:	.CC	16
regex 92:	GT.	16
regex 32:	A.C..C	16
regex 63:	.AAG..	16
regex 81:	[TGA]CA	15
regex 59:	...AAG	15
regex 85:	.CA	15
regex 45:	AG...T	14
regex 84:	[TCA]CT	14
regex 14:	GAGG.A	14
regex 71:	...CTG	13
regex 53:	...AAT	12
regex 50:	.G..AC	12
regex 47:	.AAT..	12
regex 75:	.T..GC	10
regex 9:	GCGT..	10
regex 10:	.AGAAA	10
regex 91:	[TCA]CC	10
regex 24:	A.A.TT	9
regex 89:	G.A	9
regex 74:	.G..TT	9
regex 13:	GA..CG	9
regex 67:	A.C.G.	9
regex 73:	.G.T.A	9
regex 8:	AA.GGG	8
regex 70:	A.T..T	8
regex 65:	AC.T..	8
regex 76:	.T.TC.	8
regex 23:	G.GTTT	7
regex 46:	.GGCC.	7
regex 58:	A.TA..	7
regex 51:	TAG	7
regex 41:	.CG..T	6
regex 55:	GTGC..	6
regex 66:	AGC	6
regex 82:	TTG	6
regex 69:	.G.TGG	6
regex 52:	.GGC.T	5
regex 62:	G..AGA	5
regex 61:	..ACG.	5
regex 87:	GCA	5
regex 95:	T.C	0
regex 98:	TTC	0

100 regexów najczęściej dopasowanych dla klasy 0:

regex 79:	GG.	670
regex 83:	[TC][AC][TGA]	646
regex 86:	[ATC][GCT]T	550
regex 3:	G.G	526
regex 93:	[CAG]C[AC]	456
regex 34:	G....T	397
regex 89:	G.A	396
regex 29:	G....C	390
regex 39:	G...A.	388
regex 77:	GC....	364
regex 78:	GC.	364
regex 92:	GT.	352
regex 11:	..G..G	346
regex 88:	.CC	332
regex 35:	....AG	317
regex 2:	GA.	316
regex 80:	CA.	266
regex 85:	.CA	257
regex 97:	C.G	248
regex 30:	...TT.	237
regex 95:	T.C	232
regex 96:	[AG]A[CA]	231
regex 84:	[TCA]CT	226
regex 42:	G...GG	222
regex 91:	[TCA]CC	220
regex 81:	[TGA]CA	195
regex 72:	.AC	191
regex 31:	G.GG..	187
regex 68:	.AT	172
regex 60:	...AT.	172
regex 38:	A.A	161
regex 44:	AC.	149
regex 94:	AG.	148
regex 90:	A.G	137
regex 20:	A...C.	135
regex 0:	AA.	133
regex 99:	A[CG][GT]	124
regex 64:	G...TG	124
regex 48:	G..G.C	119
regex 27:	AG[CGA]	119
regex 49:	G..CC.	119
regex 33:	..GG.G	117
regex 16:	G.G.A.	110
regex 43:	.GG..T	100
regex 71:	...CTG	92
regex 63:	.AAG..	87
regex 54:	.TG..C	85
regex 87:	GCA	84
regex 75:	.T..GC	84
regex 26:	...TGA	83
regex 57:	.G..CC	82
regex 56:	...AGA	81
regex 98:	TTC	78
regex 59:	...AAG	75
regex 82:	TTG	75
regex 36:	[GTA]CG	72
regex 74:	.G..TT	70
regex 21:	G.G.GG	70
regex 22:	..G.CT	69
regex 76:	.T.TC.	69
regex 1:	GA.T..	65
regex 73:	.G.T.A	64
regex 67:	A.C.G.	57
regex 17:	ATG...	55
regex 18:	ATG	55
regex 70:	A.T..T	53
regex 19:	.A.C.G	48
regex 53:	...AAT	48
regex 37:	AT...A	47
regex 65:	AC.T..	46
regex 40:	...TAA	45
regex 25:	A...GA	45
regex 50:	.G..AC	44
regex 45:	AG...T	44
regex 15:	..G.AC	44
regex 47:	.AAT..	41
regex 69:	.G.TGG	39
regex 4:	A.G..T	38
regex 66:	AGC	36
regex 58:	A.TA..	33
regex 32:	A.C..C	33
regex 28:	AG...G	27
regex 55:	GTGC..	26
regex 62:	G..AGA	25
regex 61:	..ACG.	25
regex 51:	TAG	25
regex 46:	.GGCC.	22
regex 52:	.GGC.T	19
regex 5:	GA.T.C	18
regex 12:	A..TGG	16
regex 41:	.CG..T	15
regex 7:	.A.TGC	13
regex 14:	GAGG.A	10
regex 24:	A.A.TT	10
regex 23:	G.GTTT	7
regex 6:	AT.TA.	6
regex 13:	GA..CG	6
regex 10:	.AGAAA	5
regex 9:	GCGT..	4
regex 8:	AA.GGG	3

100 regexów z największą łączną liczbą dopasowań (klasa 1 + 0):

regex 3:	G.G	klasa 1: 466	klasa 0: 526	razem: 992
regex 2:	GA.	klasa 1: 399	klasa 0: 316	razem: 715
regex 79:	GG.	klasa 1: 45	klasa 0: 670	razem: 715
regex 83:	[TC][AC][TGA]	klasa 1: 31	klasa 0: 646	razem: 677
regex 11:	..G..G	klasa 1: 260	klasa 0: 346	razem: 606
regex 86:	[ATC][GCT]T	klasa 1: 26	klasa 0: 550	razem: 576
regex 90:	A.G	klasa 1: 426	klasa 0: 137	razem: 563
regex 29:	G....C	klasa 1: 142	klasa 0: 390	razem: 532
regex 34:	G....T	klasa 1: 117	klasa 0: 397	razem: 514
regex 0:	AA.	klasa 1: 379	klasa 0: 133	razem: 512
regex 39:	G...A.	klasa 1: 104	klasa 0: 388	razem: 492
regex 93:	[CAG]C[AC]	klasa 1: 31	klasa 0: 456	razem: 487
regex 35:	....AG	klasa 1: 101	klasa 0: 317	razem: 418
regex 89:	G.A	klasa 1: 9	klasa 0: 396	razem: 405
regex 77:	GC....	klasa 1: 31	klasa 0: 364	razem: 395
regex 78:	GC.	klasa 1: 31	klasa 0: 364	razem: 395
regex 92:	GT.	klasa 1: 16	klasa 0: 352	razem: 368
regex 88:	.CC	klasa 1: 16	klasa 0: 332	razem: 348
regex 30:	...TT.	klasa 1: 99	klasa 0: 237	razem: 336
regex 96:	[AG]A[CA]	klasa 1: 67	klasa 0: 231	razem: 298
regex 42:	G...GG	klasa 1: 65	klasa 0: 222	razem: 287
regex 80:	CA.	klasa 1: 21	klasa 0: 266	razem: 287
regex 97:	C.G	klasa 1: 27	klasa 0: 248	razem: 275
regex 1:	GA.T..	klasa 1: 209	klasa 0: 65	razem: 274
regex 85:	.CA	klasa 1: 15	klasa 0: 257	razem: 272
regex 31:	G.GG..	klasa 1: 80	klasa 0: 187	razem: 267
regex 20:	A...C.	klasa 1: 108	klasa 0: 135	razem: 243
regex 84:	[TCA]CT	klasa 1: 14	klasa 0: 226	razem: 240
regex 95:	T.C	klasa 1: 0	klasa 0: 232	razem: 232
regex 91:	[TCA]CC	klasa 1: 10	klasa 0: 220	razem: 230
regex 94:	AG.	klasa 1: 71	klasa 0: 148	razem: 219
regex 38:	A.A	klasa 1: 56	klasa 0: 161	razem: 217
regex 72:	.AC	klasa 1: 24	klasa 0: 191	razem: 215
regex 99:	A[CG][GT]	klasa 1: 88	klasa 0: 124	razem: 212
regex 81:	[TGA]CA	klasa 1: 15	klasa 0: 195	razem: 210
regex 16:	G.G.A.	klasa 1: 97	klasa 0: 110	razem: 207
regex 60:	...AT.	klasa 1: 30	klasa 0: 172	razem: 202
regex 68:	.AT	klasa 1: 24	klasa 0: 172	razem: 196
regex 44:	AC.	klasa 1: 45	klasa 0: 149	razem: 194
regex 27:	AG[CGA]	klasa 1: 68	klasa 0: 119	razem: 187
regex 33:	..GG.G	klasa 1: 49	klasa 0: 117	razem: 166
regex 48:	G..G.C	klasa 1: 31	klasa 0: 119	razem: 150
regex 49:	G..CC.	klasa 1: 30	klasa 0: 119	razem: 149
regex 64:	G...TG	klasa 1: 21	klasa 0: 124	razem: 145
regex 4:	A.G..T	klasa 1: 104	klasa 0: 38	razem: 142
regex 26:	...TGA	klasa 1: 51	klasa 0: 83	razem: 134
regex 43:	.GG..T	klasa 1: 33	klasa 0: 100	razem: 133
regex 21:	G.G.GG	klasa 1: 61	klasa 0: 70	razem: 131
regex 22:	..G.CT	klasa 1: 60	klasa 0: 69	razem: 129
regex 18:	ATG	klasa 1: 55	klasa 0: 55	razem: 110
regex 17:	ATG...	klasa 1: 55	klasa 0: 55	razem: 110
regex 71:	...CTG	klasa 1: 13	klasa 0: 92	razem: 105
regex 54:	.TG..C	klasa 1: 19	klasa 0: 85	razem: 104
regex 63:	.AAG..	klasa 1: 16	klasa 0: 87	razem: 103
regex 36:	[GTA]CG	klasa 1: 31	klasa 0: 72	razem: 103
regex 57:	.G..CC	klasa 1: 17	klasa 0: 82	razem: 99
regex 56:	...AGA	klasa 1: 17	klasa 0: 81	razem: 98
regex 15:	..G.AC	klasa 1: 53	klasa 0: 44	razem: 97
regex 19:	.A.C.G	klasa 1: 49	klasa 0: 48	razem: 97
regex 75:	.T..GC	klasa 1: 10	klasa 0: 84	razem: 94
regex 59:	...AAG	klasa 1: 15	klasa 0: 75	razem: 90
regex 87:	GCA	klasa 1: 5	klasa 0: 84	razem: 89
regex 82:	TTG	klasa 1: 6	klasa 0: 75	razem: 81
regex 25:	A...GA	klasa 1: 36	klasa 0: 45	razem: 81
regex 74:	.G..TT	klasa 1: 9	klasa 0: 70	razem: 79
regex 98:	TTC	klasa 1: 0	klasa 0: 78	razem: 78
regex 76:	.T.TC.	klasa 1: 8	klasa 0: 69	razem: 77
regex 73:	.G.T.A	klasa 1: 9	klasa 0: 64	razem: 73
regex 37:	AT...A	klasa 1: 21	klasa 0: 47	razem: 68
regex 5:	GA.T.C	klasa 1: 49	klasa 0: 18	razem: 67
regex 67:	A.C.G.	klasa 1: 9	klasa 0: 57	razem: 66
regex 40:	...TAA	klasa 1: 18	klasa 0: 45	razem: 63
regex 70:	A.T..T	klasa 1: 8	klasa 0: 53	razem: 61
regex 53:	...AAT	klasa 1: 12	klasa 0: 48	razem: 60
regex 45:	AG...T	klasa 1: 14	klasa 0: 44	razem: 58
regex 50:	.G..AC	klasa 1: 12	klasa 0: 44	razem: 56
regex 65:	AC.T..	klasa 1: 8	klasa 0: 46	razem: 54
regex 47:	.AAT..	klasa 1: 12	klasa 0: 41	razem: 53
regex 32:	A.C..C	klasa 1: 16	klasa 0: 33	razem: 49
regex 28:	AG...G	klasa 1: 18	klasa 0: 27	razem: 45
regex 69:	.G.TGG	klasa 1: 6	klasa 0: 39	razem: 45
regex 7:	.A.TGC	klasa 1: 32	klasa 0: 13	razem: 45
regex 66:	AGC	klasa 1: 6	klasa 0: 36	razem: 42
regex 58:	A.TA..	klasa 1: 7	klasa 0: 33	razem: 40
regex 12:	A..TGG	klasa 1: 23	klasa 0: 16	razem: 39
regex 55:	GTGC..	klasa 1: 6	klasa 0: 26	razem: 32
regex 51:	TAG	klasa 1: 7	klasa 0: 25	razem: 32
regex 62:	G..AGA	klasa 1: 5	klasa 0: 25	razem: 30
regex 61:	..ACG.	klasa 1: 5	klasa 0: 25	razem: 30
regex 46:	.GGCC.	klasa 1: 7	klasa 0: 22	razem: 29
regex 52:	.GGC.T	klasa 1: 5	klasa 0: 19	razem: 24
regex 14:	GAGG.A	klasa 1: 14	klasa 0: 10	razem: 24
regex 6:	AT.TA.	klasa 1: 16	klasa 0: 6	razem: 22
regex 41:	.CG..T	klasa 1: 6	klasa 0: 15	razem: 21
regex 24:	A.A.TT	klasa 1: 9	klasa 0: 10	razem: 19
regex 10:	.AGAAA	klasa 1: 10	klasa 0: 5	razem: 15
regex 13:	GA..CG	klasa 1: 9	klasa 0: 6	razem: 15
regex 9:	GCGT..	klasa 1: 10	klasa 0: 4	razem: 14
regex 23:	G.GTTT	klasa 1: 7	klasa 0: 7	razem: 14
regex 8:	AA.GGG	klasa 1: 8	klasa 0: 3	razem: 11
--- Selecting top regexes ---
Adding 10 new regexes from index 50
Saved 108 regexes to input_data/regex_donor.txt
