--- Running main.py (iteration 27) ---
Przed balansowaniem: Counter({np.int64(0): 4140, np.int64(1): 1116})
Bez oversamplingu: utrzymano oryginalny rozkład klas.

=== Using: Custom DecisionTree ===

Test performance:
Accuracy:  0.880
Precision: 0.705
Recall:    0.749
AUC:       0.866

=== Classification report ===
              precision    recall  f1-score   support

           0      0.931     0.916     0.923       829
           1      0.705     0.749     0.726       223

    accuracy                          0.880      1052
   macro avg      0.818     0.832     0.825      1052
weighted avg      0.883     0.880     0.882      1052


Tekstowa ilustracja drzewa decyzyjnego (custom):
--- Evaluating regex performance ---

100 regexów najczęściej dopasowanych dla klasy 1:

regex 0:	.AG	714
regex 9:	G.G	466
regex 3:	A.G	426
regex 11:	[CA][TA][TG]	407
regex 7:	GA.	399
regex 2:	GAG.	388
regex 4:	AA.	379
regex 1:	AAG.	300
regex 23:	..G..G	260
regex 8:	G[CA][AGT]T	216
regex 6:	GA.T..	209
regex 109:	[TCA][ACG][GC]T	182
regex 105:	[TGA][AG][AG]G	173
regex 5:	AA.T	151
regex 56:	G....C	142
regex 15:	.AGG	140
regex 13:	.AGC	121
regex 66:	G....T	117
regex 68:	.GG	116
regex 32:	A...C.	108
regex 59:	[AG][CG]G[AGT]	107
regex 10:	A.G..T	104
regex 75:	G...A.	104
regex 67:	....AG	101
regex 58:	...TT.	99
regex 28:	G.G.A.	97
regex 38:	A[CG][GT]	88
regex 71:	G[AGT][TCG]C	87
regex 19:	A.GA	82
regex 89:	.TG	81
regex 61:	G.GG..	80
regex 104:	AA.A	78
regex 43:	GA.G	73
regex 57:	AG.	71
regex 108:	[TAC][AT][AGC]C	71
regex 21:	[CA]AGG	69
regex 48:	AG[CGA]	68
regex 12:	A.GC	68
regex 97:	[GCA]A[CA]	68
regex 78:	[AG]A[CA]	67
regex 79:	G...GG	65
regex 34:	G.G.GG	61
regex 35:	..G.CT	60
regex 73:	A.A	56
regex 30:	ATG...	55
regex 29:	ATG	55
regex 27:	..G.AC	53
regex 46:	...TGA	51
regex 62:	G.GA	51
regex 60:	.TGT	50
regex 31:	.A.C.G	49
regex 14:	GA.T.C	49
regex 65:	..GG.G	49
regex 82:	AC.	45
regex 36:	AT.T	44
regex 85:	A.T	44
regex 47:	GA.A	43
regex 87:	A.C	42
regex 33:	AAA.	41
regex 42:	A...GA	36
regex 80:	.GG..T	33
regex 17:	.A.TGC	32
regex 93:	G..G.C	31
regex 69:	[GTA]CG	31
regex 94:	G..CC.	30
regex 107:	AG.T	27
regex 24:	A..TGG	23
regex 102:	[AT]A[TA]G	22
regex 70:	AT...A	21
regex 72:	GCG	19
regex 63:	AAT	19
regex 49:	AAC.	19
regex 50:	AG...G	18
regex 76:	...TAA	18
regex 52:	AG.C	17
regex 83:	T.GT	16
regex 64:	A.C..C	16
regex 16:	AT.TA.	16
regex 74:	A.TG	16
regex 91:	[CA][GAC]AT	15
regex 26:	GAGG.A	14
regex 88:	AG...T	14
regex 81:	AC.G	14
regex 84:	ACT	14
regex 44:	AGGG	13
regex 100:	[ATG]CT[GAC]	12
regex 55:	.CGT	12
regex 99:	...AAT	12
regex 92:	.AAT..	12
regex 51:	AAC[AT]	12
regex 95:	.G..AC	12
regex 39:	ACG	11
regex 86:	C.GT	11
regex 40:	ACG.	11
regex 22:	.AGAAA	10
regex 20:	GCGT..	10
regex 25:	GA..CG	9
regex 41:	A.A.TT	9
regex 18:	AA.GGG	8
regex 45:	AATG	8

100 regexów najczęściej dopasowanych dla klasy 0:

regex 9:	G.G	526
regex 11:	[CA][TA][TG]	489
regex 68:	.GG	398
regex 66:	G....T	397
regex 56:	G....C	390
regex 75:	G...A.	388
regex 89:	.TG	374
regex 97:	[GCA]A[CA]	363
regex 105:	[TGA][AG][AG]G	347
regex 23:	..G..G	346
regex 67:	....AG	317
regex 7:	GA.	316
regex 59:	[AG][CG]G[AGT]	269
regex 71:	G[AGT][TCG]C	264
regex 58:	...TT.	237
regex 108:	[TAC][AT][AGC]C	232
regex 78:	[AG]A[CA]	231
regex 0:	.AG	228
regex 79:	G...GG	222
regex 109:	[TCA][ACG][GC]T	204
regex 100:	[ATG]CT[GAC]	194
regex 61:	G.GG..	187
regex 73:	A.A	161
regex 103:	.CTG	153
regex 85:	A.T	150
regex 82:	AC.	149
regex 57:	AG.	148
regex 87:	A.C	146
regex 101:	G.CC	145
regex 3:	A.G	137
regex 32:	A...C.	135
regex 4:	AA.	133
regex 38:	A[CG][GT]	124
regex 94:	G..CC.	119
regex 93:	G..G.C	119
regex 48:	AG[CGA]	119
regex 65:	..GG.G	117
regex 28:	G.G.A.	110
regex 62:	G.GA	107
regex 43:	GA.G	106
regex 60:	.TGT	101
regex 80:	.GG..T	100
regex 2:	GAG.	98
regex 8:	G[CA][AGT]T	84
regex 46:	...TGA	83
regex 15:	.AGG	81
regex 69:	[GTA]CG	72
regex 34:	G.G.GG	70
regex 35:	..G.CT	69
regex 47:	GA.A	68
regex 6:	GA.T..	65
regex 13:	.AGC	56
regex 29:	ATG	55
regex 30:	ATG...	55
regex 91:	[CA][GAC]AT	50
regex 36:	AT.T	49
regex 31:	.A.C.G	48
regex 99:	...AAT	48
regex 83:	T.GT	47
regex 70:	AT...A	47
regex 72:	GCG	46
regex 76:	...TAA	45
regex 42:	A...GA	45
regex 95:	.G..AC	44
regex 104:	AA.A	44
regex 88:	AG...T	44
regex 27:	..G.AC	44
regex 19:	A.GA	44
regex 107:	AG.T	44
regex 33:	AAA.	41
regex 92:	.AAT..	41
regex 84:	ACT	41
regex 74:	A.TG	39
regex 81:	AC.G	39
regex 10:	A.G..T	38
regex 21:	[CA]AGG	38
regex 63:	AAT	36
regex 102:	[AT]A[TA]G	35
regex 64:	A.C..C	33
regex 86:	C.GT	32
regex 5:	AA.T	31
regex 1:	AAG.	28
regex 49:	AAC.	28
regex 50:	AG...G	27
regex 52:	AG.C	26
regex 96:	TAG	25
regex 106:	CTGC	24
regex 12:	A.GC	24
regex 90:	.GGCC.	22
regex 55:	.CGT	19
regex 98:	.GGC.T	19
regex 51:	AAC[AT]	18
regex 14:	GA.T.C	18
regex 44:	AGGG	16
regex 24:	A..TGG	16
regex 77:	.CG..T	15
regex 17:	.A.TGC	13
regex 39:	ACG	12
regex 40:	ACG.	12
regex 26:	GAGG.A	10

100 regexów z największą łączną liczbą dopasowań (klasa 1 + 0):

regex 9:	G.G	klasa 1: 466	klasa 0: 526	razem: 992
regex 0:	.AG	klasa 1: 714	klasa 0: 228	razem: 942
regex 11:	[CA][TA][TG]	klasa 1: 407	klasa 0: 489	razem: 896
regex 7:	GA.	klasa 1: 399	klasa 0: 316	razem: 715
regex 23:	..G..G	klasa 1: 260	klasa 0: 346	razem: 606
regex 3:	A.G	klasa 1: 426	klasa 0: 137	razem: 563
regex 56:	G....C	klasa 1: 142	klasa 0: 390	razem: 532
regex 105:	[TGA][AG][AG]G	klasa 1: 173	klasa 0: 347	razem: 520
regex 68:	.GG	klasa 1: 116	klasa 0: 398	razem: 514
regex 66:	G....T	klasa 1: 117	klasa 0: 397	razem: 514
regex 4:	AA.	klasa 1: 379	klasa 0: 133	razem: 512
regex 75:	G...A.	klasa 1: 104	klasa 0: 388	razem: 492
regex 2:	GAG.	klasa 1: 388	klasa 0: 98	razem: 486
regex 89:	.TG	klasa 1: 81	klasa 0: 374	razem: 455
regex 97:	[GCA]A[CA]	klasa 1: 68	klasa 0: 363	razem: 431
regex 67:	....AG	klasa 1: 101	klasa 0: 317	razem: 418
regex 109:	[TCA][ACG][GC]T	klasa 1: 182	klasa 0: 204	razem: 386
regex 59:	[AG][CG]G[AGT]	klasa 1: 107	klasa 0: 269	razem: 376
regex 71:	G[AGT][TCG]C	klasa 1: 87	klasa 0: 264	razem: 351
regex 58:	...TT.	klasa 1: 99	klasa 0: 237	razem: 336
regex 1:	AAG.	klasa 1: 300	klasa 0: 28	razem: 328
regex 108:	[TAC][AT][AGC]C	klasa 1: 71	klasa 0: 232	razem: 303
regex 8:	G[CA][AGT]T	klasa 1: 216	klasa 0: 84	razem: 300
regex 78:	[AG]A[CA]	klasa 1: 67	klasa 0: 231	razem: 298
regex 79:	G...GG	klasa 1: 65	klasa 0: 222	razem: 287
regex 6:	GA.T..	klasa 1: 209	klasa 0: 65	razem: 274
regex 61:	G.GG..	klasa 1: 80	klasa 0: 187	razem: 267
regex 32:	A...C.	klasa 1: 108	klasa 0: 135	razem: 243
regex 15:	.AGG	klasa 1: 140	klasa 0: 81	razem: 221
regex 57:	AG.	klasa 1: 71	klasa 0: 148	razem: 219
regex 73:	A.A	klasa 1: 56	klasa 0: 161	razem: 217
regex 38:	A[CG][GT]	klasa 1: 88	klasa 0: 124	razem: 212
regex 28:	G.G.A.	klasa 1: 97	klasa 0: 110	razem: 207
regex 100:	[ATG]CT[GAC]	klasa 1: 12	klasa 0: 194	razem: 206
regex 82:	AC.	klasa 1: 45	klasa 0: 149	razem: 194
regex 85:	A.T	klasa 1: 44	klasa 0: 150	razem: 194
regex 87:	A.C	klasa 1: 42	klasa 0: 146	razem: 188
regex 48:	AG[CGA]	klasa 1: 68	klasa 0: 119	razem: 187
regex 5:	AA.T	klasa 1: 151	klasa 0: 31	razem: 182
regex 43:	GA.G	klasa 1: 73	klasa 0: 106	razem: 179
regex 13:	.AGC	klasa 1: 121	klasa 0: 56	razem: 177
regex 65:	..GG.G	klasa 1: 49	klasa 0: 117	razem: 166
regex 62:	G.GA	klasa 1: 51	klasa 0: 107	razem: 158
regex 103:	.CTG	klasa 1: 5	klasa 0: 153	razem: 158
regex 60:	.TGT	klasa 1: 50	klasa 0: 101	razem: 151
regex 93:	G..G.C	klasa 1: 31	klasa 0: 119	razem: 150
regex 94:	G..CC.	klasa 1: 30	klasa 0: 119	razem: 149
regex 101:	G.CC	klasa 1: 2	klasa 0: 145	razem: 147
regex 10:	A.G..T	klasa 1: 104	klasa 0: 38	razem: 142
regex 46:	...TGA	klasa 1: 51	klasa 0: 83	razem: 134
regex 80:	.GG..T	klasa 1: 33	klasa 0: 100	razem: 133
regex 34:	G.G.GG	klasa 1: 61	klasa 0: 70	razem: 131
regex 35:	..G.CT	klasa 1: 60	klasa 0: 69	razem: 129
regex 19:	A.GA	klasa 1: 82	klasa 0: 44	razem: 126
regex 104:	AA.A	klasa 1: 78	klasa 0: 44	razem: 122
regex 47:	GA.A	klasa 1: 43	klasa 0: 68	razem: 111
regex 29:	ATG	klasa 1: 55	klasa 0: 55	razem: 110
regex 30:	ATG...	klasa 1: 55	klasa 0: 55	razem: 110
regex 21:	[CA]AGG	klasa 1: 69	klasa 0: 38	razem: 107
regex 69:	[GTA]CG	klasa 1: 31	klasa 0: 72	razem: 103
regex 27:	..G.AC	klasa 1: 53	klasa 0: 44	razem: 97
regex 31:	.A.C.G	klasa 1: 49	klasa 0: 48	razem: 97
regex 36:	AT.T	klasa 1: 44	klasa 0: 49	razem: 93
regex 12:	A.GC	klasa 1: 68	klasa 0: 24	razem: 92
regex 33:	AAA.	klasa 1: 41	klasa 0: 41	razem: 82
regex 42:	A...GA	klasa 1: 36	klasa 0: 45	razem: 81
regex 107:	AG.T	klasa 1: 27	klasa 0: 44	razem: 71
regex 70:	AT...A	klasa 1: 21	klasa 0: 47	razem: 68
regex 14:	GA.T.C	klasa 1: 49	klasa 0: 18	razem: 67
regex 72:	GCG	klasa 1: 19	klasa 0: 46	razem: 65
regex 91:	[CA][GAC]AT	klasa 1: 15	klasa 0: 50	razem: 65
regex 83:	T.GT	klasa 1: 16	klasa 0: 47	razem: 63
regex 76:	...TAA	klasa 1: 18	klasa 0: 45	razem: 63
regex 99:	...AAT	klasa 1: 12	klasa 0: 48	razem: 60
regex 88:	AG...T	klasa 1: 14	klasa 0: 44	razem: 58
regex 102:	[AT]A[TA]G	klasa 1: 22	klasa 0: 35	razem: 57
regex 95:	.G..AC	klasa 1: 12	klasa 0: 44	razem: 56
regex 84:	ACT	klasa 1: 14	klasa 0: 41	razem: 55
regex 74:	A.TG	klasa 1: 16	klasa 0: 39	razem: 55
regex 63:	AAT	klasa 1: 19	klasa 0: 36	razem: 55
regex 92:	.AAT..	klasa 1: 12	klasa 0: 41	razem: 53
regex 81:	AC.G	klasa 1: 14	klasa 0: 39	razem: 53
regex 64:	A.C..C	klasa 1: 16	klasa 0: 33	razem: 49
regex 49:	AAC.	klasa 1: 19	klasa 0: 28	razem: 47
regex 50:	AG...G	klasa 1: 18	klasa 0: 27	razem: 45
regex 17:	.A.TGC	klasa 1: 32	klasa 0: 13	razem: 45
regex 86:	C.GT	klasa 1: 11	klasa 0: 32	razem: 43
regex 52:	AG.C	klasa 1: 17	klasa 0: 26	razem: 43
regex 24:	A..TGG	klasa 1: 23	klasa 0: 16	razem: 39
regex 96:	TAG	klasa 1: 7	klasa 0: 25	razem: 32
regex 55:	.CGT	klasa 1: 12	klasa 0: 19	razem: 31
regex 51:	AAC[AT]	klasa 1: 12	klasa 0: 18	razem: 30
regex 90:	.GGCC.	klasa 1: 7	klasa 0: 22	razem: 29
regex 44:	AGGG	klasa 1: 13	klasa 0: 16	razem: 29
regex 106:	CTGC	klasa 1: 3	klasa 0: 24	razem: 27
regex 98:	.GGC.T	klasa 1: 5	klasa 0: 19	razem: 24
regex 26:	GAGG.A	klasa 1: 14	klasa 0: 10	razem: 24
regex 40:	ACG.	klasa 1: 11	klasa 0: 12	razem: 23
regex 39:	ACG	klasa 1: 11	klasa 0: 12	razem: 23
regex 16:	AT.TA.	klasa 1: 16	klasa 0: 6	razem: 22
--- Selecting top regexes ---
Adding 10 new regexes from index 260
Saved 110 regexes to input_data/regex_donor.txt
