--- Running main.py (iteration 13) ---
Przed balansowaniem: Counter({np.int64(0): 4140, np.int64(1): 1116})
Bez oversamplingu: utrzymano oryginalny rozkład klas.

=== Using: Custom DecisionTree ===

Test performance:
Accuracy:  0.875
Precision: 0.717
Recall:    0.682
AUC:       0.872

=== Classification report ===
              precision    recall  f1-score   support

           0      0.915     0.928     0.922       829
           1      0.717     0.682     0.699       223

    accuracy                          0.875      1052
   macro avg      0.816     0.805     0.810      1052
weighted avg      0.873     0.875     0.874      1052


Tekstowa ilustracja drzewa decyzyjnego (custom):
--- Evaluating regex performance ---

100 regexów najczęściej dopasowanych dla klasy 1:

regex 0:	.AG	714
regex 5:	G.G	466
regex 1:	A.G	426
regex 7:	[CA][TA][TG]	407
regex 4:	GA.	399
regex 2:	AA.	379
regex 14:	..G..G	260
regex 101:	G[CA][AGT]T	216
regex 3:	GA.T..	209
regex 100:	AA.T	151
regex 34:	G....C	142
regex 41:	G....T	117
regex 43:	.GG	116
regex 23:	A...C.	108
regex 6:	A.G..T	104
regex 48:	G...A.	104
regex 42:	....AG	101
regex 36:	...TT.	99
regex 19:	G.G.A.	97
regex 69:	[AGT]T[GTC]	92
regex 27:	A[CG][GT]	88
regex 59:	.TG	81
regex 37:	G.GG..	80
regex 35:	AG.	71
regex 66:	[GCA]A[CA]	68
regex 32:	AG[CGA]	68
regex 51:	[AG]A[CA]	67
regex 52:	G...GG	65
regex 24:	G.G.GG	61
regex 25:	..G.CT	60
regex 47:	A.A	56
regex 20:	ATG...	55
regex 21:	ATG	55
regex 18:	..G.AC	53
regex 31:	...TGA	51
regex 22:	.A.C.G	49
regex 40:	..GG.G	49
regex 8:	GA.T.C	49
regex 98:	[ATG][CTA]C	47
regex 71:	.AA	45
regex 54:	AC.	45
regex 56:	A.T	44
regex 85:	GG[GT]	43
regex 88:	[AC][ATC]T	43
regex 57:	A.C	42
regex 75:	[CT][GA]G	39
regex 30:	A...GA	36
regex 99:	G[TC][TG]	36
regex 53:	.GG..T	33
regex 10:	.A.TGC	32
regex 44:	[GTA]CG	31
regex 62:	G..G.C	31
regex 95:	[TA][TAG]T	30
regex 78:	...AT.	30
regex 63:	G..CC.	30
regex 96:	C.G	27
regex 87:	.AT	24
regex 92:	.AC	24
regex 94:	T.G	24
regex 15:	A..TGG	23
regex 45:	AT...A	21
regex 82:	G...TG	21
regex 70:	.TG..C	19
regex 46:	GCG	19
regex 38:	AAT	19
regex 33:	AG...G	18
regex 49:	...TAA	18
regex 74:	.G..CC	17
regex 73:	...AGA	17
regex 81:	.AAG..	16
regex 9:	AT.TA.	16
regex 39:	A.C..C	16
regex 77:	...AAG	15
regex 55:	ACT	14
regex 103:	AC.G	14
regex 58:	AG...T	14
regex 17:	GAGG.A	14
regex 91:	...CTG	13
regex 68:	...AAT	12
regex 64:	.G..AC	12
regex 61:	.AAT..	12
regex 28:	ACG	11
regex 13:	.AGAAA	10
regex 12:	GCGT..	10
regex 16:	GA..CG	9
regex 29:	A.A.TT	9
regex 86:	A.C.G.	9
regex 93:	.G.T.A	9
regex 97:	.G..TT	9
regex 11:	AA.GGG	8
regex 83:	AC.T..	8
regex 90:	A.T..T	8
regex 109:	ATT.	8
regex 26:	G.GTTT	7
regex 60:	.GGCC.	7
regex 76:	A.TA..	7
regex 65:	TAG	7
regex 50:	.CG..T	6
regex 89:	.G.TGG	6
regex 72:	GTGC..	6

100 regexów najczęściej dopasowanych dla klasy 0:

regex 69:	[AGT]T[GTC]	681
regex 98:	[ATG][CTA]C	554
regex 5:	G.G	526
regex 7:	[CA][TA][TG]	489
regex 43:	.GG	398
regex 41:	G....T	397
regex 34:	G....C	390
regex 48:	G...A.	388
regex 99:	G[TC][TG]	379
regex 59:	.TG	374
regex 88:	[AC][ATC]T	369
regex 66:	[GCA]A[CA]	363
regex 85:	GG[GT]	351
regex 14:	..G..G	346
regex 42:	....AG	317
regex 4:	GA.	316
regex 95:	[TA][TAG]T	274
regex 96:	C.G	248
regex 71:	.AA	238
regex 36:	...TT.	237
regex 51:	[AG]A[CA]	231
regex 0:	.AG	228
regex 52:	G...GG	222
regex 75:	[CT][GA]G	218
regex 94:	T.G	197
regex 92:	.AC	191
regex 37:	G.GG..	187
regex 78:	...AT.	172
regex 87:	.AT	172
regex 47:	A.A	161
regex 56:	A.T	150
regex 54:	AC.	149
regex 35:	AG.	148
regex 57:	A.C	146
regex 1:	A.G	137
regex 23:	A...C.	135
regex 2:	AA.	133
regex 27:	A[CG][GT]	124
regex 82:	G...TG	124
regex 63:	G..CC.	119
regex 32:	AG[CGA]	119
regex 62:	G..G.C	119
regex 40:	..GG.G	117
regex 19:	G.G.A.	110
regex 102:	C.CC	105
regex 107:	CT.C	102
regex 53:	.GG..T	100
regex 106:	.TCT	100
regex 91:	...CTG	92
regex 81:	.AAG..	87
regex 70:	.TG..C	85
regex 101:	G[CA][AGT]T	84
regex 31:	...TGA	83
regex 74:	.G..CC	82
regex 73:	...AGA	81
regex 77:	...AAG	75
regex 44:	[GTA]CG	72
regex 104:	G.TT	71
regex 24:	G.G.GG	70
regex 97:	.G..TT	70
regex 25:	..G.CT	69
regex 3:	GA.T..	65
regex 93:	.G.T.A	64
regex 86:	A.C.G.	57
regex 20:	ATG...	55
regex 21:	ATG	55
regex 90:	A.T..T	53
regex 68:	...AAT	48
regex 22:	.A.C.G	48
regex 45:	AT...A	47
regex 83:	AC.T..	46
regex 46:	GCG	46
regex 49:	...TAA	45
regex 30:	A...GA	45
regex 18:	..G.AC	44
regex 58:	AG...T	44
regex 64:	.G..AC	44
regex 109:	ATT.	44
regex 108:	AGA.	41
regex 55:	ACT	41
regex 61:	.AAT..	41
regex 103:	AC.G	39
regex 89:	.G.TGG	39
regex 6:	A.G..T	38
regex 38:	AAT	36
regex 84:	AGC	36
regex 76:	A.TA..	33
regex 39:	A.C..C	33
regex 100:	AA.T	31
regex 33:	AG...G	27
regex 72:	GTGC..	26
regex 79:	G..AGA	25
regex 80:	..ACG.	25
regex 65:	TAG	25
regex 60:	.GGCC.	22
regex 67:	.GGC.T	19
regex 8:	GA.T.C	18
regex 15:	A..TGG	16
regex 50:	.CG..T	15
regex 10:	.A.TGC	13

100 regexów z największą łączną liczbą dopasowań (klasa 1 + 0):

regex 5:	G.G	klasa 1: 466	klasa 0: 526	razem: 992
regex 0:	.AG	klasa 1: 714	klasa 0: 228	razem: 942
regex 7:	[CA][TA][TG]	klasa 1: 407	klasa 0: 489	razem: 896
regex 69:	[AGT]T[GTC]	klasa 1: 92	klasa 0: 681	razem: 773
regex 4:	GA.	klasa 1: 399	klasa 0: 316	razem: 715
regex 14:	..G..G	klasa 1: 260	klasa 0: 346	razem: 606
regex 98:	[ATG][CTA]C	klasa 1: 47	klasa 0: 554	razem: 601
regex 1:	A.G	klasa 1: 426	klasa 0: 137	razem: 563
regex 34:	G....C	klasa 1: 142	klasa 0: 390	razem: 532
regex 41:	G....T	klasa 1: 117	klasa 0: 397	razem: 514
regex 43:	.GG	klasa 1: 116	klasa 0: 398	razem: 514
regex 2:	AA.	klasa 1: 379	klasa 0: 133	razem: 512
regex 48:	G...A.	klasa 1: 104	klasa 0: 388	razem: 492
regex 59:	.TG	klasa 1: 81	klasa 0: 374	razem: 455
regex 66:	[GCA]A[CA]	klasa 1: 68	klasa 0: 363	razem: 431
regex 42:	....AG	klasa 1: 101	klasa 0: 317	razem: 418
regex 99:	G[TC][TG]	klasa 1: 36	klasa 0: 379	razem: 415
regex 88:	[AC][ATC]T	klasa 1: 43	klasa 0: 369	razem: 412
regex 85:	GG[GT]	klasa 1: 43	klasa 0: 351	razem: 394
regex 36:	...TT.	klasa 1: 99	klasa 0: 237	razem: 336
regex 95:	[TA][TAG]T	klasa 1: 30	klasa 0: 274	razem: 304
regex 101:	G[CA][AGT]T	klasa 1: 216	klasa 0: 84	razem: 300
regex 51:	[AG]A[CA]	klasa 1: 67	klasa 0: 231	razem: 298
regex 52:	G...GG	klasa 1: 65	klasa 0: 222	razem: 287
regex 71:	.AA	klasa 1: 45	klasa 0: 238	razem: 283
regex 96:	C.G	klasa 1: 27	klasa 0: 248	razem: 275
regex 3:	GA.T..	klasa 1: 209	klasa 0: 65	razem: 274
regex 37:	G.GG..	klasa 1: 80	klasa 0: 187	razem: 267
regex 75:	[CT][GA]G	klasa 1: 39	klasa 0: 218	razem: 257
regex 23:	A...C.	klasa 1: 108	klasa 0: 135	razem: 243
regex 94:	T.G	klasa 1: 24	klasa 0: 197	razem: 221
regex 35:	AG.	klasa 1: 71	klasa 0: 148	razem: 219
regex 47:	A.A	klasa 1: 56	klasa 0: 161	razem: 217
regex 92:	.AC	klasa 1: 24	klasa 0: 191	razem: 215
regex 27:	A[CG][GT]	klasa 1: 88	klasa 0: 124	razem: 212
regex 19:	G.G.A.	klasa 1: 97	klasa 0: 110	razem: 207
regex 78:	...AT.	klasa 1: 30	klasa 0: 172	razem: 202
regex 87:	.AT	klasa 1: 24	klasa 0: 172	razem: 196
regex 54:	AC.	klasa 1: 45	klasa 0: 149	razem: 194
regex 56:	A.T	klasa 1: 44	klasa 0: 150	razem: 194
regex 57:	A.C	klasa 1: 42	klasa 0: 146	razem: 188
regex 32:	AG[CGA]	klasa 1: 68	klasa 0: 119	razem: 187
regex 100:	AA.T	klasa 1: 151	klasa 0: 31	razem: 182
regex 40:	..GG.G	klasa 1: 49	klasa 0: 117	razem: 166
regex 62:	G..G.C	klasa 1: 31	klasa 0: 119	razem: 150
regex 63:	G..CC.	klasa 1: 30	klasa 0: 119	razem: 149
regex 82:	G...TG	klasa 1: 21	klasa 0: 124	razem: 145
regex 6:	A.G..T	klasa 1: 104	klasa 0: 38	razem: 142
regex 31:	...TGA	klasa 1: 51	klasa 0: 83	razem: 134
regex 53:	.GG..T	klasa 1: 33	klasa 0: 100	razem: 133
regex 24:	G.G.GG	klasa 1: 61	klasa 0: 70	razem: 131
regex 25:	..G.CT	klasa 1: 60	klasa 0: 69	razem: 129
regex 20:	ATG...	klasa 1: 55	klasa 0: 55	razem: 110
regex 21:	ATG	klasa 1: 55	klasa 0: 55	razem: 110
regex 107:	CT.C	klasa 1: 4	klasa 0: 102	razem: 106
regex 91:	...CTG	klasa 1: 13	klasa 0: 92	razem: 105
regex 102:	C.CC	klasa 1: 0	klasa 0: 105	razem: 105
regex 70:	.TG..C	klasa 1: 19	klasa 0: 85	razem: 104
regex 81:	.AAG..	klasa 1: 16	klasa 0: 87	razem: 103
regex 106:	.TCT	klasa 1: 3	klasa 0: 100	razem: 103
regex 44:	[GTA]CG	klasa 1: 31	klasa 0: 72	razem: 103
regex 74:	.G..CC	klasa 1: 17	klasa 0: 82	razem: 99
regex 73:	...AGA	klasa 1: 17	klasa 0: 81	razem: 98
regex 22:	.A.C.G	klasa 1: 49	klasa 0: 48	razem: 97
regex 18:	..G.AC	klasa 1: 53	klasa 0: 44	razem: 97
regex 77:	...AAG	klasa 1: 15	klasa 0: 75	razem: 90
regex 30:	A...GA	klasa 1: 36	klasa 0: 45	razem: 81
regex 97:	.G..TT	klasa 1: 9	klasa 0: 70	razem: 79
regex 93:	.G.T.A	klasa 1: 9	klasa 0: 64	razem: 73
regex 104:	G.TT	klasa 1: 2	klasa 0: 71	razem: 73
regex 45:	AT...A	klasa 1: 21	klasa 0: 47	razem: 68
regex 8:	GA.T.C	klasa 1: 49	klasa 0: 18	razem: 67
regex 86:	A.C.G.	klasa 1: 9	klasa 0: 57	razem: 66
regex 46:	GCG	klasa 1: 19	klasa 0: 46	razem: 65
regex 49:	...TAA	klasa 1: 18	klasa 0: 45	razem: 63
regex 90:	A.T..T	klasa 1: 8	klasa 0: 53	razem: 61
regex 68:	...AAT	klasa 1: 12	klasa 0: 48	razem: 60
regex 58:	AG...T	klasa 1: 14	klasa 0: 44	razem: 58
regex 64:	.G..AC	klasa 1: 12	klasa 0: 44	razem: 56
regex 38:	AAT	klasa 1: 19	klasa 0: 36	razem: 55
regex 55:	ACT	klasa 1: 14	klasa 0: 41	razem: 55
regex 83:	AC.T..	klasa 1: 8	klasa 0: 46	razem: 54
regex 61:	.AAT..	klasa 1: 12	klasa 0: 41	razem: 53
regex 103:	AC.G	klasa 1: 14	klasa 0: 39	razem: 53
regex 109:	ATT.	klasa 1: 8	klasa 0: 44	razem: 52
regex 39:	A.C..C	klasa 1: 16	klasa 0: 33	razem: 49
regex 89:	.G.TGG	klasa 1: 6	klasa 0: 39	razem: 45
regex 10:	.A.TGC	klasa 1: 32	klasa 0: 13	razem: 45
regex 33:	AG...G	klasa 1: 18	klasa 0: 27	razem: 45
regex 108:	AGA.	klasa 1: 2	klasa 0: 41	razem: 43
regex 84:	AGC	klasa 1: 6	klasa 0: 36	razem: 42
regex 76:	A.TA..	klasa 1: 7	klasa 0: 33	razem: 40
regex 15:	A..TGG	klasa 1: 23	klasa 0: 16	razem: 39
regex 65:	TAG	klasa 1: 7	klasa 0: 25	razem: 32
regex 72:	GTGC..	klasa 1: 6	klasa 0: 26	razem: 32
regex 80:	..ACG.	klasa 1: 5	klasa 0: 25	razem: 30
regex 79:	G..AGA	klasa 1: 5	klasa 0: 25	razem: 30
regex 60:	.GGCC.	klasa 1: 7	klasa 0: 22	razem: 29
regex 17:	GAGG.A	klasa 1: 14	klasa 0: 10	razem: 24
regex 67:	.GGC.T	klasa 1: 5	klasa 0: 19	razem: 24
--- Selecting top regexes ---
Adding 10 new regexes from index 120
Saved 110 regexes to input_data/regex_donor.txt
