--- Running main.py (iteration 3) ---
Przed balansowaniem: Counter({np.int64(0): 4140, np.int64(1): 1116})
Bez oversamplingu: utrzymano oryginalny rozkład klas.

=== Using: Custom DecisionTree ===

Test performance:
Accuracy:  0.868
Precision: 0.686
Recall:    0.695
AUC:       0.871

=== Classification report ===
              precision    recall  f1-score   support

           0      0.918     0.914     0.916       829
           1      0.686     0.695     0.690       223

    accuracy                          0.868      1052
   macro avg      0.802     0.805     0.803      1052
weighted avg      0.869     0.868     0.868      1052


Tekstowa ilustracja drzewa decyzyjnego (custom):
--- Evaluating regex performance ---

100 regexów najczęściej dopasowanych dla klasy 1:

regex 82:	[GA][AT][GAC]	836
regex 1:	GA.	399
regex 73:	AA.	379
regex 9:	..G..G	260
regex 0:	GA.T..	209
regex 26:	G....C	142
regex 31:	G....T	117
regex 17:	A...C.	108
regex 2:	A.G..T	104
regex 34:	G...A.	104
regex 32:	....AG	101
regex 27:	...TT.	99
regex 14:	G.G.A.	97
regex 28:	G.GG..	80
regex 24:	AG[CGA]	68
regex 37:	G...GG	65
regex 18:	G.G.GG	61
regex 19:	..G.CT	60
regex 15:	ATG...	55
regex 13:	..G.AC	53
regex 23:	...TGA	51
regex 3:	GA.T.C	49
regex 16:	.A.C.G	49
regex 30:	..GG.G	49
regex 39:	AC.	45
regex 22:	A...GA	36
regex 38:	.GG..T	33
regex 5:	.A.TGC	32
regex 69:	GC.	31
regex 43:	G..G.C	31
regex 68:	GC....	31
regex 44:	G..CC.	30
regex 54:	...AT.	30
regex 79:	.AC	24
regex 10:	A..TGG	23
regex 58:	G...TG	21
regex 70:	CA.	21
regex 33:	AT...A	21
regex 48:	.TG..C	19
regex 35:	...TAA	18
regex 25:	AG...G	18
regex 50:	...AGA	17
regex 51:	.G..CC	17
regex 57:	.AAG..	16
regex 4:	AT.TA.	16
regex 75:	.CC	16
regex 29:	A.C..C	16
regex 53:	...AAG	15
regex 78:	.CA	15
regex 71:	[TGA]CA	15
regex 12:	GAGG.A	14
regex 40:	AG...T	14
regex 63:	...CTG	13
regex 47:	...AAT	12
regex 42:	.AAT..	12
regex 45:	.G..AC	12
regex 66:	.T..GC	10
regex 7:	GCGT..	10
regex 8:	.AGAAA	10
regex 64:	.G.T.A	9
regex 11:	GA..CG	9
regex 60:	A.C.G.	9
regex 80:	G.A	9
regex 65:	.G..TT	9
regex 21:	A.A.TT	9
regex 6:	AA.GGG	8
regex 59:	AC.T..	8
regex 67:	.T.TC.	8
regex 62:	A.T..T	8
regex 20:	G.GTTT	7
regex 41:	.GGCC.	7
regex 52:	A.TA..	7
regex 61:	.G.TGG	6
regex 36:	.CG..T	6
regex 49:	GTGC..	6
regex 81:	AGC	6
regex 46:	.GGC.T	5
regex 56:	G..AGA	5
regex 55:	..ACG.	5
regex 72:	GCA	5
regex 74:	GGA	2
regex 77:	TCA	0
regex 76:	CCC	0

100 regexów najczęściej dopasowanych dla klasy 0:

regex 82:	[GA][AT][GAC]	760
regex 31:	G....T	397
regex 80:	G.A	396
regex 26:	G....C	390
regex 34:	G...A.	388
regex 69:	GC.	364
regex 68:	GC....	364
regex 9:	..G..G	346
regex 75:	.CC	332
regex 32:	....AG	317
regex 1:	GA.	316
regex 70:	CA.	266
regex 78:	.CA	257
regex 27:	...TT.	237
regex 37:	G...GG	222
regex 71:	[TGA]CA	195
regex 79:	.AC	191
regex 28:	G.GG..	187
regex 54:	...AT.	172
regex 74:	GGA	166
regex 39:	AC.	149
regex 17:	A...C.	135
regex 73:	AA.	133
regex 58:	G...TG	124
regex 43:	G..G.C	119
regex 24:	AG[CGA]	119
regex 44:	G..CC.	119
regex 30:	..GG.G	117
regex 14:	G.G.A.	110
regex 76:	CCC	102
regex 38:	.GG..T	100
regex 63:	...CTG	92
regex 57:	.AAG..	87
regex 48:	.TG..C	85
regex 66:	.T..GC	84
regex 72:	GCA	84
regex 23:	...TGA	83
regex 51:	.G..CC	82
regex 50:	...AGA	81
regex 53:	...AAG	75
regex 65:	.G..TT	70
regex 18:	G.G.GG	70
regex 67:	.T.TC.	69
regex 19:	..G.CT	69
regex 77:	TCA	66
regex 0:	GA.T..	65
regex 64:	.G.T.A	64
regex 60:	A.C.G.	57
regex 15:	ATG...	55
regex 62:	A.T..T	53
regex 16:	.A.C.G	48
regex 47:	...AAT	48
regex 33:	AT...A	47
regex 59:	AC.T..	46
regex 35:	...TAA	45
regex 22:	A...GA	45
regex 45:	.G..AC	44
regex 13:	..G.AC	44
regex 40:	AG...T	44
regex 42:	.AAT..	41
regex 61:	.G.TGG	39
regex 2:	A.G..T	38
regex 81:	AGC	36
regex 29:	A.C..C	33
regex 52:	A.TA..	33
regex 25:	AG...G	27
regex 49:	GTGC..	26
regex 55:	..ACG.	25
regex 56:	G..AGA	25
regex 41:	.GGCC.	22
regex 46:	.GGC.T	19
regex 3:	GA.T.C	18
regex 10:	A..TGG	16
regex 36:	.CG..T	15
regex 5:	.A.TGC	13
regex 21:	A.A.TT	10
regex 12:	GAGG.A	10
regex 20:	G.GTTT	7
regex 4:	AT.TA.	6
regex 11:	GA..CG	6
regex 8:	.AGAAA	5
regex 7:	GCGT..	4
regex 6:	AA.GGG	3

100 regexów z największą łączną liczbą dopasowań (klasa 1 + 0):

regex 82:	[GA][AT][GAC]	klasa 1: 836	klasa 0: 760	razem: 1596
regex 1:	GA.	klasa 1: 399	klasa 0: 316	razem: 715
regex 9:	..G..G	klasa 1: 260	klasa 0: 346	razem: 606
regex 26:	G....C	klasa 1: 142	klasa 0: 390	razem: 532
regex 31:	G....T	klasa 1: 117	klasa 0: 397	razem: 514
regex 73:	AA.	klasa 1: 379	klasa 0: 133	razem: 512
regex 34:	G...A.	klasa 1: 104	klasa 0: 388	razem: 492
regex 32:	....AG	klasa 1: 101	klasa 0: 317	razem: 418
regex 80:	G.A	klasa 1: 9	klasa 0: 396	razem: 405
regex 68:	GC....	klasa 1: 31	klasa 0: 364	razem: 395
regex 69:	GC.	klasa 1: 31	klasa 0: 364	razem: 395
regex 75:	.CC	klasa 1: 16	klasa 0: 332	razem: 348
regex 27:	...TT.	klasa 1: 99	klasa 0: 237	razem: 336
regex 70:	CA.	klasa 1: 21	klasa 0: 266	razem: 287
regex 37:	G...GG	klasa 1: 65	klasa 0: 222	razem: 287
regex 0:	GA.T..	klasa 1: 209	klasa 0: 65	razem: 274
regex 78:	.CA	klasa 1: 15	klasa 0: 257	razem: 272
regex 28:	G.GG..	klasa 1: 80	klasa 0: 187	razem: 267
regex 17:	A...C.	klasa 1: 108	klasa 0: 135	razem: 243
regex 79:	.AC	klasa 1: 24	klasa 0: 191	razem: 215
regex 71:	[TGA]CA	klasa 1: 15	klasa 0: 195	razem: 210
regex 14:	G.G.A.	klasa 1: 97	klasa 0: 110	razem: 207
regex 54:	...AT.	klasa 1: 30	klasa 0: 172	razem: 202
regex 39:	AC.	klasa 1: 45	klasa 0: 149	razem: 194
regex 24:	AG[CGA]	klasa 1: 68	klasa 0: 119	razem: 187
regex 74:	GGA	klasa 1: 2	klasa 0: 166	razem: 168
regex 30:	..GG.G	klasa 1: 49	klasa 0: 117	razem: 166
regex 43:	G..G.C	klasa 1: 31	klasa 0: 119	razem: 150
regex 44:	G..CC.	klasa 1: 30	klasa 0: 119	razem: 149
regex 58:	G...TG	klasa 1: 21	klasa 0: 124	razem: 145
regex 2:	A.G..T	klasa 1: 104	klasa 0: 38	razem: 142
regex 23:	...TGA	klasa 1: 51	klasa 0: 83	razem: 134
regex 38:	.GG..T	klasa 1: 33	klasa 0: 100	razem: 133
regex 18:	G.G.GG	klasa 1: 61	klasa 0: 70	razem: 131
regex 19:	..G.CT	klasa 1: 60	klasa 0: 69	razem: 129
regex 15:	ATG...	klasa 1: 55	klasa 0: 55	razem: 110
regex 63:	...CTG	klasa 1: 13	klasa 0: 92	razem: 105
regex 48:	.TG..C	klasa 1: 19	klasa 0: 85	razem: 104
regex 57:	.AAG..	klasa 1: 16	klasa 0: 87	razem: 103
regex 76:	CCC	klasa 1: 0	klasa 0: 102	razem: 102
regex 51:	.G..CC	klasa 1: 17	klasa 0: 82	razem: 99
regex 50:	...AGA	klasa 1: 17	klasa 0: 81	razem: 98
regex 13:	..G.AC	klasa 1: 53	klasa 0: 44	razem: 97
regex 16:	.A.C.G	klasa 1: 49	klasa 0: 48	razem: 97
regex 66:	.T..GC	klasa 1: 10	klasa 0: 84	razem: 94
regex 53:	...AAG	klasa 1: 15	klasa 0: 75	razem: 90
regex 72:	GCA	klasa 1: 5	klasa 0: 84	razem: 89
regex 22:	A...GA	klasa 1: 36	klasa 0: 45	razem: 81
regex 65:	.G..TT	klasa 1: 9	klasa 0: 70	razem: 79
regex 67:	.T.TC.	klasa 1: 8	klasa 0: 69	razem: 77
regex 64:	.G.T.A	klasa 1: 9	klasa 0: 64	razem: 73
regex 33:	AT...A	klasa 1: 21	klasa 0: 47	razem: 68
regex 3:	GA.T.C	klasa 1: 49	klasa 0: 18	razem: 67
regex 77:	TCA	klasa 1: 0	klasa 0: 66	razem: 66
regex 60:	A.C.G.	klasa 1: 9	klasa 0: 57	razem: 66
regex 35:	...TAA	klasa 1: 18	klasa 0: 45	razem: 63
regex 62:	A.T..T	klasa 1: 8	klasa 0: 53	razem: 61
regex 47:	...AAT	klasa 1: 12	klasa 0: 48	razem: 60
regex 40:	AG...T	klasa 1: 14	klasa 0: 44	razem: 58
regex 45:	.G..AC	klasa 1: 12	klasa 0: 44	razem: 56
regex 59:	AC.T..	klasa 1: 8	klasa 0: 46	razem: 54
regex 42:	.AAT..	klasa 1: 12	klasa 0: 41	razem: 53
regex 29:	A.C..C	klasa 1: 16	klasa 0: 33	razem: 49
regex 25:	AG...G	klasa 1: 18	klasa 0: 27	razem: 45
regex 61:	.G.TGG	klasa 1: 6	klasa 0: 39	razem: 45
regex 5:	.A.TGC	klasa 1: 32	klasa 0: 13	razem: 45
regex 81:	AGC	klasa 1: 6	klasa 0: 36	razem: 42
regex 52:	A.TA..	klasa 1: 7	klasa 0: 33	razem: 40
regex 10:	A..TGG	klasa 1: 23	klasa 0: 16	razem: 39
regex 49:	GTGC..	klasa 1: 6	klasa 0: 26	razem: 32
regex 56:	G..AGA	klasa 1: 5	klasa 0: 25	razem: 30
regex 55:	..ACG.	klasa 1: 5	klasa 0: 25	razem: 30
regex 41:	.GGCC.	klasa 1: 7	klasa 0: 22	razem: 29
regex 46:	.GGC.T	klasa 1: 5	klasa 0: 19	razem: 24
regex 12:	GAGG.A	klasa 1: 14	klasa 0: 10	razem: 24
regex 4:	AT.TA.	klasa 1: 16	klasa 0: 6	razem: 22
regex 36:	.CG..T	klasa 1: 6	klasa 0: 15	razem: 21
regex 21:	A.A.TT	klasa 1: 9	klasa 0: 10	razem: 19
regex 8:	.AGAAA	klasa 1: 10	klasa 0: 5	razem: 15
regex 11:	GA..CG	klasa 1: 9	klasa 0: 6	razem: 15
regex 7:	GCGT..	klasa 1: 10	klasa 0: 4	razem: 14
regex 20:	G.GTTT	klasa 1: 7	klasa 0: 7	razem: 14
regex 6:	AA.GGG	klasa 1: 8	klasa 0: 3	razem: 11
--- Selecting top regexes ---
Adding 10 new regexes from index 20
Saved 89 regexes to input_data/regex_donor.txt
