--- Running main.py (iteration 402) ---
Class distribution: Counter({np.int64(0): 4672, np.int64(1): 1116})

=== Using: Custom DecisionTree ===

Test performance:
Accuracy:  0.814
Precision: 0.569
Recall:    0.148
AUC:       0.619

=== Classification report ===
              precision    recall  f1-score   support

           0      0.827     0.973     0.894       935
           1      0.569     0.148     0.235       223

    accuracy                          0.814      1158
   macro avg      0.698     0.561     0.565      1158
weighted avg      0.778     0.814     0.767      1158


Text illustration of decision tree (custom):
--- Evaluating regex performance ---
--- Selecting top regexes ---
Adding 10 new regexes from index 4010
Saved 110 regexes to input_data/regex_acceptor.txt
