--- Running main.py (iteration 57) ---
Przed balansowaniem: Counter({np.int64(0): 4140, np.int64(1): 1116})
Bez oversamplingu: utrzymano oryginalny rozkład klas.

=== Using: Custom DecisionTree ===

Test performance:
Accuracy:  0.894
Precision: 0.749
Recall:    0.749
AUC:       0.886

=== Classification report ===
              precision    recall  f1-score   support

           0      0.932     0.932     0.932       829
           1      0.749     0.749     0.749       223

    accuracy                          0.894      1052
   macro avg      0.841     0.841     0.841      1052
weighted avg      0.894     0.894     0.894      1052


Tekstowa ilustracja drzewa decyzyjnego (custom):
--- Evaluating regex performance ---

100 regexów najczęściej dopasowanych dla klasy 1:

regex 0:	.AG	714
regex 14:	G.G	466
regex 4:	A.G	426
regex 16:	[CA][TA][TG]	407
regex 11:	GA.	399
regex 3:	GAG.	388
regex 6:	AA.	379
regex 1:	AAG.	300
regex 2:	AAG..	300
regex 34:	..G..G	260
regex 12:	G[CA][AGT]T	216
regex 9:	GA.T..	209
regex 36:	[TCA][ACG][GC]T	182
regex 60:	[TGA][AG][AG]G	173
regex 8:	AA.T	151
regex 83:	G....C	142
regex 22:	.AGG	140
regex 10:	A.G.A	134
regex 5:	AAGT	126
regex 18:	.AGC	121
regex 49:	A...C.	108
regex 86:	[AG][CG]G[AGT]	107
regex 15:	A.G..T	104
regex 85:	...TT.	99
regex 43:	G.G.A.	97
regex 23:	A.GG	89
regex 56:	A[CG][GT]	88
regex 28:	A.GA	82
regex 89:	G.GG..	80
regex 88:	G.GG.	80
regex 30:	AA.A	78
regex 63:	GA.G	73
regex 84:	AG.	71
regex 32:	[CA]AGG	69
regex 17:	A.GC	68
regex 71:	AG[CGA]	68
regex 52:	G.G.GG	61
regex 53:	..G.CT	60
regex 92:	A[GA][TA][GTA]	58
regex 35:	.A.TC	58
regex 45:	ATG	55
regex 44:	ATG...	55
regex 42:	..G.AC	53
regex 90:	G.GA	51
regex 68:	...TGA	51
regex 87:	.TGT	50
regex 21:	GA.T.C	49
regex 46:	.A.C.G	49
regex 97:	..GG.G	49
regex 54:	AT.T	44
regex 69:	GA.A	43
regex 70:	GA.A.	43
regex 50:	AAA.	41
regex 27:	GA[TG]C[AG]	38
regex 13:	[GC][CA]GTC	38
regex 62:	A...GA	36
regex 25:	.A.TGC	32
regex 57:	AT[GC][CTA][TA]	31
regex 48:	[TA][GTC]G[CT]A	28
regex 80:	AG.T	27
regex 107:	GA.G.C	27
regex 39:	A..TGG	23
regex 81:	A..CC	23
regex 76:	[AT]A[TA]G	22
regex 109:	..GGAG	22
regex 31:	AGGT.	22
regex 93:	AAT	19
regex 72:	AAC.	19
regex 20:	AA.TC.	19
regex 73:	AG...G	18
regex 51:	A..CG	18
regex 47:	.TGTA	17
regex 75:	AG.C	17
regex 24:	AT.TA.	16
regex 108:	A..TAC	16
regex 96:	A.C..C	16
regex 7:	A[GA]GTGG	15
regex 95:	AG..T	15
regex 99:	AC.C	14
regex 41:	GAGG.A	14
regex 65:	AGGG	13
regex 74:	AAC[AT]	12
regex 82:	.CGT	12
regex 59:	ACG	11
regex 58:	ACG.	11
regex 33:	.AGAAA	10
regex 29:	GCGT..	10
regex 19:	GAGAT	10
regex 91:	G.GAGG	10
regex 94:	.A.GCT	10
regex 61:	A.A.TT	9
regex 40:	GA..CG	9
regex 26:	AA.GGG	8
regex 67:	AG..CC	8
regex 66:	AATG	8
regex 55:	G.GTTT	7
regex 64:	AACC	7
regex 77:	AACT.	6
regex 98:	AG..GA	6
regex 79:	AACA	6

100 regexów najczęściej dopasowanych dla klasy 0:

regex 14:	G.G	526
regex 16:	[CA][TA][TG]	489
regex 83:	G....C	390
regex 60:	[TGA][AG][AG]G	347
regex 34:	..G..G	346
regex 11:	GA.	316
regex 86:	[AG][CG]G[AGT]	269
regex 85:	...TT.	237
regex 0:	.AG	228
regex 36:	[TCA][ACG][GC]T	204
regex 89:	G.GG..	187
regex 88:	G.GG.	187
regex 84:	AG.	148
regex 4:	A.G	137
regex 49:	A...C.	135
regex 6:	AA.	133
regex 92:	A[GA][TA][GTA]	128
regex 56:	A[CG][GT]	124
regex 71:	AG[CGA]	119
regex 97:	..GG.G	117
regex 43:	G.G.A.	110
regex 90:	G.GA	107
regex 63:	GA.G	106
regex 87:	.TGT	101
regex 3:	GAG.	98
regex 12:	G[CA][AGT]T	84
regex 68:	...TGA	83
regex 22:	.AGG	81
regex 52:	G.G.GG	70
regex 53:	..G.CT	69
regex 70:	GA.A.	68
regex 69:	GA.A	68
regex 9:	GA.T..	65
regex 18:	.AGC	56
regex 45:	ATG	55
regex 44:	ATG...	55
regex 54:	AT.T	49
regex 46:	.A.C.G	48
regex 62:	A...GA	45
regex 80:	AG.T	44
regex 42:	..G.AC	44
regex 28:	A.GA	44
regex 30:	AA.A	44
regex 23:	A.GG	43
regex 50:	AAA.	41
regex 15:	A.G..T	38
regex 32:	[CA]AGG	38
regex 35:	.A.TC	38
regex 81:	A..CC	37
regex 57:	AT[GC][CTA][TA]	36
regex 93:	AAT	36
regex 76:	[AT]A[TA]G	35
regex 96:	A.C..C	33
regex 10:	A.G.A	32
regex 109:	..GGAG	32
regex 8:	AA.T	31
regex 106:	GTGTGT	30
regex 95:	AG..T	30
regex 99:	AC.C	29
regex 1:	AAG.	28
regex 72:	AAC.	28
regex 2:	AAG..	28
regex 73:	AG...G	27
regex 75:	AG.C	26
regex 48:	[TA][GTC]G[CT]A	26
regex 17:	A.GC	24
regex 107:	GA.G.C	21
regex 82:	.CGT	19
regex 94:	.A.GCT	19
regex 21:	GA.T.C	18
regex 74:	AAC[AT]	18
regex 91:	G.GAGG	18
regex 27:	GA[TG]C[AG]	17
regex 51:	A..CG	17
regex 65:	AGGG	16
regex 39:	A..TGG	16
regex 47:	.TGTA	15
regex 25:	.A.TGC	13
regex 98:	AG..GA	12
regex 104:	C[AC]A[AG][CGT]A	12
regex 59:	ACG	12
regex 58:	ACG.	12
regex 101:	.TCTGC	11
regex 66:	AATG	10
regex 61:	A.A.TT	10
regex 67:	AG..CC	10
regex 31:	AGGT.	10
regex 41:	GAGG.A	10
regex 77:	AACT.	9
regex 79:	AACA	9
regex 78:	AACT	9
regex 64:	AACC	8
regex 102:	.T.CTA	8
regex 55:	G.GTTT	7
regex 20:	AA.TC.	6
regex 13:	[GC][CA]GTC	6
regex 24:	AT.TA.	6
regex 40:	GA..CG	6
regex 33:	.AGAAA	5
regex 105:	TAA..C	4

100 regexów z największą łączną liczbą dopasowań (klasa 1 + 0):

regex 14:	G.G	klasa 1: 466	klasa 0: 526	razem: 992
regex 0:	.AG	klasa 1: 714	klasa 0: 228	razem: 942
regex 16:	[CA][TA][TG]	klasa 1: 407	klasa 0: 489	razem: 896
regex 11:	GA.	klasa 1: 399	klasa 0: 316	razem: 715
regex 34:	..G..G	klasa 1: 260	klasa 0: 346	razem: 606
regex 4:	A.G	klasa 1: 426	klasa 0: 137	razem: 563
regex 83:	G....C	klasa 1: 142	klasa 0: 390	razem: 532
regex 60:	[TGA][AG][AG]G	klasa 1: 173	klasa 0: 347	razem: 520
regex 6:	AA.	klasa 1: 379	klasa 0: 133	razem: 512
regex 3:	GAG.	klasa 1: 388	klasa 0: 98	razem: 486
regex 36:	[TCA][ACG][GC]T	klasa 1: 182	klasa 0: 204	razem: 386
regex 86:	[AG][CG]G[AGT]	klasa 1: 107	klasa 0: 269	razem: 376
regex 85:	...TT.	klasa 1: 99	klasa 0: 237	razem: 336
regex 1:	AAG.	klasa 1: 300	klasa 0: 28	razem: 328
regex 2:	AAG..	klasa 1: 300	klasa 0: 28	razem: 328
regex 12:	G[CA][AGT]T	klasa 1: 216	klasa 0: 84	razem: 300
regex 9:	GA.T..	klasa 1: 209	klasa 0: 65	razem: 274
regex 88:	G.GG.	klasa 1: 80	klasa 0: 187	razem: 267
regex 89:	G.GG..	klasa 1: 80	klasa 0: 187	razem: 267
regex 49:	A...C.	klasa 1: 108	klasa 0: 135	razem: 243
regex 22:	.AGG	klasa 1: 140	klasa 0: 81	razem: 221
regex 84:	AG.	klasa 1: 71	klasa 0: 148	razem: 219
regex 56:	A[CG][GT]	klasa 1: 88	klasa 0: 124	razem: 212
regex 43:	G.G.A.	klasa 1: 97	klasa 0: 110	razem: 207
regex 71:	AG[CGA]	klasa 1: 68	klasa 0: 119	razem: 187
regex 92:	A[GA][TA][GTA]	klasa 1: 58	klasa 0: 128	razem: 186
regex 8:	AA.T	klasa 1: 151	klasa 0: 31	razem: 182
regex 63:	GA.G	klasa 1: 73	klasa 0: 106	razem: 179
regex 18:	.AGC	klasa 1: 121	klasa 0: 56	razem: 177
regex 10:	A.G.A	klasa 1: 134	klasa 0: 32	razem: 166
regex 97:	..GG.G	klasa 1: 49	klasa 0: 117	razem: 166
regex 90:	G.GA	klasa 1: 51	klasa 0: 107	razem: 158
regex 87:	.TGT	klasa 1: 50	klasa 0: 101	razem: 151
regex 15:	A.G..T	klasa 1: 104	klasa 0: 38	razem: 142
regex 68:	...TGA	klasa 1: 51	klasa 0: 83	razem: 134
regex 23:	A.GG	klasa 1: 89	klasa 0: 43	razem: 132
regex 52:	G.G.GG	klasa 1: 61	klasa 0: 70	razem: 131
regex 5:	AAGT	klasa 1: 126	klasa 0: 3	razem: 129
regex 53:	..G.CT	klasa 1: 60	klasa 0: 69	razem: 129
regex 28:	A.GA	klasa 1: 82	klasa 0: 44	razem: 126
regex 30:	AA.A	klasa 1: 78	klasa 0: 44	razem: 122
regex 69:	GA.A	klasa 1: 43	klasa 0: 68	razem: 111
regex 70:	GA.A.	klasa 1: 43	klasa 0: 68	razem: 111
regex 44:	ATG...	klasa 1: 55	klasa 0: 55	razem: 110
regex 45:	ATG	klasa 1: 55	klasa 0: 55	razem: 110
regex 32:	[CA]AGG	klasa 1: 69	klasa 0: 38	razem: 107
regex 46:	.A.C.G	klasa 1: 49	klasa 0: 48	razem: 97
regex 42:	..G.AC	klasa 1: 53	klasa 0: 44	razem: 97
regex 35:	.A.TC	klasa 1: 58	klasa 0: 38	razem: 96
regex 54:	AT.T	klasa 1: 44	klasa 0: 49	razem: 93
regex 17:	A.GC	klasa 1: 68	klasa 0: 24	razem: 92
regex 50:	AAA.	klasa 1: 41	klasa 0: 41	razem: 82
regex 62:	A...GA	klasa 1: 36	klasa 0: 45	razem: 81
regex 80:	AG.T	klasa 1: 27	klasa 0: 44	razem: 71
regex 21:	GA.T.C	klasa 1: 49	klasa 0: 18	razem: 67
regex 57:	AT[GC][CTA][TA]	klasa 1: 31	klasa 0: 36	razem: 67
regex 81:	A..CC	klasa 1: 23	klasa 0: 37	razem: 60
regex 76:	[AT]A[TA]G	klasa 1: 22	klasa 0: 35	razem: 57
regex 93:	AAT	klasa 1: 19	klasa 0: 36	razem: 55
regex 27:	GA[TG]C[AG]	klasa 1: 38	klasa 0: 17	razem: 55
regex 109:	..GGAG	klasa 1: 22	klasa 0: 32	razem: 54
regex 48:	[TA][GTC]G[CT]A	klasa 1: 28	klasa 0: 26	razem: 54
regex 96:	A.C..C	klasa 1: 16	klasa 0: 33	razem: 49
regex 107:	GA.G.C	klasa 1: 27	klasa 0: 21	razem: 48
regex 72:	AAC.	klasa 1: 19	klasa 0: 28	razem: 47
regex 95:	AG..T	klasa 1: 15	klasa 0: 30	razem: 45
regex 25:	.A.TGC	klasa 1: 32	klasa 0: 13	razem: 45
regex 73:	AG...G	klasa 1: 18	klasa 0: 27	razem: 45
regex 13:	[GC][CA]GTC	klasa 1: 38	klasa 0: 6	razem: 44
regex 75:	AG.C	klasa 1: 17	klasa 0: 26	razem: 43
regex 99:	AC.C	klasa 1: 14	klasa 0: 29	razem: 43
regex 39:	A..TGG	klasa 1: 23	klasa 0: 16	razem: 39
regex 51:	A..CG	klasa 1: 18	klasa 0: 17	razem: 35
regex 31:	AGGT.	klasa 1: 22	klasa 0: 10	razem: 32
regex 47:	.TGTA	klasa 1: 17	klasa 0: 15	razem: 32
regex 106:	GTGTGT	klasa 1: 2	klasa 0: 30	razem: 32
regex 82:	.CGT	klasa 1: 12	klasa 0: 19	razem: 31
regex 74:	AAC[AT]	klasa 1: 12	klasa 0: 18	razem: 30
regex 94:	.A.GCT	klasa 1: 10	klasa 0: 19	razem: 29
regex 65:	AGGG	klasa 1: 13	klasa 0: 16	razem: 29
regex 91:	G.GAGG	klasa 1: 10	klasa 0: 18	razem: 28
regex 20:	AA.TC.	klasa 1: 19	klasa 0: 6	razem: 25
regex 41:	GAGG.A	klasa 1: 14	klasa 0: 10	razem: 24
regex 59:	ACG	klasa 1: 11	klasa 0: 12	razem: 23
regex 58:	ACG.	klasa 1: 11	klasa 0: 12	razem: 23
regex 24:	AT.TA.	klasa 1: 16	klasa 0: 6	razem: 22
regex 108:	A..TAC	klasa 1: 16	klasa 0: 3	razem: 19
regex 61:	A.A.TT	klasa 1: 9	klasa 0: 10	razem: 19
regex 67:	AG..CC	klasa 1: 8	klasa 0: 10	razem: 18
regex 66:	AATG	klasa 1: 8	klasa 0: 10	razem: 18
regex 98:	AG..GA	klasa 1: 6	klasa 0: 12	razem: 18
regex 33:	.AGAAA	klasa 1: 10	klasa 0: 5	razem: 15
regex 40:	GA..CG	klasa 1: 9	klasa 0: 6	razem: 15
regex 7:	A[GA]GTGG	klasa 1: 15	klasa 0: 0	razem: 15
regex 79:	AACA	klasa 1: 6	klasa 0: 9	razem: 15
regex 78:	AACT	klasa 1: 6	klasa 0: 9	razem: 15
regex 64:	AACC	klasa 1: 7	klasa 0: 8	razem: 15
regex 77:	AACT.	klasa 1: 6	klasa 0: 9	razem: 15
regex 29:	GCGT..	klasa 1: 10	klasa 0: 4	razem: 14
regex 55:	G.GTTT	klasa 1: 7	klasa 0: 7	razem: 14
--- Selecting top regexes ---
Adding 10 new regexes from index 560
Saved 110 regexes to input_data/regex_donor.txt
