--- Running main.py (iteration 333) ---
Class distribution: Counter({np.int64(0): 4672, np.int64(1): 1116})

=== Using: Custom DecisionTree ===

Test performance:
Accuracy:  0.801
Precision: 0.433
Recall:    0.117
AUC:       0.611

=== Classification report ===
              precision    recall  f1-score   support

           0      0.821     0.964     0.886       935
           1      0.433     0.117     0.184       223

    accuracy                          0.801      1158
   macro avg      0.627     0.540     0.535      1158
weighted avg      0.746     0.801     0.751      1158


Text illustration of decision tree (custom):
--- Evaluating regex performance ---
--- Selecting top regexes ---
Adding 10 new regexes from index 3320
Saved 110 regexes to input_data/regex_acceptor.txt
