--- Running main.py (iteration 179) ---
Przed balansowaniem: Counter({np.int64(0): 4140, np.int64(1): 1116})
Bez oversamplingu: utrzymano oryginalny rozkład klas.

=== Using: Custom DecisionTree ===

Test performance:
Accuracy:  0.895
Precision: 0.787
Recall:    0.695
AUC:       0.881

=== Classification report ===
              precision    recall  f1-score   support

           0      0.920     0.949     0.935       829
           1      0.787     0.695     0.738       223

    accuracy                          0.895      1052
   macro avg      0.854     0.822     0.836      1052
weighted avg      0.892     0.895     0.893      1052


Tekstowa ilustracja drzewa decyzyjnego (custom):
--- Evaluating regex performance ---

100 regexów najczęściej dopasowanych dla klasy 1:

regex 0:	.AG	714
regex 28:	G.G	466
regex 4:	A.G	426
regex 39:	[CA][TA][TG]	407
regex 22:	GA.	399
regex 3:	GAG.	388
regex 7:	AA.	379
regex 2:	AAG..	300
regex 1:	AAG.	300
regex 81:	..G..G	260
regex 23:	G[CA][AGT]T	216
regex 17:	GA.T..	209
regex 89:	[TCA][ACG][GC]T	182
regex 14:	AA.T	151
regex 56:	.AGG	140
regex 20:	A.G.A	134
regex 6:	AAGT..	126
regex 5:	AAGT	126
regex 44:	.AGC	121
regex 34:	GA[GCT][AT][TGC][TG]	109
regex 36:	A.G..T	104
regex 55:	A[GTA][AGC]T[TGA][AT]	94
regex 58:	A.GG	89
regex 65:	A.GA	82
regex 71:	AA.A	78
regex 73:	[CA]AGG	69
regex 42:	A.GC	68
regex 27:	A.GTG.	60
regex 11:	AAG.C.	58
regex 82:	.A.TC	58
regex 10:	A.GTA.	56
regex 85:	G.G.GC	55
regex 53:	GA.T.C	49
regex 13:	.AGTGG	48
regex 46:	..GTGC	46
regex 15:	GAGT.C	46
regex 16:	GAGT.A	43
regex 59:	.AGGA.	43
regex 24:	[GC][CA]GTC	38
regex 30:	AA..GG	38
regex 64:	GA[TG]C[AG]	38
regex 77:	.A.TGT	37
regex 45:	[CTG][ACG]GTGA	37
regex 26:	A.G.AT	36
regex 33:	.AGC.C	35
regex 43:	..GTCC	33
regex 21:	A[GCA]GTA[CTA]	32
regex 61:	.A.TGC	32
regex 47:	AA.AG.	28
regex 69:	AA.GG.	27
regex 54:	.A.TAT	26
regex 9:	GAGT[CA]T	26
regex 75:	A.G.CA	26
regex 38:	A.GCA.	24
regex 97:	A..TGG	23
regex 72:	AGGT.	22
regex 48:	AGG[TGC][TCA][TC]	22
regex 18:	AAGAG.	22
regex 76:	A.G.CT	22
regex 88:	.AGA.C	21
regex 83:	A.GG.G	21
regex 63:	.AGCG.	20
regex 51:	A.GC.G	19
regex 50:	AA.TC.	19
regex 12:	AAGGC.	19
regex 91:	GA..AT	19
regex 52:	..GTAC	19
regex 87:	AA.A.T	18
regex 29:	.A.TAC	17
regex 60:	AT.TA.	16
regex 31:	A..TAC	16
regex 84:	[TA]A[ACG][AGC]AC	16
regex 107:	G..CAG	16
regex 8:	A[GA]GTGG	15
regex 78:	AGG..G	14
regex 70:	A.GAC.	14
regex 86:	A..TCC	14
regex 37:	GAG.TT	13
regex 74:	GA.TCC	13
regex 19:	GAGTCT	12
regex 96:	.GGTC.	12
regex 95:	A.GAAA	11
regex 32:	AA.TTC	11
regex 66:	GCGT..	10
regex 90:	AAC.A.	10
regex 79:	.AGAAA	10
regex 49:	GAGAT	10
regex 98:	GA..CG	9
regex 35:	AAGAAA	9
regex 25:	AGG[CTA]AC	8
regex 40:	AA.AGC	8
regex 41:	AGG.AC	8
regex 62:	AA.GGG	8
regex 57:	AA[CTG]GGG	6
regex 80:	A..GTA	6
regex 99:	AA.AGA	6
regex 67:	G[CTA]G[CA]AT	5
regex 68:	AGGC.T	5
regex 93:	AGGGC	5
regex 92:	AGGTA	5

100 regexów najczęściej dopasowanych dla klasy 0:

regex 28:	G.G	526
regex 39:	[CA][TA][TG]	489
regex 81:	..G..G	346
regex 22:	GA.	316
regex 0:	.AG	228
regex 89:	[TCA][ACG][GC]T	204
regex 4:	A.G	137
regex 7:	AA.	133
regex 3:	GAG.	98
regex 23:	G[CA][AGT]T	84
regex 56:	.AGG	81
regex 17:	GA.T..	65
regex 44:	.AGC	56
regex 55:	A[GTA][AGC]T[TGA][AT]	45
regex 65:	A.GA	44
regex 71:	AA.A	44
regex 107:	G..CAG	43
regex 58:	A.GG	43
regex 34:	GA[GCT][AT][TGC][TG]	40
regex 36:	A.G..T	38
regex 73:	[CA]AGG	38
regex 82:	.A.TC	38
regex 85:	G.G.GC	36
regex 20:	A.G.A	32
regex 14:	AA.T	31
regex 1:	AAG.	28
regex 2:	AAG..	28
regex 42:	A.GC	24
regex 102:	GAAT..	21
regex 77:	.A.TGT	20
regex 103:	T.G.GG	19
regex 59:	.AGGA.	18
regex 53:	GA.T.C	18
regex 64:	GA[TG]C[AG]	17
regex 97:	A..TGG	16
regex 46:	..GTGC	16
regex 75:	A.G.CA	13
regex 61:	.A.TGC	13
regex 88:	.AGA.C	13
regex 106:	.CTGGC	13
regex 83:	A.GG.G	12
regex 45:	[CTG][ACG]GTGA	12
regex 27:	A.GTG.	12
regex 91:	GA..AT	12
regex 69:	AA.GG.	12
regex 87:	AA.A.T	11
regex 76:	A.G.CT	11
regex 109:	.CCGC.	11
regex 43:	..GTCC	10
regex 72:	AGGT.	10
regex 84:	[TA]A[ACG][AGC]AC	9
regex 54:	.A.TAT	9
regex 47:	AA.AG.	9
regex 63:	.AGCG.	8
regex 33:	.AGC.C	8
regex 30:	AA..GG	8
regex 96:	.GGTC.	8
regex 86:	A..TCC	8
regex 48:	AGG[TGC][TCA][TC]	7
regex 78:	AGG..G	7
regex 95:	A.GAAA	7
regex 98:	GA..CG	6
regex 60:	AT.TA.	6
regex 52:	..GTAC	6
regex 50:	AA.TC.	6
regex 51:	A.GC.G	6
regex 90:	AAC.A.	6
regex 24:	[GC][CA]GTC	6
regex 38:	A.GCA.	6
regex 26:	A.G.AT	6
regex 74:	GA.TCC	6
regex 108:	GGTC.C	6
regex 70:	A.GAC.	6
regex 79:	.AGAAA	5
regex 11:	AAG.C.	5
regex 10:	A.GTA.	4
regex 13:	.AGTGG	4
regex 16:	GAGT.A	4
regex 15:	GAGT.C	4
regex 66:	GCGT..	4
regex 101:	T.ATTT	4
regex 99:	AA.AGA	4
regex 21:	A[GCA]GTA[CTA]	4
regex 49:	GAGAT	3
regex 80:	A..GTA	3
regex 93:	AGGGC	3
regex 94:	GA.TTT	3
regex 92:	AGGTA	3
regex 29:	.A.TAC	3
regex 5:	AAGT	3
regex 6:	AAGT..	3
regex 31:	A..TAC	3
regex 37:	GAG.TT	3
regex 62:	AA.GGG	3
regex 35:	AAGAAA	2
regex 18:	AAGAG.	2
regex 57:	AA[CTG]GGG	2
regex 68:	AGGC.T	2
regex 67:	G[CTA]G[CA]AT	2
regex 32:	AA.TTC	2

100 regexów z największą łączną liczbą dopasowań (klasa 1 + 0):

regex 28:	G.G	klasa 1: 466	klasa 0: 526	razem: 992
regex 0:	.AG	klasa 1: 714	klasa 0: 228	razem: 942
regex 39:	[CA][TA][TG]	klasa 1: 407	klasa 0: 489	razem: 896
regex 22:	GA.	klasa 1: 399	klasa 0: 316	razem: 715
regex 81:	..G..G	klasa 1: 260	klasa 0: 346	razem: 606
regex 4:	A.G	klasa 1: 426	klasa 0: 137	razem: 563
regex 7:	AA.	klasa 1: 379	klasa 0: 133	razem: 512
regex 3:	GAG.	klasa 1: 388	klasa 0: 98	razem: 486
regex 89:	[TCA][ACG][GC]T	klasa 1: 182	klasa 0: 204	razem: 386
regex 2:	AAG..	klasa 1: 300	klasa 0: 28	razem: 328
regex 1:	AAG.	klasa 1: 300	klasa 0: 28	razem: 328
regex 23:	G[CA][AGT]T	klasa 1: 216	klasa 0: 84	razem: 300
regex 17:	GA.T..	klasa 1: 209	klasa 0: 65	razem: 274
regex 56:	.AGG	klasa 1: 140	klasa 0: 81	razem: 221
regex 14:	AA.T	klasa 1: 151	klasa 0: 31	razem: 182
regex 44:	.AGC	klasa 1: 121	klasa 0: 56	razem: 177
regex 20:	A.G.A	klasa 1: 134	klasa 0: 32	razem: 166
regex 34:	GA[GCT][AT][TGC][TG]	klasa 1: 109	klasa 0: 40	razem: 149
regex 36:	A.G..T	klasa 1: 104	klasa 0: 38	razem: 142
regex 55:	A[GTA][AGC]T[TGA][AT]	klasa 1: 94	klasa 0: 45	razem: 139
regex 58:	A.GG	klasa 1: 89	klasa 0: 43	razem: 132
regex 6:	AAGT..	klasa 1: 126	klasa 0: 3	razem: 129
regex 5:	AAGT	klasa 1: 126	klasa 0: 3	razem: 129
regex 65:	A.GA	klasa 1: 82	klasa 0: 44	razem: 126
regex 71:	AA.A	klasa 1: 78	klasa 0: 44	razem: 122
regex 73:	[CA]AGG	klasa 1: 69	klasa 0: 38	razem: 107
regex 82:	.A.TC	klasa 1: 58	klasa 0: 38	razem: 96
regex 42:	A.GC	klasa 1: 68	klasa 0: 24	razem: 92
regex 85:	G.G.GC	klasa 1: 55	klasa 0: 36	razem: 91
regex 27:	A.GTG.	klasa 1: 60	klasa 0: 12	razem: 72
regex 53:	GA.T.C	klasa 1: 49	klasa 0: 18	razem: 67
regex 11:	AAG.C.	klasa 1: 58	klasa 0: 5	razem: 63
regex 46:	..GTGC	klasa 1: 46	klasa 0: 16	razem: 62
regex 59:	.AGGA.	klasa 1: 43	klasa 0: 18	razem: 61
regex 10:	A.GTA.	klasa 1: 56	klasa 0: 4	razem: 60
regex 107:	G..CAG	klasa 1: 16	klasa 0: 43	razem: 59
regex 77:	.A.TGT	klasa 1: 37	klasa 0: 20	razem: 57
regex 64:	GA[TG]C[AG]	klasa 1: 38	klasa 0: 17	razem: 55
regex 13:	.AGTGG	klasa 1: 48	klasa 0: 4	razem: 52
regex 15:	GAGT.C	klasa 1: 46	klasa 0: 4	razem: 50
regex 45:	[CTG][ACG]GTGA	klasa 1: 37	klasa 0: 12	razem: 49
regex 16:	GAGT.A	klasa 1: 43	klasa 0: 4	razem: 47
regex 30:	AA..GG	klasa 1: 38	klasa 0: 8	razem: 46
regex 61:	.A.TGC	klasa 1: 32	klasa 0: 13	razem: 45
regex 24:	[GC][CA]GTC	klasa 1: 38	klasa 0: 6	razem: 44
regex 43:	..GTCC	klasa 1: 33	klasa 0: 10	razem: 43
regex 33:	.AGC.C	klasa 1: 35	klasa 0: 8	razem: 43
regex 26:	A.G.AT	klasa 1: 36	klasa 0: 6	razem: 42
regex 97:	A..TGG	klasa 1: 23	klasa 0: 16	razem: 39
regex 75:	A.G.CA	klasa 1: 26	klasa 0: 13	razem: 39
regex 69:	AA.GG.	klasa 1: 27	klasa 0: 12	razem: 39
regex 47:	AA.AG.	klasa 1: 28	klasa 0: 9	razem: 37
regex 21:	A[GCA]GTA[CTA]	klasa 1: 32	klasa 0: 4	razem: 36
regex 54:	.A.TAT	klasa 1: 26	klasa 0: 9	razem: 35
regex 88:	.AGA.C	klasa 1: 21	klasa 0: 13	razem: 34
regex 76:	A.G.CT	klasa 1: 22	klasa 0: 11	razem: 33
regex 83:	A.GG.G	klasa 1: 21	klasa 0: 12	razem: 33
regex 72:	AGGT.	klasa 1: 22	klasa 0: 10	razem: 32
regex 91:	GA..AT	klasa 1: 19	klasa 0: 12	razem: 31
regex 38:	A.GCA.	klasa 1: 24	klasa 0: 6	razem: 30
regex 87:	AA.A.T	klasa 1: 18	klasa 0: 11	razem: 29
regex 48:	AGG[TGC][TCA][TC]	klasa 1: 22	klasa 0: 7	razem: 29
regex 63:	.AGCG.	klasa 1: 20	klasa 0: 8	razem: 28
regex 9:	GAGT[CA]T	klasa 1: 26	klasa 0: 1	razem: 27
regex 51:	A.GC.G	klasa 1: 19	klasa 0: 6	razem: 25
regex 50:	AA.TC.	klasa 1: 19	klasa 0: 6	razem: 25
regex 84:	[TA]A[ACG][AGC]AC	klasa 1: 16	klasa 0: 9	razem: 25
regex 52:	..GTAC	klasa 1: 19	klasa 0: 6	razem: 25
regex 18:	AAGAG.	klasa 1: 22	klasa 0: 2	razem: 24
regex 103:	T.G.GG	klasa 1: 4	klasa 0: 19	razem: 23
regex 86:	A..TCC	klasa 1: 14	klasa 0: 8	razem: 22
regex 60:	AT.TA.	klasa 1: 16	klasa 0: 6	razem: 22
regex 78:	AGG..G	klasa 1: 14	klasa 0: 7	razem: 21
regex 102:	GAAT..	klasa 1: 0	klasa 0: 21	razem: 21
regex 96:	.GGTC.	klasa 1: 12	klasa 0: 8	razem: 20
regex 29:	.A.TAC	klasa 1: 17	klasa 0: 3	razem: 20
regex 12:	AAGGC.	klasa 1: 19	klasa 0: 1	razem: 20
regex 70:	A.GAC.	klasa 1: 14	klasa 0: 6	razem: 20
regex 31:	A..TAC	klasa 1: 16	klasa 0: 3	razem: 19
regex 74:	GA.TCC	klasa 1: 13	klasa 0: 6	razem: 19
regex 95:	A.GAAA	klasa 1: 11	klasa 0: 7	razem: 18
regex 90:	AAC.A.	klasa 1: 10	klasa 0: 6	razem: 16
regex 37:	GAG.TT	klasa 1: 13	klasa 0: 3	razem: 16
regex 98:	GA..CG	klasa 1: 9	klasa 0: 6	razem: 15
regex 8:	A[GA]GTGG	klasa 1: 15	klasa 0: 0	razem: 15
regex 79:	.AGAAA	klasa 1: 10	klasa 0: 5	razem: 15
regex 106:	.CTGGC	klasa 1: 1	klasa 0: 13	razem: 14
regex 66:	GCGT..	klasa 1: 10	klasa 0: 4	razem: 14
regex 49:	GAGAT	klasa 1: 10	klasa 0: 3	razem: 13
regex 109:	.CCGC.	klasa 1: 2	klasa 0: 11	razem: 13
regex 19:	GAGTCT	klasa 1: 12	klasa 0: 1	razem: 13
regex 32:	AA.TTC	klasa 1: 11	klasa 0: 2	razem: 13
regex 62:	AA.GGG	klasa 1: 8	klasa 0: 3	razem: 11
regex 35:	AAGAAA	klasa 1: 9	klasa 0: 2	razem: 11
regex 41:	AGG.AC	klasa 1: 8	klasa 0: 2	razem: 10
regex 40:	AA.AGC	klasa 1: 8	klasa 0: 2	razem: 10
regex 99:	AA.AGA	klasa 1: 6	klasa 0: 4	razem: 10
regex 25:	AGG[CTA]AC	klasa 1: 8	klasa 0: 1	razem: 9
regex 80:	A..GTA	klasa 1: 6	klasa 0: 3	razem: 9
regex 93:	AGGGC	klasa 1: 5	klasa 0: 3	razem: 8
--- Selecting top regexes ---
Adding 10 new regexes from index 1780
Saved 110 regexes to input_data/regex_donor.txt
