--- Running main.py (iteration 428) ---
Class distribution: Counter({np.int64(0): 4672, np.int64(1): 1116})

=== Using: Custom DecisionTree ===

Test performance:
Accuracy:  0.813
Precision: 0.571
Recall:    0.126
AUC:       0.611

=== Classification report ===
              precision    recall  f1-score   support

           0      0.824     0.978     0.894       935
           1      0.571     0.126     0.206       223

    accuracy                          0.813      1158
   macro avg      0.698     0.552     0.550      1158
weighted avg      0.775     0.813     0.762      1158


Text illustration of decision tree (custom):
--- Evaluating regex performance ---
--- Selecting top regexes ---
Adding 10 new regexes from index 4270
Saved 110 regexes to input_data/regex_acceptor.txt
