--- Running main.py (iteration 38) ---
Przed balansowaniem: Counter({np.int64(0): 4140, np.int64(1): 1116})
Bez oversamplingu: utrzymano oryginalny rozkład klas.

=== Using: Custom DecisionTree ===

Test performance:
Accuracy:  0.883
Precision: 0.717
Recall:    0.740
AUC:       0.874

=== Classification report ===
              precision    recall  f1-score   support

           0      0.929     0.922     0.925       829
           1      0.717     0.740     0.728       223

    accuracy                          0.883      1052
   macro avg      0.823     0.831     0.827      1052
weighted avg      0.884     0.883     0.884      1052


Tekstowa ilustracja drzewa decyzyjnego (custom):
--- Evaluating regex performance ---

100 regexów najczęściej dopasowanych dla klasy 1:

regex 0:	.AG	714
regex 11:	G.G	466
regex 4:	A.G	426
regex 13:	[CA][TA][TG]	407
regex 9:	GA.	399
regex 3:	GAG.	388
regex 6:	AA.	379
regex 1:	AAG.	300
regex 2:	AAG..	300
regex 27:	..G..G	260
regex 10:	G[CA][AGT]T	216
regex 8:	GA.T..	209
regex 28:	[TCA][ACG][GC]T	182
regex 47:	[TGA][AG][AG]G	173
regex 7:	AA.T	151
regex 66:	G....C	142
regex 17:	.AGG	140
regex 5:	AAGT	126
regex 15:	.AGC	121
regex 79:	G....T	117
regex 81:	.GG	116
regex 38:	A...C.	108
regex 69:	[AG][CG]G[AGT]	107
regex 12:	A.G..T	104
regex 90:	G...A.	104
regex 80:	....AG	101
regex 68:	...TT.	99
regex 34:	G.G.A.	97
regex 18:	A.GG	89
regex 44:	A[CG][GT]	88
regex 84:	G[AGT][TCG]C	87
regex 22:	A.GA	82
regex 71:	G.GG..	80
regex 72:	G.GG.	80
regex 24:	AA.A	78
regex 50:	GA.G	73
regex 67:	AG.	71
regex 92:	[TAC][AT][AGC]C	71
regex 25:	[CA]AGG	69
regex 56:	AG[CGA]	68
regex 14:	A.GC	68
regex 94:	[AG]A[CA]	67
regex 95:	G...GG	65
regex 40:	G.G.GG	61
regex 41:	..G.CT	60
regex 74:	A[GA][TA][GTA]	58
regex 88:	A.A	56
regex 35:	ATG...	55
regex 36:	ATG	55
regex 33:	..G.AC	53
regex 54:	...TGA	51
regex 73:	G.GA	51
regex 70:	.TGT	50
regex 77:	..GG.G	49
regex 37:	.A.C.G	49
regex 16:	GA.T.C	49
regex 99:	AC.	45
regex 42:	AT.T	44
regex 55:	GA.A	43
regex 39:	AAA.	41
regex 100:	GA[TG]C[AG]	38
regex 49:	A...GA	36
regex 96:	.GG..T	33
regex 20:	.A.TGC	32
regex 82:	[GTA]CG	31
regex 64:	AG.T	27
regex 107:	[GC][ATC]GGG	24
regex 30:	A..TGG	23
regex 61:	[AT]A[TA]G	22
regex 83:	AT...A	21
regex 75:	AAT	19
regex 57:	AAC.	19
regex 87:	GCG	19
regex 104:	A..CG	18
regex 97:	A.AG	18
regex 91:	...TAA	18
regex 58:	AG...G	18
regex 60:	AG.C	17
regex 85:	A.A.G	17
regex 19:	AT.TA.	16
regex 89:	A.TG	16
regex 76:	A.C..C	16
regex 78:	AC.C	14
regex 98:	AC.G	14
regex 32:	GAGG.A	14
regex 52:	AGGG	13
regex 65:	.CGT	12
regex 59:	AAC[AT]	12
regex 45:	ACG.	11
regex 46:	ACG	11
regex 26:	.AGAAA	10
regex 23:	GCGT..	10
regex 48:	A.A.TT	9
regex 31:	GA..CG	9
regex 21:	AA.GGG	8
regex 53:	AATG	8
regex 51:	AACC	7
regex 43:	G.GTTT	7
regex 86:	ACC[GA][GAC]	7
regex 93:	.CG..T	6

100 regexów najczęściej dopasowanych dla klasy 0:

regex 11:	G.G	526
regex 13:	[CA][TA][TG]	489
regex 81:	.GG	398
regex 79:	G....T	397
regex 66:	G....C	390
regex 90:	G...A.	388
regex 47:	[TGA][AG][AG]G	347
regex 27:	..G..G	346
regex 80:	....AG	317
regex 9:	GA.	316
regex 69:	[AG][CG]G[AGT]	269
regex 84:	G[AGT][TCG]C	264
regex 68:	...TT.	237
regex 92:	[TAC][AT][AGC]C	232
regex 94:	[AG]A[CA]	231
regex 0:	.AG	228
regex 95:	G...GG	222
regex 28:	[TCA][ACG][GC]T	204
regex 72:	G.GG.	187
regex 71:	G.GG..	187
regex 88:	A.A	161
regex 99:	AC.	149
regex 67:	AG.	148
regex 4:	A.G	137
regex 38:	A...C.	135
regex 6:	AA.	133
regex 74:	A[GA][TA][GTA]	128
regex 44:	A[CG][GT]	124
regex 56:	AG[CGA]	119
regex 77:	..GG.G	117
regex 34:	G.G.A.	110
regex 73:	G.GA	107
regex 50:	GA.G	106
regex 70:	.TGT	101
regex 96:	.GG..T	100
regex 3:	GAG.	98
regex 10:	G[CA][AGT]T	84
regex 54:	...TGA	83
regex 17:	.AGG	81
regex 105:	CT.T.	79
regex 107:	[GC][ATC]GGG	74
regex 82:	[GTA]CG	72
regex 40:	G.G.GG	70
regex 41:	..G.CT	69
regex 55:	GA.A	68
regex 8:	GA.T..	65
regex 15:	.AGC	56
regex 36:	ATG	55
regex 35:	ATG...	55
regex 97:	A.AG	51
regex 103:	C.T.A	50
regex 42:	AT.T	49
regex 37:	.A.C.G	48
regex 101:	GGGA.	47
regex 83:	AT...A	47
regex 87:	GCG	46
regex 49:	A...GA	45
regex 91:	...TAA	45
regex 64:	AG.T	44
regex 22:	A.GA	44
regex 24:	AA.A	44
regex 33:	..G.AC	44
regex 18:	A.GG	43
regex 39:	AAA.	41
regex 85:	A.A.G	40
regex 89:	A.TG	39
regex 98:	AC.G	39
regex 12:	A.G..T	38
regex 25:	[CA]AGG	38
regex 75:	AAT	36
regex 109:	GA[CAT][ACT]A	35
regex 61:	[AT]A[TA]G	35
regex 76:	A.C..C	33
regex 7:	AA.T	31
regex 78:	AC.C	29
regex 57:	AAC.	28
regex 2:	AAG..	28
regex 1:	AAG.	28
regex 58:	AG...G	27
regex 60:	AG.C	26
regex 14:	A.GC	24
regex 65:	.CGT	19
regex 16:	GA.T.C	18
regex 59:	AAC[AT]	18
regex 104:	A..CG	17
regex 100:	GA[TG]C[AG]	17
regex 52:	AGGG	16
regex 86:	ACC[GA][GAC]	16
regex 30:	A..TGG	16
regex 93:	.CG..T	15
regex 20:	.A.TGC	13
regex 45:	ACG.	12
regex 46:	ACG	12
regex 32:	GAGG.A	10
regex 48:	A.A.TT	10
regex 102:	AG.TT	10
regex 53:	AATG	10
regex 63:	AACT	9
regex 62:	AACA	9
regex 51:	AACC	8

100 regexów z największą łączną liczbą dopasowań (klasa 1 + 0):

regex 11:	G.G	klasa 1: 466	klasa 0: 526	razem: 992
regex 0:	.AG	klasa 1: 714	klasa 0: 228	razem: 942
regex 13:	[CA][TA][TG]	klasa 1: 407	klasa 0: 489	razem: 896
regex 9:	GA.	klasa 1: 399	klasa 0: 316	razem: 715
regex 27:	..G..G	klasa 1: 260	klasa 0: 346	razem: 606
regex 4:	A.G	klasa 1: 426	klasa 0: 137	razem: 563
regex 66:	G....C	klasa 1: 142	klasa 0: 390	razem: 532
regex 47:	[TGA][AG][AG]G	klasa 1: 173	klasa 0: 347	razem: 520
regex 79:	G....T	klasa 1: 117	klasa 0: 397	razem: 514
regex 81:	.GG	klasa 1: 116	klasa 0: 398	razem: 514
regex 6:	AA.	klasa 1: 379	klasa 0: 133	razem: 512
regex 90:	G...A.	klasa 1: 104	klasa 0: 388	razem: 492
regex 3:	GAG.	klasa 1: 388	klasa 0: 98	razem: 486
regex 80:	....AG	klasa 1: 101	klasa 0: 317	razem: 418
regex 28:	[TCA][ACG][GC]T	klasa 1: 182	klasa 0: 204	razem: 386
regex 69:	[AG][CG]G[AGT]	klasa 1: 107	klasa 0: 269	razem: 376
regex 84:	G[AGT][TCG]C	klasa 1: 87	klasa 0: 264	razem: 351
regex 68:	...TT.	klasa 1: 99	klasa 0: 237	razem: 336
regex 2:	AAG..	klasa 1: 300	klasa 0: 28	razem: 328
regex 1:	AAG.	klasa 1: 300	klasa 0: 28	razem: 328
regex 92:	[TAC][AT][AGC]C	klasa 1: 71	klasa 0: 232	razem: 303
regex 10:	G[CA][AGT]T	klasa 1: 216	klasa 0: 84	razem: 300
regex 94:	[AG]A[CA]	klasa 1: 67	klasa 0: 231	razem: 298
regex 95:	G...GG	klasa 1: 65	klasa 0: 222	razem: 287
regex 8:	GA.T..	klasa 1: 209	klasa 0: 65	razem: 274
regex 71:	G.GG..	klasa 1: 80	klasa 0: 187	razem: 267
regex 72:	G.GG.	klasa 1: 80	klasa 0: 187	razem: 267
regex 38:	A...C.	klasa 1: 108	klasa 0: 135	razem: 243
regex 17:	.AGG	klasa 1: 140	klasa 0: 81	razem: 221
regex 67:	AG.	klasa 1: 71	klasa 0: 148	razem: 219
regex 88:	A.A	klasa 1: 56	klasa 0: 161	razem: 217
regex 44:	A[CG][GT]	klasa 1: 88	klasa 0: 124	razem: 212
regex 34:	G.G.A.	klasa 1: 97	klasa 0: 110	razem: 207
regex 99:	AC.	klasa 1: 45	klasa 0: 149	razem: 194
regex 56:	AG[CGA]	klasa 1: 68	klasa 0: 119	razem: 187
regex 74:	A[GA][TA][GTA]	klasa 1: 58	klasa 0: 128	razem: 186
regex 7:	AA.T	klasa 1: 151	klasa 0: 31	razem: 182
regex 50:	GA.G	klasa 1: 73	klasa 0: 106	razem: 179
regex 15:	.AGC	klasa 1: 121	klasa 0: 56	razem: 177
regex 77:	..GG.G	klasa 1: 49	klasa 0: 117	razem: 166
regex 73:	G.GA	klasa 1: 51	klasa 0: 107	razem: 158
regex 70:	.TGT	klasa 1: 50	klasa 0: 101	razem: 151
regex 12:	A.G..T	klasa 1: 104	klasa 0: 38	razem: 142
regex 54:	...TGA	klasa 1: 51	klasa 0: 83	razem: 134
regex 96:	.GG..T	klasa 1: 33	klasa 0: 100	razem: 133
regex 18:	A.GG	klasa 1: 89	klasa 0: 43	razem: 132
regex 40:	G.G.GG	klasa 1: 61	klasa 0: 70	razem: 131
regex 5:	AAGT	klasa 1: 126	klasa 0: 3	razem: 129
regex 41:	..G.CT	klasa 1: 60	klasa 0: 69	razem: 129
regex 22:	A.GA	klasa 1: 82	klasa 0: 44	razem: 126
regex 24:	AA.A	klasa 1: 78	klasa 0: 44	razem: 122
regex 55:	GA.A	klasa 1: 43	klasa 0: 68	razem: 111
regex 36:	ATG	klasa 1: 55	klasa 0: 55	razem: 110
regex 35:	ATG...	klasa 1: 55	klasa 0: 55	razem: 110
regex 25:	[CA]AGG	klasa 1: 69	klasa 0: 38	razem: 107
regex 82:	[GTA]CG	klasa 1: 31	klasa 0: 72	razem: 103
regex 107:	[GC][ATC]GGG	klasa 1: 24	klasa 0: 74	razem: 98
regex 33:	..G.AC	klasa 1: 53	klasa 0: 44	razem: 97
regex 37:	.A.C.G	klasa 1: 49	klasa 0: 48	razem: 97
regex 42:	AT.T	klasa 1: 44	klasa 0: 49	razem: 93
regex 14:	A.GC	klasa 1: 68	klasa 0: 24	razem: 92
regex 39:	AAA.	klasa 1: 41	klasa 0: 41	razem: 82
regex 49:	A...GA	klasa 1: 36	klasa 0: 45	razem: 81
regex 105:	CT.T.	klasa 1: 0	klasa 0: 79	razem: 79
regex 64:	AG.T	klasa 1: 27	klasa 0: 44	razem: 71
regex 97:	A.AG	klasa 1: 18	klasa 0: 51	razem: 69
regex 83:	AT...A	klasa 1: 21	klasa 0: 47	razem: 68
regex 16:	GA.T.C	klasa 1: 49	klasa 0: 18	razem: 67
regex 87:	GCG	klasa 1: 19	klasa 0: 46	razem: 65
regex 91:	...TAA	klasa 1: 18	klasa 0: 45	razem: 63
regex 61:	[AT]A[TA]G	klasa 1: 22	klasa 0: 35	razem: 57
regex 85:	A.A.G	klasa 1: 17	klasa 0: 40	razem: 57
regex 100:	GA[TG]C[AG]	klasa 1: 38	klasa 0: 17	razem: 55
regex 75:	AAT	klasa 1: 19	klasa 0: 36	razem: 55
regex 89:	A.TG	klasa 1: 16	klasa 0: 39	razem: 55
regex 98:	AC.G	klasa 1: 14	klasa 0: 39	razem: 53
regex 101:	GGGA.	klasa 1: 6	klasa 0: 47	razem: 53
regex 103:	C.T.A	klasa 1: 1	klasa 0: 50	razem: 51
regex 76:	A.C..C	klasa 1: 16	klasa 0: 33	razem: 49
regex 57:	AAC.	klasa 1: 19	klasa 0: 28	razem: 47
regex 20:	.A.TGC	klasa 1: 32	klasa 0: 13	razem: 45
regex 58:	AG...G	klasa 1: 18	klasa 0: 27	razem: 45
regex 78:	AC.C	klasa 1: 14	klasa 0: 29	razem: 43
regex 60:	AG.C	klasa 1: 17	klasa 0: 26	razem: 43
regex 30:	A..TGG	klasa 1: 23	klasa 0: 16	razem: 39
regex 109:	GA[CAT][ACT]A	klasa 1: 2	klasa 0: 35	razem: 37
regex 104:	A..CG	klasa 1: 18	klasa 0: 17	razem: 35
regex 65:	.CGT	klasa 1: 12	klasa 0: 19	razem: 31
regex 59:	AAC[AT]	klasa 1: 12	klasa 0: 18	razem: 30
regex 52:	AGGG	klasa 1: 13	klasa 0: 16	razem: 29
regex 32:	GAGG.A	klasa 1: 14	klasa 0: 10	razem: 24
regex 46:	ACG	klasa 1: 11	klasa 0: 12	razem: 23
regex 86:	ACC[GA][GAC]	klasa 1: 7	klasa 0: 16	razem: 23
regex 45:	ACG.	klasa 1: 11	klasa 0: 12	razem: 23
regex 19:	AT.TA.	klasa 1: 16	klasa 0: 6	razem: 22
regex 93:	.CG..T	klasa 1: 6	klasa 0: 15	razem: 21
regex 48:	A.A.TT	klasa 1: 9	klasa 0: 10	razem: 19
regex 53:	AATG	klasa 1: 8	klasa 0: 10	razem: 18
regex 26:	.AGAAA	klasa 1: 10	klasa 0: 5	razem: 15
regex 31:	GA..CG	klasa 1: 9	klasa 0: 6	razem: 15
--- Selecting top regexes ---
Adding 10 new regexes from index 370
Saved 110 regexes to input_data/regex_donor.txt
