--- Running main.py (iteration 22) ---
Przed balansowaniem: Counter({np.int64(0): 4140, np.int64(1): 1116})
Bez oversamplingu: utrzymano oryginalny rozkład klas.

=== Using: Custom DecisionTree ===

Test performance:
Accuracy:  0.874
Precision: 0.703
Recall:    0.700
AUC:       0.867

=== Classification report ===
              precision    recall  f1-score   support

           0      0.919     0.920     0.920       829
           1      0.703     0.700     0.701       223

    accuracy                          0.874      1052
   macro avg      0.811     0.810     0.810      1052
weighted avg      0.873     0.874     0.873      1052


Tekstowa ilustracja drzewa decyzyjnego (custom):
--- Evaluating regex performance ---

100 regexów najczęściej dopasowanych dla klasy 1:

regex 0:	.AG	714
regex 9:	G.G	466
regex 3:	A.G	426
regex 11:	[CA][TA][TG]	407
regex 7:	GA.	399
regex 2:	GAG.	388
regex 4:	AA.	379
regex 1:	AAG.	300
regex 20:	..G..G	260
regex 8:	G[CA][AGT]T	216
regex 6:	GA.T..	209
regex 5:	AA.T	151
regex 47:	G....C	142
regex 14:	.AGG	140
regex 55:	G....T	117
regex 57:	.GG	116
regex 29:	A...C.	108
regex 10:	A.G..T	104
regex 63:	G...A.	104
regex 56:	....AG	101
regex 49:	...TT.	99
regex 25:	G.G.A.	97
regex 87:	[AGT]T[GTC]	92
regex 33:	A[CG][GT]	88
regex 60:	G[AGT][TCG]C	87
regex 101:	A.GA	82
regex 76:	.TG	81
regex 51:	G.GG..	80
regex 38:	GA.G	73
regex 48:	AG.	71
regex 42:	AG[CGA]	68
regex 12:	A.GC	68
regex 83:	[GCA]A[CA]	68
regex 66:	[AG]A[CA]	67
regex 67:	G...GG	65
regex 30:	G.G.GG	61
regex 31:	..G.CT	60
regex 62:	A.A	56
regex 26:	ATG...	55
regex 27:	ATG	55
regex 24:	..G.AC	53
regex 40:	...TGA	51
regex 50:	.TGT	50
regex 13:	GA.T.C	49
regex 54:	..GG.G	49
regex 28:	.A.C.G	49
regex 89:	.AA	45
regex 70:	AC.	45
regex 72:	A.T	44
regex 105:	AT.T	44
regex 41:	GA.A	43
regex 74:	A.C	42
regex 94:	[CT][GA]G	39
regex 37:	A...GA	36
regex 86:	[CA][ACG]A[TAC]	36
regex 68:	.GG..T	33
regex 16:	.A.TGC	32
regex 79:	G..G.C	31
regex 58:	[GTA]CG	31
regex 80:	G..CC.	30
regex 99:	...AT.	30
regex 97:	[AG]TG[GAC]	25
regex 21:	A..TGG	23
regex 59:	AT...A	21
regex 52:	AAT	19
regex 61:	GCG	19
regex 88:	.TG..C	19
regex 43:	AAC.	19
regex 44:	AG...G	18
regex 64:	...TAA	18
regex 92:	...AGA	17
regex 93:	.G..CC	17
regex 109:	T.GT	16
regex 15:	AT.TA.	16
regex 53:	A.C..C	16
regex 96:	...AAG	15
regex 23:	GAGG.A	14
regex 69:	AC.G	14
regex 71:	ACT	14
regex 75:	AG...T	14
regex 98:	GC.T	13
regex 39:	AGGG	13
regex 45:	AAC[AT]	12
regex 81:	.G..AC	12
regex 78:	.AAT..	12
regex 85:	...AAT	12
regex 73:	C.GT	11
regex 34:	ACG	11
regex 35:	ACG.	11
regex 18:	GCGT..	10
regex 19:	.AGAAA	10
regex 103:	.ACT	9
regex 22:	GA..CG	9
regex 36:	A.A.TT	9
regex 17:	AA.GGG	8
regex 32:	G.GTTT	7
regex 77:	.GGCC.	7
regex 95:	A.TA..	7
regex 82:	TAG	7
regex 46:	AACT	6

100 regexów najczęściej dopasowanych dla klasy 0:

regex 87:	[AGT]T[GTC]	681
regex 9:	G.G	526
regex 11:	[CA][TA][TG]	489
regex 57:	.GG	398
regex 55:	G....T	397
regex 47:	G....C	390
regex 63:	G...A.	388
regex 76:	.TG	374
regex 83:	[GCA]A[CA]	363
regex 20:	..G..G	346
regex 56:	....AG	317
regex 7:	GA.	316
regex 60:	G[AGT][TCG]C	264
regex 89:	.AA	238
regex 49:	...TT.	237
regex 66:	[AG]A[CA]	231
regex 0:	.AG	228
regex 67:	G...GG	222
regex 94:	[CT][GA]G	218
regex 51:	G.GG..	187
regex 99:	...AT.	172
regex 86:	[CA][ACG]A[TAC]	166
regex 62:	A.A	161
regex 72:	A.T	150
regex 70:	AC.	149
regex 48:	AG.	148
regex 74:	A.C	146
regex 3:	A.G	137
regex 29:	A...C.	135
regex 97:	[AG]TG[GAC]	135
regex 4:	AA.	133
regex 33:	A[CG][GT]	124
regex 80:	G..CC.	119
regex 42:	AG[CGA]	119
regex 79:	G..G.C	119
regex 54:	..GG.G	117
regex 25:	G.G.A.	110
regex 38:	GA.G	106
regex 50:	.TGT	101
regex 68:	.GG..T	100
regex 2:	GAG.	98
regex 108:	TT.T	95
regex 88:	.TG..C	85
regex 8:	G[CA][AGT]T	84
regex 40:	...TGA	83
regex 93:	.G..CC	82
regex 14:	.AGG	81
regex 92:	...AGA	81
regex 96:	...AAG	75
regex 58:	[GTA]CG	72
regex 30:	G.G.GG	70
regex 31:	..G.CT	69
regex 41:	GA.A	68
regex 98:	GC.T	65
regex 6:	GA.T..	65
regex 103:	.ACT	63
regex 107:	GC.A	62
regex 104:	G.CG	60
regex 27:	ATG	55
regex 26:	ATG...	55
regex 106:	GGCC	50
regex 105:	AT.T	49
regex 85:	...AAT	48
regex 28:	.A.C.G	48
regex 59:	AT...A	47
regex 109:	T.GT	47
regex 61:	GCG	46
regex 64:	...TAA	45
regex 37:	A...GA	45
regex 24:	..G.AC	44
regex 101:	A.GA	44
regex 75:	AG...T	44
regex 81:	.G..AC	44
regex 78:	.AAT..	41
regex 71:	ACT	41
regex 69:	AC.G	39
regex 10:	A.G..T	38
regex 52:	AAT	36
regex 53:	A.C..C	33
regex 95:	A.TA..	33
regex 73:	C.GT	32
regex 5:	AA.T	31
regex 43:	AAC.	28
regex 1:	AAG.	28
regex 44:	AG...G	27
regex 90:	GTGC..	26
regex 91:	TA.T	26
regex 82:	TAG	25
regex 12:	A.GC	24
regex 77:	.GGCC.	22
regex 84:	.GGC.T	19
regex 13:	GA.T.C	18
regex 45:	AAC[AT]	18
regex 39:	AGGG	16
regex 21:	A..TGG	16
regex 65:	.CG..T	15
regex 16:	.A.TGC	13
regex 34:	ACG	12
regex 35:	ACG.	12
regex 36:	A.A.TT	10

100 regexów z największą łączną liczbą dopasowań (klasa 1 + 0):

regex 9:	G.G	klasa 1: 466	klasa 0: 526	razem: 992
regex 0:	.AG	klasa 1: 714	klasa 0: 228	razem: 942
regex 11:	[CA][TA][TG]	klasa 1: 407	klasa 0: 489	razem: 896
regex 87:	[AGT]T[GTC]	klasa 1: 92	klasa 0: 681	razem: 773
regex 7:	GA.	klasa 1: 399	klasa 0: 316	razem: 715
regex 20:	..G..G	klasa 1: 260	klasa 0: 346	razem: 606
regex 3:	A.G	klasa 1: 426	klasa 0: 137	razem: 563
regex 47:	G....C	klasa 1: 142	klasa 0: 390	razem: 532
regex 55:	G....T	klasa 1: 117	klasa 0: 397	razem: 514
regex 57:	.GG	klasa 1: 116	klasa 0: 398	razem: 514
regex 4:	AA.	klasa 1: 379	klasa 0: 133	razem: 512
regex 63:	G...A.	klasa 1: 104	klasa 0: 388	razem: 492
regex 2:	GAG.	klasa 1: 388	klasa 0: 98	razem: 486
regex 76:	.TG	klasa 1: 81	klasa 0: 374	razem: 455
regex 83:	[GCA]A[CA]	klasa 1: 68	klasa 0: 363	razem: 431
regex 56:	....AG	klasa 1: 101	klasa 0: 317	razem: 418
regex 60:	G[AGT][TCG]C	klasa 1: 87	klasa 0: 264	razem: 351
regex 49:	...TT.	klasa 1: 99	klasa 0: 237	razem: 336
regex 1:	AAG.	klasa 1: 300	klasa 0: 28	razem: 328
regex 8:	G[CA][AGT]T	klasa 1: 216	klasa 0: 84	razem: 300
regex 66:	[AG]A[CA]	klasa 1: 67	klasa 0: 231	razem: 298
regex 67:	G...GG	klasa 1: 65	klasa 0: 222	razem: 287
regex 89:	.AA	klasa 1: 45	klasa 0: 238	razem: 283
regex 6:	GA.T..	klasa 1: 209	klasa 0: 65	razem: 274
regex 51:	G.GG..	klasa 1: 80	klasa 0: 187	razem: 267
regex 94:	[CT][GA]G	klasa 1: 39	klasa 0: 218	razem: 257
regex 29:	A...C.	klasa 1: 108	klasa 0: 135	razem: 243
regex 14:	.AGG	klasa 1: 140	klasa 0: 81	razem: 221
regex 48:	AG.	klasa 1: 71	klasa 0: 148	razem: 219
regex 62:	A.A	klasa 1: 56	klasa 0: 161	razem: 217
regex 33:	A[CG][GT]	klasa 1: 88	klasa 0: 124	razem: 212
regex 25:	G.G.A.	klasa 1: 97	klasa 0: 110	razem: 207
regex 99:	...AT.	klasa 1: 30	klasa 0: 172	razem: 202
regex 86:	[CA][ACG]A[TAC]	klasa 1: 36	klasa 0: 166	razem: 202
regex 70:	AC.	klasa 1: 45	klasa 0: 149	razem: 194
regex 72:	A.T	klasa 1: 44	klasa 0: 150	razem: 194
regex 74:	A.C	klasa 1: 42	klasa 0: 146	razem: 188
regex 42:	AG[CGA]	klasa 1: 68	klasa 0: 119	razem: 187
regex 5:	AA.T	klasa 1: 151	klasa 0: 31	razem: 182
regex 38:	GA.G	klasa 1: 73	klasa 0: 106	razem: 179
regex 54:	..GG.G	klasa 1: 49	klasa 0: 117	razem: 166
regex 97:	[AG]TG[GAC]	klasa 1: 25	klasa 0: 135	razem: 160
regex 50:	.TGT	klasa 1: 50	klasa 0: 101	razem: 151
regex 79:	G..G.C	klasa 1: 31	klasa 0: 119	razem: 150
regex 80:	G..CC.	klasa 1: 30	klasa 0: 119	razem: 149
regex 10:	A.G..T	klasa 1: 104	klasa 0: 38	razem: 142
regex 40:	...TGA	klasa 1: 51	klasa 0: 83	razem: 134
regex 68:	.GG..T	klasa 1: 33	klasa 0: 100	razem: 133
regex 30:	G.G.GG	klasa 1: 61	klasa 0: 70	razem: 131
regex 31:	..G.CT	klasa 1: 60	klasa 0: 69	razem: 129
regex 101:	A.GA	klasa 1: 82	klasa 0: 44	razem: 126
regex 41:	GA.A	klasa 1: 43	klasa 0: 68	razem: 111
regex 27:	ATG	klasa 1: 55	klasa 0: 55	razem: 110
regex 26:	ATG...	klasa 1: 55	klasa 0: 55	razem: 110
regex 88:	.TG..C	klasa 1: 19	klasa 0: 85	razem: 104
regex 58:	[GTA]CG	klasa 1: 31	klasa 0: 72	razem: 103
regex 93:	.G..CC	klasa 1: 17	klasa 0: 82	razem: 99
regex 108:	TT.T	klasa 1: 4	klasa 0: 95	razem: 99
regex 92:	...AGA	klasa 1: 17	klasa 0: 81	razem: 98
regex 28:	.A.C.G	klasa 1: 49	klasa 0: 48	razem: 97
regex 24:	..G.AC	klasa 1: 53	klasa 0: 44	razem: 97
regex 105:	AT.T	klasa 1: 44	klasa 0: 49	razem: 93
regex 12:	A.GC	klasa 1: 68	klasa 0: 24	razem: 92
regex 96:	...AAG	klasa 1: 15	klasa 0: 75	razem: 90
regex 37:	A...GA	klasa 1: 36	klasa 0: 45	razem: 81
regex 98:	GC.T	klasa 1: 13	klasa 0: 65	razem: 78
regex 103:	.ACT	klasa 1: 9	klasa 0: 63	razem: 72
regex 59:	AT...A	klasa 1: 21	klasa 0: 47	razem: 68
regex 13:	GA.T.C	klasa 1: 49	klasa 0: 18	razem: 67
regex 107:	GC.A	klasa 1: 4	klasa 0: 62	razem: 66
regex 61:	GCG	klasa 1: 19	klasa 0: 46	razem: 65
regex 64:	...TAA	klasa 1: 18	klasa 0: 45	razem: 63
regex 109:	T.GT	klasa 1: 16	klasa 0: 47	razem: 63
regex 104:	G.CG	klasa 1: 1	klasa 0: 60	razem: 61
regex 85:	...AAT	klasa 1: 12	klasa 0: 48	razem: 60
regex 75:	AG...T	klasa 1: 14	klasa 0: 44	razem: 58
regex 81:	.G..AC	klasa 1: 12	klasa 0: 44	razem: 56
regex 52:	AAT	klasa 1: 19	klasa 0: 36	razem: 55
regex 71:	ACT	klasa 1: 14	klasa 0: 41	razem: 55
regex 69:	AC.G	klasa 1: 14	klasa 0: 39	razem: 53
regex 78:	.AAT..	klasa 1: 12	klasa 0: 41	razem: 53
regex 106:	GGCC	klasa 1: 0	klasa 0: 50	razem: 50
regex 53:	A.C..C	klasa 1: 16	klasa 0: 33	razem: 49
regex 43:	AAC.	klasa 1: 19	klasa 0: 28	razem: 47
regex 44:	AG...G	klasa 1: 18	klasa 0: 27	razem: 45
regex 16:	.A.TGC	klasa 1: 32	klasa 0: 13	razem: 45
regex 73:	C.GT	klasa 1: 11	klasa 0: 32	razem: 43
regex 95:	A.TA..	klasa 1: 7	klasa 0: 33	razem: 40
regex 21:	A..TGG	klasa 1: 23	klasa 0: 16	razem: 39
regex 82:	TAG	klasa 1: 7	klasa 0: 25	razem: 32
regex 90:	GTGC..	klasa 1: 6	klasa 0: 26	razem: 32
regex 91:	TA.T	klasa 1: 6	klasa 0: 26	razem: 32
regex 45:	AAC[AT]	klasa 1: 12	klasa 0: 18	razem: 30
regex 39:	AGGG	klasa 1: 13	klasa 0: 16	razem: 29
regex 77:	.GGCC.	klasa 1: 7	klasa 0: 22	razem: 29
regex 23:	GAGG.A	klasa 1: 14	klasa 0: 10	razem: 24
regex 84:	.GGC.T	klasa 1: 5	klasa 0: 19	razem: 24
regex 34:	ACG	klasa 1: 11	klasa 0: 12	razem: 23
regex 35:	ACG.	klasa 1: 11	klasa 0: 12	razem: 23
regex 15:	AT.TA.	klasa 1: 16	klasa 0: 6	razem: 22
--- Selecting top regexes ---
Adding 10 new regexes from index 210
Saved 110 regexes to input_data/regex_donor.txt
