--- Running main.py (iteration 427) ---
Class distribution: Counter({np.int64(0): 4672, np.int64(1): 1116})

=== Using: Custom DecisionTree ===

Test performance:
Accuracy:  0.813
Precision: 0.564
Recall:    0.139
AUC:       0.632

=== Classification report ===
              precision    recall  f1-score   support

           0      0.826     0.974     0.894       935
           1      0.564     0.139     0.223       223

    accuracy                          0.813      1158
   macro avg      0.695     0.557     0.559      1158
weighted avg      0.775     0.813     0.765      1158


Text illustration of decision tree (custom):
--- Evaluating regex performance ---
--- Selecting top regexes ---
Adding 10 new regexes from index 4260
Saved 110 regexes to input_data/regex_acceptor.txt
