--- Running main.py (iteration 16) ---
Przed balansowaniem: Counter({np.int64(0): 4140, np.int64(1): 1116})
Bez oversamplingu: utrzymano oryginalny rozkład klas.

=== Using: Custom DecisionTree ===

Test performance:
Accuracy:  0.882
Precision: 0.730
Recall:    0.704
AUC:       0.866

=== Classification report ===
              precision    recall  f1-score   support

           0      0.921     0.930     0.926       829
           1      0.730     0.704     0.717       223

    accuracy                          0.882      1052
   macro avg      0.826     0.817     0.821      1052
weighted avg      0.881     0.882     0.881      1052


Tekstowa ilustracja drzewa decyzyjnego (custom):
--- Evaluating regex performance ---

100 regexów najczęściej dopasowanych dla klasy 1:

regex 0:	.AG	714
regex 7:	G.G	466
regex 1:	A.G	426
regex 9:	[CA][TA][TG]	407
regex 5:	GA.	399
regex 2:	AA.	379
regex 17:	..G..G	260
regex 6:	G[CA][AGT]T	216
regex 4:	GA.T..	209
regex 3:	AA.T	151
regex 39:	G....C	142
regex 11:	.AGG	140
regex 46:	G....T	117
regex 48:	.GG	116
regex 26:	A...C.	108
regex 53:	G...A.	104
regex 8:	A.G..T	104
regex 47:	....AG	101
regex 41:	...TT.	99
regex 22:	G.G.A.	97
regex 76:	[AGT]T[GTC]	92
regex 30:	A[CG][GT]	88
regex 65:	.TG	81
regex 42:	G.GG..	80
regex 40:	AG.	71
regex 72:	[GCA]A[CA]	68
regex 36:	AG[CGA]	68
regex 56:	[AG]A[CA]	67
regex 57:	G...GG	65
regex 27:	G.G.GG	61
regex 28:	..G.CT	60
regex 52:	A.A	56
regex 24:	ATG	55
regex 23:	ATG...	55
regex 21:	..G.AC	53
regex 35:	...TGA	51
regex 45:	..GG.G	49
regex 25:	.A.C.G	49
regex 10:	GA.T.C	49
regex 60:	AC.	45
regex 78:	.AA	45
regex 62:	A.T	44
regex 94:	GG[GT]	43
regex 98:	[AC][ATC]T	43
regex 63:	A.C	42
regex 83:	[CT][GA]G	39
regex 34:	A...GA	36
regex 75:	[CA][ACG]A[TAC]	36
regex 58:	.GG..T	33
regex 105:	[CA][CGA]T[GCT]	33
regex 13:	.A.TGC	32
regex 68:	G..G.C	31
regex 49:	[GTA]CG	31
regex 86:	...AT.	30
regex 69:	G..CC.	30
regex 97:	.AT	24
regex 18:	A..TGG	23
regex 96:	.GGG	22
regex 50:	AT...A	21
regex 90:	G...TG	21
regex 51:	GCG	19
regex 43:	AAT	19
regex 77:	.TG..C	19
regex 37:	AG...G	18
regex 54:	...TAA	18
regex 82:	.G..CC	17
regex 81:	...AGA	17
regex 89:	.AAG..	16
regex 44:	A.C..C	16
regex 12:	AT.TA.	16
regex 85:	...AAG	15
regex 20:	GAGG.A	14
regex 61:	ACT	14
regex 59:	AC.G	14
regex 64:	AG...T	14
regex 102:	AGGG	13
regex 38:	AAC[AT]	12
regex 74:	...AAT	12
regex 67:	.AAT..	12
regex 70:	.G..AC	12
regex 101:	C.GT	11
regex 32:	ACG.	11
regex 31:	ACG	11
regex 15:	GCGT..	10
regex 16:	.AGAAA	10
regex 19:	GA..CG	9
regex 33:	A.A.TT	9
regex 95:	A.C.G.	9
regex 91:	ATT.	8
regex 14:	AA.GGG	8
regex 92:	AC.T..	8
regex 29:	G.GTTT	7
regex 66:	.GGCC.	7
regex 71:	TAG	7
regex 84:	A.TA..	7
regex 55:	.CG..T	6
regex 80:	GTGC..	6
regex 109:	CA.A	6
regex 93:	AGC	6
regex 99:	.G.TGG	6

100 regexów najczęściej dopasowanych dla klasy 0:

regex 76:	[AGT]T[GTC]	681
regex 7:	G.G	526
regex 9:	[CA][TA][TG]	489
regex 48:	.GG	398
regex 46:	G....T	397
regex 39:	G....C	390
regex 53:	G...A.	388
regex 65:	.TG	374
regex 98:	[AC][ATC]T	369
regex 72:	[GCA]A[CA]	363
regex 94:	GG[GT]	351
regex 17:	..G..G	346
regex 47:	....AG	317
regex 5:	GA.	316
regex 105:	[CA][CGA]T[GCT]	239
regex 78:	.AA	238
regex 41:	...TT.	237
regex 56:	[AG]A[CA]	231
regex 0:	.AG	228
regex 57:	G...GG	222
regex 83:	[CT][GA]G	218
regex 42:	G.GG..	187
regex 86:	...AT.	172
regex 97:	.AT	172
regex 75:	[CA][ACG]A[TAC]	166
regex 52:	A.A	161
regex 96:	.GGG	155
regex 62:	A.T	150
regex 60:	AC.	149
regex 40:	AG.	148
regex 63:	A.C	146
regex 1:	A.G	137
regex 26:	A...C.	135
regex 2:	AA.	133
regex 30:	A[CG][GT]	124
regex 90:	G...TG	124
regex 69:	G..CC.	119
regex 68:	G..G.C	119
regex 36:	AG[CGA]	119
regex 45:	..GG.G	117
regex 22:	G.G.A.	110
regex 58:	.GG..T	100
regex 100:	[TG][AG]TG	96
regex 89:	.AAG..	87
regex 77:	.TG..C	85
regex 6:	G[CA][AGT]T	84
regex 108:	GCA.	84
regex 35:	...TGA	83
regex 82:	.G..CC	82
regex 11:	.AGG	81
regex 81:	...AGA	81
regex 85:	...AAG	75
regex 49:	[GTA]CG	72
regex 27:	G.G.GG	70
regex 28:	..G.CT	69
regex 4:	GA.T..	65
regex 109:	CA.A	61
regex 95:	A.C.G.	57
regex 23:	ATG...	55
regex 24:	ATG	55
regex 74:	...AAT	48
regex 25:	.A.C.G	48
regex 50:	AT...A	47
regex 51:	GCG	46
regex 92:	AC.T..	46
regex 54:	...TAA	45
regex 34:	A...GA	45
regex 64:	AG...T	44
regex 91:	ATT.	44
regex 21:	..G.AC	44
regex 70:	.G..AC	44
regex 67:	.AAT..	41
regex 61:	ACT	41
regex 59:	AC.G	39
regex 99:	.G.TGG	39
regex 8:	A.G..T	38
regex 103:	CG[TC][CTG]	37
regex 43:	AAT	36
regex 93:	AGC	36
regex 44:	A.C..C	33
regex 84:	A.TA..	33
regex 101:	C.GT	32
regex 3:	AA.T	31
regex 106:	TAC.	30
regex 37:	AG...G	27
regex 79:	TA.T	26
regex 80:	GTGC..	26
regex 88:	..ACG.	25
regex 87:	G..AGA	25
regex 71:	TAG	25
regex 66:	.GGCC.	22
regex 73:	.GGC.T	19
regex 38:	AAC[AT]	18
regex 10:	GA.T.C	18
regex 104:	GCTT	18
regex 102:	AGGG	16
regex 18:	A..TGG	16
regex 55:	.CG..T	15
regex 13:	.A.TGC	13
regex 32:	ACG.	12

100 regexów z największą łączną liczbą dopasowań (klasa 1 + 0):

regex 7:	G.G	klasa 1: 466	klasa 0: 526	razem: 992
regex 0:	.AG	klasa 1: 714	klasa 0: 228	razem: 942
regex 9:	[CA][TA][TG]	klasa 1: 407	klasa 0: 489	razem: 896
regex 76:	[AGT]T[GTC]	klasa 1: 92	klasa 0: 681	razem: 773
regex 5:	GA.	klasa 1: 399	klasa 0: 316	razem: 715
regex 17:	..G..G	klasa 1: 260	klasa 0: 346	razem: 606
regex 1:	A.G	klasa 1: 426	klasa 0: 137	razem: 563
regex 39:	G....C	klasa 1: 142	klasa 0: 390	razem: 532
regex 46:	G....T	klasa 1: 117	klasa 0: 397	razem: 514
regex 48:	.GG	klasa 1: 116	klasa 0: 398	razem: 514
regex 2:	AA.	klasa 1: 379	klasa 0: 133	razem: 512
regex 53:	G...A.	klasa 1: 104	klasa 0: 388	razem: 492
regex 65:	.TG	klasa 1: 81	klasa 0: 374	razem: 455
regex 72:	[GCA]A[CA]	klasa 1: 68	klasa 0: 363	razem: 431
regex 47:	....AG	klasa 1: 101	klasa 0: 317	razem: 418
regex 98:	[AC][ATC]T	klasa 1: 43	klasa 0: 369	razem: 412
regex 94:	GG[GT]	klasa 1: 43	klasa 0: 351	razem: 394
regex 41:	...TT.	klasa 1: 99	klasa 0: 237	razem: 336
regex 6:	G[CA][AGT]T	klasa 1: 216	klasa 0: 84	razem: 300
regex 56:	[AG]A[CA]	klasa 1: 67	klasa 0: 231	razem: 298
regex 57:	G...GG	klasa 1: 65	klasa 0: 222	razem: 287
regex 78:	.AA	klasa 1: 45	klasa 0: 238	razem: 283
regex 4:	GA.T..	klasa 1: 209	klasa 0: 65	razem: 274
regex 105:	[CA][CGA]T[GCT]	klasa 1: 33	klasa 0: 239	razem: 272
regex 42:	G.GG..	klasa 1: 80	klasa 0: 187	razem: 267
regex 83:	[CT][GA]G	klasa 1: 39	klasa 0: 218	razem: 257
regex 26:	A...C.	klasa 1: 108	klasa 0: 135	razem: 243
regex 11:	.AGG	klasa 1: 140	klasa 0: 81	razem: 221
regex 40:	AG.	klasa 1: 71	klasa 0: 148	razem: 219
regex 52:	A.A	klasa 1: 56	klasa 0: 161	razem: 217
regex 30:	A[CG][GT]	klasa 1: 88	klasa 0: 124	razem: 212
regex 22:	G.G.A.	klasa 1: 97	klasa 0: 110	razem: 207
regex 75:	[CA][ACG]A[TAC]	klasa 1: 36	klasa 0: 166	razem: 202
regex 86:	...AT.	klasa 1: 30	klasa 0: 172	razem: 202
regex 97:	.AT	klasa 1: 24	klasa 0: 172	razem: 196
regex 60:	AC.	klasa 1: 45	klasa 0: 149	razem: 194
regex 62:	A.T	klasa 1: 44	klasa 0: 150	razem: 194
regex 63:	A.C	klasa 1: 42	klasa 0: 146	razem: 188
regex 36:	AG[CGA]	klasa 1: 68	klasa 0: 119	razem: 187
regex 3:	AA.T	klasa 1: 151	klasa 0: 31	razem: 182
regex 96:	.GGG	klasa 1: 22	klasa 0: 155	razem: 177
regex 45:	..GG.G	klasa 1: 49	klasa 0: 117	razem: 166
regex 68:	G..G.C	klasa 1: 31	klasa 0: 119	razem: 150
regex 69:	G..CC.	klasa 1: 30	klasa 0: 119	razem: 149
regex 90:	G...TG	klasa 1: 21	klasa 0: 124	razem: 145
regex 8:	A.G..T	klasa 1: 104	klasa 0: 38	razem: 142
regex 35:	...TGA	klasa 1: 51	klasa 0: 83	razem: 134
regex 58:	.GG..T	klasa 1: 33	klasa 0: 100	razem: 133
regex 27:	G.G.GG	klasa 1: 61	klasa 0: 70	razem: 131
regex 28:	..G.CT	klasa 1: 60	klasa 0: 69	razem: 129
regex 23:	ATG...	klasa 1: 55	klasa 0: 55	razem: 110
regex 24:	ATG	klasa 1: 55	klasa 0: 55	razem: 110
regex 77:	.TG..C	klasa 1: 19	klasa 0: 85	razem: 104
regex 49:	[GTA]CG	klasa 1: 31	klasa 0: 72	razem: 103
regex 89:	.AAG..	klasa 1: 16	klasa 0: 87	razem: 103
regex 82:	.G..CC	klasa 1: 17	klasa 0: 82	razem: 99
regex 81:	...AGA	klasa 1: 17	klasa 0: 81	razem: 98
regex 25:	.A.C.G	klasa 1: 49	klasa 0: 48	razem: 97
regex 21:	..G.AC	klasa 1: 53	klasa 0: 44	razem: 97
regex 100:	[TG][AG]TG	klasa 1: 1	klasa 0: 96	razem: 97
regex 85:	...AAG	klasa 1: 15	klasa 0: 75	razem: 90
regex 108:	GCA.	klasa 1: 5	klasa 0: 84	razem: 89
regex 34:	A...GA	klasa 1: 36	klasa 0: 45	razem: 81
regex 50:	AT...A	klasa 1: 21	klasa 0: 47	razem: 68
regex 10:	GA.T.C	klasa 1: 49	klasa 0: 18	razem: 67
regex 109:	CA.A	klasa 1: 6	klasa 0: 61	razem: 67
regex 95:	A.C.G.	klasa 1: 9	klasa 0: 57	razem: 66
regex 51:	GCG	klasa 1: 19	klasa 0: 46	razem: 65
regex 54:	...TAA	klasa 1: 18	klasa 0: 45	razem: 63
regex 74:	...AAT	klasa 1: 12	klasa 0: 48	razem: 60
regex 64:	AG...T	klasa 1: 14	klasa 0: 44	razem: 58
regex 70:	.G..AC	klasa 1: 12	klasa 0: 44	razem: 56
regex 61:	ACT	klasa 1: 14	klasa 0: 41	razem: 55
regex 43:	AAT	klasa 1: 19	klasa 0: 36	razem: 55
regex 92:	AC.T..	klasa 1: 8	klasa 0: 46	razem: 54
regex 59:	AC.G	klasa 1: 14	klasa 0: 39	razem: 53
regex 67:	.AAT..	klasa 1: 12	klasa 0: 41	razem: 53
regex 91:	ATT.	klasa 1: 8	klasa 0: 44	razem: 52
regex 44:	A.C..C	klasa 1: 16	klasa 0: 33	razem: 49
regex 37:	AG...G	klasa 1: 18	klasa 0: 27	razem: 45
regex 13:	.A.TGC	klasa 1: 32	klasa 0: 13	razem: 45
regex 99:	.G.TGG	klasa 1: 6	klasa 0: 39	razem: 45
regex 101:	C.GT	klasa 1: 11	klasa 0: 32	razem: 43
regex 93:	AGC	klasa 1: 6	klasa 0: 36	razem: 42
regex 84:	A.TA..	klasa 1: 7	klasa 0: 33	razem: 40
regex 18:	A..TGG	klasa 1: 23	klasa 0: 16	razem: 39
regex 103:	CG[TC][CTG]	klasa 1: 0	klasa 0: 37	razem: 37
regex 80:	GTGC..	klasa 1: 6	klasa 0: 26	razem: 32
regex 71:	TAG	klasa 1: 7	klasa 0: 25	razem: 32
regex 79:	TA.T	klasa 1: 6	klasa 0: 26	razem: 32
regex 106:	TAC.	klasa 1: 0	klasa 0: 30	razem: 30
regex 88:	..ACG.	klasa 1: 5	klasa 0: 25	razem: 30
regex 38:	AAC[AT]	klasa 1: 12	klasa 0: 18	razem: 30
regex 87:	G..AGA	klasa 1: 5	klasa 0: 25	razem: 30
regex 66:	.GGCC.	klasa 1: 7	klasa 0: 22	razem: 29
regex 102:	AGGG	klasa 1: 13	klasa 0: 16	razem: 29
regex 73:	.GGC.T	klasa 1: 5	klasa 0: 19	razem: 24
regex 20:	GAGG.A	klasa 1: 14	klasa 0: 10	razem: 24
regex 32:	ACG.	klasa 1: 11	klasa 0: 12	razem: 23
regex 31:	ACG	klasa 1: 11	klasa 0: 12	razem: 23
--- Selecting top regexes ---
Adding 10 new regexes from index 150
Saved 110 regexes to input_data/regex_donor.txt
