--- Running main.py (iteration 346) ---
Class distribution: Counter({np.int64(0): 4672, np.int64(1): 1116})

=== Using: Custom DecisionTree ===

Test performance:
Accuracy:  0.810
Precision: 0.535
Recall:    0.103
AUC:       0.614

=== Classification report ===
              precision    recall  f1-score   support

           0      0.821     0.979     0.893       935
           1      0.535     0.103     0.173       223

    accuracy                          0.810      1158
   macro avg      0.678     0.541     0.533      1158
weighted avg      0.766     0.810     0.754      1158


Text illustration of decision tree (custom):
--- Evaluating regex performance ---
--- Selecting top regexes ---
Adding 10 new regexes from index 3450
Saved 110 regexes to input_data/regex_acceptor.txt
