--- Running main.py (iteration 365) ---
Class distribution: Counter({np.int64(0): 4672, np.int64(1): 1116})

=== Using: Custom DecisionTree ===

Test performance:
Accuracy:  0.808
Precision: 0.510
Recall:    0.117
AUC:       0.630

=== Classification report ===
              precision    recall  f1-score   support

           0      0.822     0.973     0.891       935
           1      0.510     0.117     0.190       223

    accuracy                          0.808      1158
   macro avg      0.666     0.545     0.541      1158
weighted avg      0.762     0.808     0.756      1158


Text illustration of decision tree (custom):
--- Evaluating regex performance ---
--- Selecting top regexes ---
Adding 10 new regexes from index 3640
Saved 110 regexes to input_data/regex_acceptor.txt
