--- Running main.py (iteration 47) ---
Przed balansowaniem: Counter({np.int64(0): 4140, np.int64(1): 1116})
Bez oversamplingu: utrzymano oryginalny rozkład klas.

=== Using: Custom DecisionTree ===

Test performance:
Accuracy:  0.880
Precision: 0.708
Recall:    0.740
AUC:       0.873

=== Classification report ===
              precision    recall  f1-score   support

           0      0.929     0.918     0.924       829
           1      0.708     0.740     0.724       223

    accuracy                          0.880      1052
   macro avg      0.819     0.829     0.824      1052
weighted avg      0.882     0.880     0.881      1052


Tekstowa ilustracja drzewa decyzyjnego (custom):
--- Evaluating regex performance ---

100 regexów najczęściej dopasowanych dla klasy 1:

regex 0:	.AG	714
regex 12:	G.G	466
regex 4:	A.G	426
regex 14:	[CA][TA][TG]	407
regex 10:	GA.	399
regex 3:	GAG.	388
regex 6:	AA.	379
regex 1:	AAG.	300
regex 2:	AAG..	300
regex 30:	..G..G	260
regex 11:	G[CA][AGT]T	216
regex 8:	GA.T..	209
regex 31:	[TCA][ACG][GC]T	182
regex 55:	[TGA][AG][AG]G	173
regex 7:	AA.T	151
regex 77:	G....C	142
regex 18:	.AGG	140
regex 9:	A.G.A	134
regex 5:	AAGT	126
regex 16:	.AGC	121
regex 92:	G....T	117
regex 94:	.GG	116
regex 44:	A...C.	108
regex 80:	[AG][CG]G[AGT]	107
regex 13:	A.G..T	104
regex 93:	....AG	101
regex 79:	...TT.	99
regex 38:	G.G.A.	97
regex 19:	A.GG	89
regex 51:	A[CG][GT]	88
regex 97:	G[AGT][TCG]C	87
regex 24:	A.GA	82
regex 83:	G.GG.	80
regex 82:	G.GG..	80
regex 26:	AA.A	78
regex 58:	GA.G	73
regex 78:	AG.	71
regex 28:	[CA]AGG	69
regex 65:	AG[CGA]	68
regex 15:	A.GC	68
regex 47:	G.G.GG	61
regex 48:	..G.CT	60
regex 85:	A[GA][TA][GTA]	58
regex 40:	ATG	55
regex 39:	ATG...	55
regex 37:	..G.AC	53
regex 62:	...TGA	51
regex 84:	G.GA	51
regex 81:	.TGT	50
regex 17:	GA.T.C	49
regex 89:	..GG.G	49
regex 41:	.A.C.G	49
regex 49:	AT.T	44
regex 64:	GA.A.	43
regex 63:	GA.A	43
regex 45:	AAA.	41
regex 103:	[GC][CA]GTC	38
regex 23:	GA[TG]C[AG]	38
regex 57:	A...GA	36
regex 21:	.A.TGC	32
regex 52:	AT[GC][CTA][TA]	31
regex 95:	[GTA]CG	31
regex 43:	[TA][GTC]G[CT]A	28
regex 74:	AG.T	27
regex 100:	G..GC	26
regex 34:	A..TGG	23
regex 75:	A..CC	23
regex 27:	AGGT.	22
regex 70:	[AT]A[TA]G	22
regex 96:	AT...A	21
regex 66:	AAC.	19
regex 86:	AAT	19
regex 46:	A..CG	18
regex 67:	AG...G	18
regex 42:	.TGTA	17
regex 69:	AG.C	17
regex 98:	A.A.G	17
regex 20:	AT.TA.	16
regex 88:	A.C..C	16
regex 87:	AG..T	15
regex 36:	GAGG.A	14
regex 90:	AC.C	14
regex 60:	AGGG	13
regex 68:	AAC[AT]	12
regex 76:	.CGT	12
regex 54:	ACG	11
regex 53:	ACG.	11
regex 25:	GCGT..	10
regex 29:	.AGAAA	10
regex 35:	GA..CG	9
regex 105:	G..GT	9
regex 56:	A.A.TT	9
regex 22:	AA.GGG	8
regex 61:	AATG	8
regex 99:	ACC[GA][GAC]	7
regex 59:	AACC	7
regex 50:	G.GTTT	7
regex 72:	AACT	6
regex 73:	AACT.	6
regex 71:	AACA	6

100 regexów najczęściej dopasowanych dla klasy 0:

regex 12:	G.G	526
regex 14:	[CA][TA][TG]	489
regex 94:	.GG	398
regex 92:	G....T	397
regex 77:	G....C	390
regex 55:	[TGA][AG][AG]G	347
regex 30:	..G..G	346
regex 93:	....AG	317
regex 10:	GA.	316
regex 80:	[AG][CG]G[AGT]	269
regex 97:	G[AGT][TCG]C	264
regex 79:	...TT.	237
regex 0:	.AG	228
regex 31:	[TCA][ACG][GC]T	204
regex 83:	G.GG.	187
regex 82:	G.GG..	187
regex 78:	AG.	148
regex 4:	A.G	137
regex 44:	A...C.	135
regex 6:	AA.	133
regex 100:	G..GC	129
regex 85:	A[GA][TA][GTA]	128
regex 51:	A[CG][GT]	124
regex 65:	AG[CGA]	119
regex 89:	..GG.G	117
regex 38:	G.G.A.	110
regex 84:	G.GA	107
regex 58:	GA.G	106
regex 81:	.TGT	101
regex 3:	GAG.	98
regex 107:	GC.C.	92
regex 106:	G.T.A	92
regex 105:	G..GT	85
regex 11:	G[CA][AGT]T	84
regex 62:	...TGA	83
regex 18:	.AGG	81
regex 95:	[GTA]CG	72
regex 47:	G.G.GG	70
regex 48:	..G.CT	69
regex 63:	GA.A	68
regex 64:	GA.A.	68
regex 8:	GA.T..	65
regex 16:	.AGC	56
regex 39:	ATG...	55
regex 40:	ATG	55
regex 49:	AT.T	49
regex 41:	.A.C.G	48
regex 96:	AT...A	47
regex 57:	A...GA	45
regex 26:	AA.A	44
regex 24:	A.GA	44
regex 37:	..G.AC	44
regex 74:	AG.T	44
regex 19:	A.GG	43
regex 45:	AAA.	41
regex 98:	A.A.G	40
regex 13:	A.G..T	38
regex 28:	[CA]AGG	38
regex 75:	A..CC	37
regex 86:	AAT	36
regex 52:	AT[GC][CTA][TA]	36
regex 70:	[AT]A[TA]G	35
regex 88:	A.C..C	33
regex 9:	A.G.A	32
regex 7:	AA.T	31
regex 87:	AG..T	30
regex 90:	AC.C	29
regex 66:	AAC.	28
regex 1:	AAG.	28
regex 2:	AAG..	28
regex 67:	AG...G	27
regex 43:	[TA][GTC]G[CT]A	26
regex 69:	AG.C	26
regex 15:	A.GC	24
regex 76:	.CGT	19
regex 68:	AAC[AT]	18
regex 17:	GA.T.C	18
regex 23:	GA[TG]C[AG]	17
regex 46:	A..CG	17
regex 34:	A..TGG	16
regex 99:	ACC[GA][GAC]	16
regex 60:	AGGG	16
regex 42:	.TGTA	15
regex 104:	TAA.T	14
regex 21:	.A.TGC	13
regex 54:	ACG	12
regex 53:	ACG.	12
regex 36:	GAGG.A	10
regex 27:	AGGT.	10
regex 91:	AG.TT	10
regex 61:	AATG	10
regex 56:	A.A.TT	10
regex 73:	AACT.	9
regex 71:	AACA	9
regex 72:	AACT	9
regex 59:	AACC	8
regex 108:	CCG.A	8
regex 50:	G.GTTT	7
regex 103:	[GC][CA]GTC	6
regex 20:	AT.TA.	6

100 regexów z największą łączną liczbą dopasowań (klasa 1 + 0):

regex 12:	G.G	klasa 1: 466	klasa 0: 526	razem: 992
regex 0:	.AG	klasa 1: 714	klasa 0: 228	razem: 942
regex 14:	[CA][TA][TG]	klasa 1: 407	klasa 0: 489	razem: 896
regex 10:	GA.	klasa 1: 399	klasa 0: 316	razem: 715
regex 30:	..G..G	klasa 1: 260	klasa 0: 346	razem: 606
regex 4:	A.G	klasa 1: 426	klasa 0: 137	razem: 563
regex 77:	G....C	klasa 1: 142	klasa 0: 390	razem: 532
regex 55:	[TGA][AG][AG]G	klasa 1: 173	klasa 0: 347	razem: 520
regex 92:	G....T	klasa 1: 117	klasa 0: 397	razem: 514
regex 94:	.GG	klasa 1: 116	klasa 0: 398	razem: 514
regex 6:	AA.	klasa 1: 379	klasa 0: 133	razem: 512
regex 3:	GAG.	klasa 1: 388	klasa 0: 98	razem: 486
regex 93:	....AG	klasa 1: 101	klasa 0: 317	razem: 418
regex 31:	[TCA][ACG][GC]T	klasa 1: 182	klasa 0: 204	razem: 386
regex 80:	[AG][CG]G[AGT]	klasa 1: 107	klasa 0: 269	razem: 376
regex 97:	G[AGT][TCG]C	klasa 1: 87	klasa 0: 264	razem: 351
regex 79:	...TT.	klasa 1: 99	klasa 0: 237	razem: 336
regex 1:	AAG.	klasa 1: 300	klasa 0: 28	razem: 328
regex 2:	AAG..	klasa 1: 300	klasa 0: 28	razem: 328
regex 11:	G[CA][AGT]T	klasa 1: 216	klasa 0: 84	razem: 300
regex 8:	GA.T..	klasa 1: 209	klasa 0: 65	razem: 274
regex 82:	G.GG..	klasa 1: 80	klasa 0: 187	razem: 267
regex 83:	G.GG.	klasa 1: 80	klasa 0: 187	razem: 267
regex 44:	A...C.	klasa 1: 108	klasa 0: 135	razem: 243
regex 18:	.AGG	klasa 1: 140	klasa 0: 81	razem: 221
regex 78:	AG.	klasa 1: 71	klasa 0: 148	razem: 219
regex 51:	A[CG][GT]	klasa 1: 88	klasa 0: 124	razem: 212
regex 38:	G.G.A.	klasa 1: 97	klasa 0: 110	razem: 207
regex 65:	AG[CGA]	klasa 1: 68	klasa 0: 119	razem: 187
regex 85:	A[GA][TA][GTA]	klasa 1: 58	klasa 0: 128	razem: 186
regex 7:	AA.T	klasa 1: 151	klasa 0: 31	razem: 182
regex 58:	GA.G	klasa 1: 73	klasa 0: 106	razem: 179
regex 16:	.AGC	klasa 1: 121	klasa 0: 56	razem: 177
regex 89:	..GG.G	klasa 1: 49	klasa 0: 117	razem: 166
regex 9:	A.G.A	klasa 1: 134	klasa 0: 32	razem: 166
regex 84:	G.GA	klasa 1: 51	klasa 0: 107	razem: 158
regex 100:	G..GC	klasa 1: 26	klasa 0: 129	razem: 155
regex 81:	.TGT	klasa 1: 50	klasa 0: 101	razem: 151
regex 13:	A.G..T	klasa 1: 104	klasa 0: 38	razem: 142
regex 62:	...TGA	klasa 1: 51	klasa 0: 83	razem: 134
regex 19:	A.GG	klasa 1: 89	klasa 0: 43	razem: 132
regex 47:	G.G.GG	klasa 1: 61	klasa 0: 70	razem: 131
regex 48:	..G.CT	klasa 1: 60	klasa 0: 69	razem: 129
regex 5:	AAGT	klasa 1: 126	klasa 0: 3	razem: 129
regex 24:	A.GA	klasa 1: 82	klasa 0: 44	razem: 126
regex 26:	AA.A	klasa 1: 78	klasa 0: 44	razem: 122
regex 63:	GA.A	klasa 1: 43	klasa 0: 68	razem: 111
regex 64:	GA.A.	klasa 1: 43	klasa 0: 68	razem: 111
regex 39:	ATG...	klasa 1: 55	klasa 0: 55	razem: 110
regex 40:	ATG	klasa 1: 55	klasa 0: 55	razem: 110
regex 28:	[CA]AGG	klasa 1: 69	klasa 0: 38	razem: 107
regex 95:	[GTA]CG	klasa 1: 31	klasa 0: 72	razem: 103
regex 37:	..G.AC	klasa 1: 53	klasa 0: 44	razem: 97
regex 41:	.A.C.G	klasa 1: 49	klasa 0: 48	razem: 97
regex 107:	GC.C.	klasa 1: 3	klasa 0: 92	razem: 95
regex 105:	G..GT	klasa 1: 9	klasa 0: 85	razem: 94
regex 106:	G.T.A	klasa 1: 1	klasa 0: 92	razem: 93
regex 49:	AT.T	klasa 1: 44	klasa 0: 49	razem: 93
regex 15:	A.GC	klasa 1: 68	klasa 0: 24	razem: 92
regex 45:	AAA.	klasa 1: 41	klasa 0: 41	razem: 82
regex 57:	A...GA	klasa 1: 36	klasa 0: 45	razem: 81
regex 74:	AG.T	klasa 1: 27	klasa 0: 44	razem: 71
regex 96:	AT...A	klasa 1: 21	klasa 0: 47	razem: 68
regex 52:	AT[GC][CTA][TA]	klasa 1: 31	klasa 0: 36	razem: 67
regex 17:	GA.T.C	klasa 1: 49	klasa 0: 18	razem: 67
regex 75:	A..CC	klasa 1: 23	klasa 0: 37	razem: 60
regex 70:	[AT]A[TA]G	klasa 1: 22	klasa 0: 35	razem: 57
regex 98:	A.A.G	klasa 1: 17	klasa 0: 40	razem: 57
regex 86:	AAT	klasa 1: 19	klasa 0: 36	razem: 55
regex 23:	GA[TG]C[AG]	klasa 1: 38	klasa 0: 17	razem: 55
regex 43:	[TA][GTC]G[CT]A	klasa 1: 28	klasa 0: 26	razem: 54
regex 88:	A.C..C	klasa 1: 16	klasa 0: 33	razem: 49
regex 66:	AAC.	klasa 1: 19	klasa 0: 28	razem: 47
regex 21:	.A.TGC	klasa 1: 32	klasa 0: 13	razem: 45
regex 67:	AG...G	klasa 1: 18	klasa 0: 27	razem: 45
regex 87:	AG..T	klasa 1: 15	klasa 0: 30	razem: 45
regex 103:	[GC][CA]GTC	klasa 1: 38	klasa 0: 6	razem: 44
regex 90:	AC.C	klasa 1: 14	klasa 0: 29	razem: 43
regex 69:	AG.C	klasa 1: 17	klasa 0: 26	razem: 43
regex 34:	A..TGG	klasa 1: 23	klasa 0: 16	razem: 39
regex 46:	A..CG	klasa 1: 18	klasa 0: 17	razem: 35
regex 27:	AGGT.	klasa 1: 22	klasa 0: 10	razem: 32
regex 42:	.TGTA	klasa 1: 17	klasa 0: 15	razem: 32
regex 76:	.CGT	klasa 1: 12	klasa 0: 19	razem: 31
regex 68:	AAC[AT]	klasa 1: 12	klasa 0: 18	razem: 30
regex 60:	AGGG	klasa 1: 13	klasa 0: 16	razem: 29
regex 36:	GAGG.A	klasa 1: 14	klasa 0: 10	razem: 24
regex 54:	ACG	klasa 1: 11	klasa 0: 12	razem: 23
regex 53:	ACG.	klasa 1: 11	klasa 0: 12	razem: 23
regex 99:	ACC[GA][GAC]	klasa 1: 7	klasa 0: 16	razem: 23
regex 20:	AT.TA.	klasa 1: 16	klasa 0: 6	razem: 22
regex 56:	A.A.TT	klasa 1: 9	klasa 0: 10	razem: 19
regex 61:	AATG	klasa 1: 8	klasa 0: 10	razem: 18
regex 29:	.AGAAA	klasa 1: 10	klasa 0: 5	razem: 15
regex 91:	AG.TT	klasa 1: 5	klasa 0: 10	razem: 15
regex 72:	AACT	klasa 1: 6	klasa 0: 9	razem: 15
regex 73:	AACT.	klasa 1: 6	klasa 0: 9	razem: 15
regex 71:	AACA	klasa 1: 6	klasa 0: 9	razem: 15
regex 35:	GA..CG	klasa 1: 9	klasa 0: 6	razem: 15
regex 59:	AACC	klasa 1: 7	klasa 0: 8	razem: 15
--- Selecting top regexes ---
Adding 10 new regexes from index 460
Saved 110 regexes to input_data/regex_donor.txt
