--- Running main.py (iteration 410) ---
Class distribution: Counter({np.int64(0): 4672, np.int64(1): 1116})

=== Using: Custom DecisionTree ===

Test performance:
Accuracy:  0.813
Precision: 0.559
Recall:    0.148
AUC:       0.611

=== Classification report ===
              precision    recall  f1-score   support

           0      0.827     0.972     0.894       935
           1      0.559     0.148     0.234       223

    accuracy                          0.813      1158
   macro avg      0.693     0.560     0.564      1158
weighted avg      0.776     0.813     0.767      1158


Text illustration of decision tree (custom):
--- Evaluating regex performance ---
--- Selecting top regexes ---
Adding 10 new regexes from index 4090
Saved 110 regexes to input_data/regex_acceptor.txt
