--- Running main.py (iteration 63) ---
Przed balansowaniem: Counter({np.int64(0): 4140, np.int64(1): 1116})
Bez oversamplingu: utrzymano oryginalny rozkład klas.

=== Using: Custom DecisionTree ===

Test performance:
Accuracy:  0.890
Precision: 0.742
Recall:    0.735
AUC:       0.873

=== Classification report ===
              precision    recall  f1-score   support

           0      0.929     0.931     0.930       829
           1      0.742     0.735     0.739       223

    accuracy                          0.890      1052
   macro avg      0.836     0.833     0.834      1052
weighted avg      0.889     0.890     0.890      1052


Tekstowa ilustracja drzewa decyzyjnego (custom):
--- Evaluating regex performance ---

100 regexów najczęściej dopasowanych dla klasy 1:

regex 0:	.AG	714
regex 14:	G.G	466
regex 4:	A.G	426
regex 17:	[CA][TA][TG]	407
regex 11:	GA.	399
regex 3:	GAG.	388
regex 6:	AA.	379
regex 1:	AAG.	300
regex 2:	AAG..	300
regex 35:	..G..G	260
regex 12:	G[CA][AGT]T	216
regex 9:	GA.T..	209
regex 37:	[TCA][ACG][GC]T	182
regex 63:	[TGA][AG][AG]G	173
regex 8:	AA.T	151
regex 88:	G....C	142
regex 23:	.AGG	140
regex 10:	A.G.A	134
regex 5:	AAGT	126
regex 19:	.AGC	121
regex 51:	A...C.	108
regex 92:	[AG][CG]G[AGT]	107
regex 16:	A.G..T	104
regex 90:	...TT.	99
regex 45:	G.G.A.	97
regex 24:	A.GG	89
regex 59:	A[CG][GT]	88
regex 29:	A.GA	82
regex 96:	G.GG..	80
regex 95:	G.GG.	80
regex 31:	AA.A	78
regex 66:	GA.G	73
regex 89:	AG.	71
regex 33:	[CA]AGG	69
regex 18:	A.GC	68
regex 76:	AG[CGA]	68
regex 54:	G.G.GG	61
regex 55:	..G.CT	60
regex 99:	A[GA][TA][GTA]	58
regex 36:	.A.TC	58
regex 47:	ATG	55
regex 46:	ATG...	55
regex 43:	..G.AC	53
regex 97:	G.GA	51
regex 73:	...TGA	51
regex 93:	.TGT	50
regex 22:	GA.T.C	49
regex 48:	.A.C.G	49
regex 56:	AT.T	44
regex 74:	GA.A.	43
regex 75:	GA.A	43
regex 52:	AAA.	41
regex 13:	[GC][CA]GTC	38
regex 28:	GA[TG]C[AG]	38
regex 65:	A...GA	36
regex 100:	..GTCC	33
regex 26:	.A.TGC	32
regex 60:	AT[GC][CTA][TA]	31
regex 50:	[TA][GTC]G[CT]A	28
regex 85:	AG.T	27
regex 44:	GA.G.C	27
regex 40:	A..TGG	23
regex 86:	A..CC	23
regex 32:	AGGT.	22
regex 72:	..GGAG	22
regex 81:	[AT]A[TA]G	22
regex 77:	AAC.	19
regex 21:	AA.TC.	19
regex 53:	A..CG	18
regex 78:	AG...G	18
regex 80:	AG.C	17
regex 49:	.TGTA	17
regex 71:	G..TCT	17
regex 15:	A..TAC	16
regex 25:	AT.TA.	16
regex 7:	A[GA]GTGG	15
regex 42:	GAGG.A	14
regex 68:	AGGG	13
regex 79:	AAC[AT]	12
regex 87:	.CGT	12
regex 62:	ACG	11
regex 109:	.A.AGC	11
regex 61:	ACG.	11
regex 30:	GCGT..	10
regex 20:	GAGAT	10
regex 34:	.AGAAA	10
regex 98:	G.GAGG	10
regex 64:	A.A.TT	9
regex 91:	.A.ATG	9
regex 41:	GA..CG	9
regex 70:	AG..CC	8
regex 69:	AATG	8
regex 27:	AA.GGG	8
regex 94:	A..ATG	7
regex 57:	G.GTTT	7
regex 67:	AACC	7
regex 104:	GCG.C.	6
regex 83:	AACT.	6
regex 58:	AC.G.C	6
regex 82:	AACT	6

100 regexów najczęściej dopasowanych dla klasy 0:

regex 14:	G.G	526
regex 17:	[CA][TA][TG]	489
regex 88:	G....C	390
regex 63:	[TGA][AG][AG]G	347
regex 35:	..G..G	346
regex 11:	GA.	316
regex 92:	[AG][CG]G[AGT]	269
regex 90:	...TT.	237
regex 0:	.AG	228
regex 37:	[TCA][ACG][GC]T	204
regex 96:	G.GG..	187
regex 95:	G.GG.	187
regex 89:	AG.	148
regex 4:	A.G	137
regex 51:	A...C.	135
regex 6:	AA.	133
regex 99:	A[GA][TA][GTA]	128
regex 59:	A[CG][GT]	124
regex 76:	AG[CGA]	119
regex 45:	G.G.A.	110
regex 97:	G.GA	107
regex 66:	GA.G	106
regex 93:	.TGT	101
regex 3:	GAG.	98
regex 12:	G[CA][AGT]T	84
regex 73:	...TGA	83
regex 23:	.AGG	81
regex 54:	G.G.GG	70
regex 55:	..G.CT	69
regex 74:	GA.A.	68
regex 75:	GA.A	68
regex 9:	GA.T..	65
regex 19:	.AGC	56
regex 47:	ATG	55
regex 46:	ATG...	55
regex 56:	AT.T	49
regex 48:	.A.C.G	48
regex 65:	A...GA	45
regex 31:	AA.A	44
regex 43:	..G.AC	44
regex 29:	A.GA	44
regex 85:	AG.T	44
regex 24:	A.GG	43
regex 52:	AAA.	41
regex 16:	A.G..T	38
regex 36:	.A.TC	38
regex 33:	[CA]AGG	38
regex 86:	A..CC	37
regex 60:	AT[GC][CTA][TA]	36
regex 81:	[AT]A[TA]G	35
regex 10:	A.G.A	32
regex 72:	..GGAG	32
regex 8:	AA.T	31
regex 1:	AAG.	28
regex 77:	AAC.	28
regex 2:	AAG..	28
regex 78:	AG...G	27
regex 50:	[TA][GTC]G[CT]A	26
regex 80:	AG.C	26
regex 18:	A.GC	24
regex 101:	CTT..T	24
regex 71:	G..TCT	24
regex 106:	.AAA.A	23
regex 44:	GA.G.C	21
regex 87:	.CGT	19
regex 22:	GA.T.C	18
regex 98:	G.GAGG	18
regex 79:	AAC[AT]	18
regex 53:	A..CG	17
regex 28:	GA[TG]C[AG]	17
regex 40:	A..TGG	16
regex 68:	AGGG	16
regex 49:	.TGTA	15
regex 91:	.A.ATG	15
regex 102:	.ATGT.	14
regex 26:	.A.TGC	13
regex 62:	ACG	12
regex 94:	A..ATG	12
regex 61:	ACG.	12
regex 69:	AATG	10
regex 100:	..GTCC	10
regex 64:	A.A.TT	10
regex 32:	AGGT.	10
regex 42:	GAGG.A	10
regex 70:	AG..CC	10
regex 83:	AACT.	9
regex 104:	GCG.C.	9
regex 82:	AACT	9
regex 109:	.A.AGC	9
regex 84:	AACA	9
regex 67:	AACC	8
regex 57:	G.GTTT	7
regex 13:	[GC][CA]GTC	6
regex 41:	GA..CG	6
regex 107:	C.A.TC	6
regex 21:	AA.TC.	6
regex 25:	AT.TA.	6
regex 58:	AC.G.C	6
regex 34:	.AGAAA	5
regex 105:	CGTG.T	5

100 regexów z największą łączną liczbą dopasowań (klasa 1 + 0):

regex 14:	G.G	klasa 1: 466	klasa 0: 526	razem: 992
regex 0:	.AG	klasa 1: 714	klasa 0: 228	razem: 942
regex 17:	[CA][TA][TG]	klasa 1: 407	klasa 0: 489	razem: 896
regex 11:	GA.	klasa 1: 399	klasa 0: 316	razem: 715
regex 35:	..G..G	klasa 1: 260	klasa 0: 346	razem: 606
regex 4:	A.G	klasa 1: 426	klasa 0: 137	razem: 563
regex 88:	G....C	klasa 1: 142	klasa 0: 390	razem: 532
regex 63:	[TGA][AG][AG]G	klasa 1: 173	klasa 0: 347	razem: 520
regex 6:	AA.	klasa 1: 379	klasa 0: 133	razem: 512
regex 3:	GAG.	klasa 1: 388	klasa 0: 98	razem: 486
regex 37:	[TCA][ACG][GC]T	klasa 1: 182	klasa 0: 204	razem: 386
regex 92:	[AG][CG]G[AGT]	klasa 1: 107	klasa 0: 269	razem: 376
regex 90:	...TT.	klasa 1: 99	klasa 0: 237	razem: 336
regex 1:	AAG.	klasa 1: 300	klasa 0: 28	razem: 328
regex 2:	AAG..	klasa 1: 300	klasa 0: 28	razem: 328
regex 12:	G[CA][AGT]T	klasa 1: 216	klasa 0: 84	razem: 300
regex 9:	GA.T..	klasa 1: 209	klasa 0: 65	razem: 274
regex 95:	G.GG.	klasa 1: 80	klasa 0: 187	razem: 267
regex 96:	G.GG..	klasa 1: 80	klasa 0: 187	razem: 267
regex 51:	A...C.	klasa 1: 108	klasa 0: 135	razem: 243
regex 23:	.AGG	klasa 1: 140	klasa 0: 81	razem: 221
regex 89:	AG.	klasa 1: 71	klasa 0: 148	razem: 219
regex 59:	A[CG][GT]	klasa 1: 88	klasa 0: 124	razem: 212
regex 45:	G.G.A.	klasa 1: 97	klasa 0: 110	razem: 207
regex 76:	AG[CGA]	klasa 1: 68	klasa 0: 119	razem: 187
regex 99:	A[GA][TA][GTA]	klasa 1: 58	klasa 0: 128	razem: 186
regex 8:	AA.T	klasa 1: 151	klasa 0: 31	razem: 182
regex 66:	GA.G	klasa 1: 73	klasa 0: 106	razem: 179
regex 19:	.AGC	klasa 1: 121	klasa 0: 56	razem: 177
regex 10:	A.G.A	klasa 1: 134	klasa 0: 32	razem: 166
regex 97:	G.GA	klasa 1: 51	klasa 0: 107	razem: 158
regex 93:	.TGT	klasa 1: 50	klasa 0: 101	razem: 151
regex 16:	A.G..T	klasa 1: 104	klasa 0: 38	razem: 142
regex 73:	...TGA	klasa 1: 51	klasa 0: 83	razem: 134
regex 24:	A.GG	klasa 1: 89	klasa 0: 43	razem: 132
regex 54:	G.G.GG	klasa 1: 61	klasa 0: 70	razem: 131
regex 5:	AAGT	klasa 1: 126	klasa 0: 3	razem: 129
regex 55:	..G.CT	klasa 1: 60	klasa 0: 69	razem: 129
regex 29:	A.GA	klasa 1: 82	klasa 0: 44	razem: 126
regex 31:	AA.A	klasa 1: 78	klasa 0: 44	razem: 122
regex 74:	GA.A.	klasa 1: 43	klasa 0: 68	razem: 111
regex 75:	GA.A	klasa 1: 43	klasa 0: 68	razem: 111
regex 47:	ATG	klasa 1: 55	klasa 0: 55	razem: 110
regex 46:	ATG...	klasa 1: 55	klasa 0: 55	razem: 110
regex 33:	[CA]AGG	klasa 1: 69	klasa 0: 38	razem: 107
regex 43:	..G.AC	klasa 1: 53	klasa 0: 44	razem: 97
regex 48:	.A.C.G	klasa 1: 49	klasa 0: 48	razem: 97
regex 36:	.A.TC	klasa 1: 58	klasa 0: 38	razem: 96
regex 56:	AT.T	klasa 1: 44	klasa 0: 49	razem: 93
regex 18:	A.GC	klasa 1: 68	klasa 0: 24	razem: 92
regex 52:	AAA.	klasa 1: 41	klasa 0: 41	razem: 82
regex 65:	A...GA	klasa 1: 36	klasa 0: 45	razem: 81
regex 85:	AG.T	klasa 1: 27	klasa 0: 44	razem: 71
regex 22:	GA.T.C	klasa 1: 49	klasa 0: 18	razem: 67
regex 60:	AT[GC][CTA][TA]	klasa 1: 31	klasa 0: 36	razem: 67
regex 86:	A..CC	klasa 1: 23	klasa 0: 37	razem: 60
regex 81:	[AT]A[TA]G	klasa 1: 22	klasa 0: 35	razem: 57
regex 28:	GA[TG]C[AG]	klasa 1: 38	klasa 0: 17	razem: 55
regex 72:	..GGAG	klasa 1: 22	klasa 0: 32	razem: 54
regex 50:	[TA][GTC]G[CT]A	klasa 1: 28	klasa 0: 26	razem: 54
regex 44:	GA.G.C	klasa 1: 27	klasa 0: 21	razem: 48
regex 77:	AAC.	klasa 1: 19	klasa 0: 28	razem: 47
regex 78:	AG...G	klasa 1: 18	klasa 0: 27	razem: 45
regex 26:	.A.TGC	klasa 1: 32	klasa 0: 13	razem: 45
regex 13:	[GC][CA]GTC	klasa 1: 38	klasa 0: 6	razem: 44
regex 80:	AG.C	klasa 1: 17	klasa 0: 26	razem: 43
regex 100:	..GTCC	klasa 1: 33	klasa 0: 10	razem: 43
regex 71:	G..TCT	klasa 1: 17	klasa 0: 24	razem: 41
regex 40:	A..TGG	klasa 1: 23	klasa 0: 16	razem: 39
regex 53:	A..CG	klasa 1: 18	klasa 0: 17	razem: 35
regex 32:	AGGT.	klasa 1: 22	klasa 0: 10	razem: 32
regex 49:	.TGTA	klasa 1: 17	klasa 0: 15	razem: 32
regex 87:	.CGT	klasa 1: 12	klasa 0: 19	razem: 31
regex 79:	AAC[AT]	klasa 1: 12	klasa 0: 18	razem: 30
regex 68:	AGGG	klasa 1: 13	klasa 0: 16	razem: 29
regex 98:	G.GAGG	klasa 1: 10	klasa 0: 18	razem: 28
regex 106:	.AAA.A	klasa 1: 2	klasa 0: 23	razem: 25
regex 21:	AA.TC.	klasa 1: 19	klasa 0: 6	razem: 25
regex 101:	CTT..T	klasa 1: 0	klasa 0: 24	razem: 24
regex 91:	.A.ATG	klasa 1: 9	klasa 0: 15	razem: 24
regex 42:	GAGG.A	klasa 1: 14	klasa 0: 10	razem: 24
regex 61:	ACG.	klasa 1: 11	klasa 0: 12	razem: 23
regex 62:	ACG	klasa 1: 11	klasa 0: 12	razem: 23
regex 25:	AT.TA.	klasa 1: 16	klasa 0: 6	razem: 22
regex 109:	.A.AGC	klasa 1: 11	klasa 0: 9	razem: 20
regex 94:	A..ATG	klasa 1: 7	klasa 0: 12	razem: 19
regex 15:	A..TAC	klasa 1: 16	klasa 0: 3	razem: 19
regex 64:	A.A.TT	klasa 1: 9	klasa 0: 10	razem: 19
regex 69:	AATG	klasa 1: 8	klasa 0: 10	razem: 18
regex 70:	AG..CC	klasa 1: 8	klasa 0: 10	razem: 18
regex 83:	AACT.	klasa 1: 6	klasa 0: 9	razem: 15
regex 41:	GA..CG	klasa 1: 9	klasa 0: 6	razem: 15
regex 34:	.AGAAA	klasa 1: 10	klasa 0: 5	razem: 15
regex 7:	A[GA]GTGG	klasa 1: 15	klasa 0: 0	razem: 15
regex 102:	.ATGT.	klasa 1: 1	klasa 0: 14	razem: 15
regex 104:	GCG.C.	klasa 1: 6	klasa 0: 9	razem: 15
regex 67:	AACC	klasa 1: 7	klasa 0: 8	razem: 15
regex 84:	AACA	klasa 1: 6	klasa 0: 9	razem: 15
regex 82:	AACT	klasa 1: 6	klasa 0: 9	razem: 15
regex 30:	GCGT..	klasa 1: 10	klasa 0: 4	razem: 14
--- Selecting top regexes ---
Adding 10 new regexes from index 620
Saved 110 regexes to input_data/regex_donor.txt
