--- Running main.py (iteration 19) ---
Przed balansowaniem: Counter({np.int64(0): 4140, np.int64(1): 1116})
Bez oversamplingu: utrzymano oryginalny rozkład klas.

=== Using: Custom DecisionTree ===

Test performance:
Accuracy:  0.878
Precision: 0.713
Recall:    0.713
AUC:       0.864

=== Classification report ===
              precision    recall  f1-score   support

           0      0.923     0.923     0.923       829
           1      0.713     0.713     0.713       223

    accuracy                          0.878      1052
   macro avg      0.818     0.818     0.818      1052
weighted avg      0.878     0.878     0.878      1052


Tekstowa ilustracja drzewa decyzyjnego (custom):
--- Evaluating regex performance ---

100 regexów najczęściej dopasowanych dla klasy 1:

regex 0:	.AG	714
regex 7:	G.G	466
regex 1:	A.G	426
regex 9:	[CA][TA][TG]	407
regex 5:	GA.	399
regex 100:	GAG.	388
regex 2:	AA.	379
regex 109:	AAG.	300
regex 18:	..G..G	260
regex 6:	G[CA][AGT]T	216
regex 4:	GA.T..	209
regex 3:	AA.T	151
regex 44:	G....C	142
regex 12:	.AGG	140
regex 51:	G....T	117
regex 53:	.GG	116
regex 27:	A...C.	108
regex 58:	G...A.	104
regex 8:	A.G..T	104
regex 52:	....AG	101
regex 46:	...TT.	99
regex 23:	G.G.A.	97
regex 82:	[AGT]T[GTC]	92
regex 31:	A[CG][GT]	88
regex 104:	G[AGT][TCG]C	87
regex 71:	.TG	81
regex 47:	G.GG..	80
regex 36:	GA.G	73
regex 45:	AG.	71
regex 10:	A.GC	68
regex 78:	[GCA]A[CA]	68
regex 39:	AG[CGA]	68
regex 61:	[AG]A[CA]	67
regex 62:	G...GG	65
regex 28:	G.G.GG	61
regex 29:	..G.CT	60
regex 57:	A.A	56
regex 25:	ATG	55
regex 24:	ATG...	55
regex 22:	..G.AC	53
regex 38:	...TGA	51
regex 50:	..GG.G	49
regex 26:	.A.C.G	49
regex 11:	GA.T.C	49
regex 65:	AC.	45
regex 84:	.AA	45
regex 67:	A.T	44
regex 69:	A.C	42
regex 89:	[CT][GA]G	39
regex 35:	A...GA	36
regex 81:	[CA][ACG]A[TAC]	36
regex 63:	.GG..T	33
regex 14:	.A.TGC	32
regex 54:	[GTA]CG	31
regex 74:	G..G.C	31
regex 75:	G..CC.	30
regex 93:	...AT.	30
regex 19:	A..TGG	23
regex 97:	G...TG	21
regex 55:	AT...A	21
regex 40:	AAC.	19
regex 83:	.TG..C	19
regex 56:	GCG	19
regex 48:	AAT	19
regex 59:	...TAA	18
regex 41:	AG...G	18
regex 87:	...AGA	17
regex 88:	.G..CC	17
regex 101:	[CTA][CA]T[CT]	17
regex 96:	.AAG..	16
regex 13:	AT.TA.	16
regex 49:	A.C..C	16
regex 91:	...AAG	15
regex 21:	GAGG.A	14
regex 66:	ACT	14
regex 70:	AG...T	14
regex 64:	AC.G	14
regex 37:	AGGG	13
regex 92:	GC.T	13
regex 42:	AAC[AT]	12
regex 76:	.G..AC	12
regex 80:	...AAT	12
regex 73:	.AAT..	12
regex 32:	ACG	11
regex 68:	C.GT	11
regex 33:	ACG.	11
regex 17:	.AGAAA	10
regex 16:	GCGT..	10
regex 20:	GA..CG	9
regex 34:	A.A.TT	9
regex 98:	ATT.	8
regex 99:	AC.T..	8
regex 15:	AA.GGG	8
regex 30:	G.GTTT	7
regex 72:	.GGCC.	7
regex 90:	A.TA..	7
regex 77:	TAG	7
regex 43:	AACT	6
regex 60:	.CG..T	6
regex 102:	GGGA	6

100 regexów najczęściej dopasowanych dla klasy 0:

regex 82:	[AGT]T[GTC]	681
regex 7:	G.G	526
regex 9:	[CA][TA][TG]	489
regex 53:	.GG	398
regex 51:	G....T	397
regex 44:	G....C	390
regex 58:	G...A.	388
regex 71:	.TG	374
regex 78:	[GCA]A[CA]	363
regex 18:	..G..G	346
regex 52:	....AG	317
regex 5:	GA.	316
regex 104:	G[AGT][TCG]C	264
regex 84:	.AA	238
regex 46:	...TT.	237
regex 103:	[CTG][CT][AGT]A	232
regex 61:	[AG]A[CA]	231
regex 0:	.AG	228
regex 62:	G...GG	222
regex 89:	[CT][GA]G	218
regex 47:	G.GG..	187
regex 93:	...AT.	172
regex 101:	[CTA][CA]T[CT]	168
regex 81:	[CA][ACG]A[TAC]	166
regex 57:	A.A	161
regex 67:	A.T	150
regex 65:	AC.	149
regex 45:	AG.	148
regex 69:	A.C	146
regex 1:	A.G	137
regex 27:	A...C.	135
regex 2:	AA.	133
regex 31:	A[CG][GT]	124
regex 97:	G...TG	124
regex 74:	G..G.C	119
regex 39:	AG[CGA]	119
regex 75:	G..CC.	119
regex 50:	..GG.G	117
regex 108:	GGT.	111
regex 23:	G.G.A.	110
regex 36:	GA.G	106
regex 63:	.GG..T	100
regex 100:	GAG.	98
regex 96:	.AAG..	87
regex 83:	.TG..C	85
regex 6:	G[CA][AGT]T	84
regex 38:	...TGA	83
regex 88:	.G..CC	82
regex 87:	...AGA	81
regex 12:	.AGG	81
regex 91:	...AAG	75
regex 54:	[GTA]CG	72
regex 28:	G.G.GG	70
regex 29:	..G.CT	69
regex 4:	GA.T..	65
regex 92:	GC.T	65
regex 24:	ATG...	55
regex 25:	ATG	55
regex 80:	...AAT	48
regex 26:	.A.C.G	48
regex 102:	GGGA	47
regex 55:	AT...A	47
regex 56:	GCG	46
regex 99:	AC.T..	46
regex 35:	A...GA	45
regex 59:	...TAA	45
regex 98:	ATT.	44
regex 22:	..G.AC	44
regex 76:	.G..AC	44
regex 70:	AG...T	44
regex 73:	.AAT..	41
regex 66:	ACT	41
regex 64:	AC.G	39
regex 8:	A.G..T	38
regex 48:	AAT	36
regex 49:	A.C..C	33
regex 90:	A.TA..	33
regex 68:	C.GT	32
regex 3:	AA.T	31
regex 109:	AAG.	28
regex 40:	AAC.	28
regex 41:	AG...G	27
regex 86:	GTGC..	26
regex 85:	TA.T	26
regex 95:	..ACG.	25
regex 77:	TAG	25
regex 94:	G..AGA	25
regex 10:	A.GC	24
regex 105:	TTGA	22
regex 72:	.GGCC.	22
regex 79:	.GGC.T	19
regex 42:	AAC[AT]	18
regex 11:	GA.T.C	18
regex 19:	A..TGG	16
regex 37:	AGGG	16
regex 60:	.CG..T	15
regex 107:	CGCC	15
regex 14:	.A.TGC	13
regex 33:	ACG.	12
regex 32:	ACG	12

100 regexów z największą łączną liczbą dopasowań (klasa 1 + 0):

regex 7:	G.G	klasa 1: 466	klasa 0: 526	razem: 992
regex 0:	.AG	klasa 1: 714	klasa 0: 228	razem: 942
regex 9:	[CA][TA][TG]	klasa 1: 407	klasa 0: 489	razem: 896
regex 82:	[AGT]T[GTC]	klasa 1: 92	klasa 0: 681	razem: 773
regex 5:	GA.	klasa 1: 399	klasa 0: 316	razem: 715
regex 18:	..G..G	klasa 1: 260	klasa 0: 346	razem: 606
regex 1:	A.G	klasa 1: 426	klasa 0: 137	razem: 563
regex 44:	G....C	klasa 1: 142	klasa 0: 390	razem: 532
regex 53:	.GG	klasa 1: 116	klasa 0: 398	razem: 514
regex 51:	G....T	klasa 1: 117	klasa 0: 397	razem: 514
regex 2:	AA.	klasa 1: 379	klasa 0: 133	razem: 512
regex 58:	G...A.	klasa 1: 104	klasa 0: 388	razem: 492
regex 100:	GAG.	klasa 1: 388	klasa 0: 98	razem: 486
regex 71:	.TG	klasa 1: 81	klasa 0: 374	razem: 455
regex 78:	[GCA]A[CA]	klasa 1: 68	klasa 0: 363	razem: 431
regex 52:	....AG	klasa 1: 101	klasa 0: 317	razem: 418
regex 104:	G[AGT][TCG]C	klasa 1: 87	klasa 0: 264	razem: 351
regex 46:	...TT.	klasa 1: 99	klasa 0: 237	razem: 336
regex 109:	AAG.	klasa 1: 300	klasa 0: 28	razem: 328
regex 6:	G[CA][AGT]T	klasa 1: 216	klasa 0: 84	razem: 300
regex 61:	[AG]A[CA]	klasa 1: 67	klasa 0: 231	razem: 298
regex 62:	G...GG	klasa 1: 65	klasa 0: 222	razem: 287
regex 84:	.AA	klasa 1: 45	klasa 0: 238	razem: 283
regex 4:	GA.T..	klasa 1: 209	klasa 0: 65	razem: 274
regex 47:	G.GG..	klasa 1: 80	klasa 0: 187	razem: 267
regex 89:	[CT][GA]G	klasa 1: 39	klasa 0: 218	razem: 257
regex 27:	A...C.	klasa 1: 108	klasa 0: 135	razem: 243
regex 103:	[CTG][CT][AGT]A	klasa 1: 3	klasa 0: 232	razem: 235
regex 12:	.AGG	klasa 1: 140	klasa 0: 81	razem: 221
regex 45:	AG.	klasa 1: 71	klasa 0: 148	razem: 219
regex 57:	A.A	klasa 1: 56	klasa 0: 161	razem: 217
regex 31:	A[CG][GT]	klasa 1: 88	klasa 0: 124	razem: 212
regex 23:	G.G.A.	klasa 1: 97	klasa 0: 110	razem: 207
regex 81:	[CA][ACG]A[TAC]	klasa 1: 36	klasa 0: 166	razem: 202
regex 93:	...AT.	klasa 1: 30	klasa 0: 172	razem: 202
regex 65:	AC.	klasa 1: 45	klasa 0: 149	razem: 194
regex 67:	A.T	klasa 1: 44	klasa 0: 150	razem: 194
regex 69:	A.C	klasa 1: 42	klasa 0: 146	razem: 188
regex 39:	AG[CGA]	klasa 1: 68	klasa 0: 119	razem: 187
regex 101:	[CTA][CA]T[CT]	klasa 1: 17	klasa 0: 168	razem: 185
regex 3:	AA.T	klasa 1: 151	klasa 0: 31	razem: 182
regex 36:	GA.G	klasa 1: 73	klasa 0: 106	razem: 179
regex 50:	..GG.G	klasa 1: 49	klasa 0: 117	razem: 166
regex 74:	G..G.C	klasa 1: 31	klasa 0: 119	razem: 150
regex 75:	G..CC.	klasa 1: 30	klasa 0: 119	razem: 149
regex 97:	G...TG	klasa 1: 21	klasa 0: 124	razem: 145
regex 8:	A.G..T	klasa 1: 104	klasa 0: 38	razem: 142
regex 38:	...TGA	klasa 1: 51	klasa 0: 83	razem: 134
regex 63:	.GG..T	klasa 1: 33	klasa 0: 100	razem: 133
regex 28:	G.G.GG	klasa 1: 61	klasa 0: 70	razem: 131
regex 29:	..G.CT	klasa 1: 60	klasa 0: 69	razem: 129
regex 108:	GGT.	klasa 1: 0	klasa 0: 111	razem: 111
regex 24:	ATG...	klasa 1: 55	klasa 0: 55	razem: 110
regex 25:	ATG	klasa 1: 55	klasa 0: 55	razem: 110
regex 83:	.TG..C	klasa 1: 19	klasa 0: 85	razem: 104
regex 54:	[GTA]CG	klasa 1: 31	klasa 0: 72	razem: 103
regex 96:	.AAG..	klasa 1: 16	klasa 0: 87	razem: 103
regex 88:	.G..CC	klasa 1: 17	klasa 0: 82	razem: 99
regex 87:	...AGA	klasa 1: 17	klasa 0: 81	razem: 98
regex 26:	.A.C.G	klasa 1: 49	klasa 0: 48	razem: 97
regex 22:	..G.AC	klasa 1: 53	klasa 0: 44	razem: 97
regex 10:	A.GC	klasa 1: 68	klasa 0: 24	razem: 92
regex 91:	...AAG	klasa 1: 15	klasa 0: 75	razem: 90
regex 35:	A...GA	klasa 1: 36	klasa 0: 45	razem: 81
regex 92:	GC.T	klasa 1: 13	klasa 0: 65	razem: 78
regex 55:	AT...A	klasa 1: 21	klasa 0: 47	razem: 68
regex 11:	GA.T.C	klasa 1: 49	klasa 0: 18	razem: 67
regex 56:	GCG	klasa 1: 19	klasa 0: 46	razem: 65
regex 59:	...TAA	klasa 1: 18	klasa 0: 45	razem: 63
regex 80:	...AAT	klasa 1: 12	klasa 0: 48	razem: 60
regex 70:	AG...T	klasa 1: 14	klasa 0: 44	razem: 58
regex 76:	.G..AC	klasa 1: 12	klasa 0: 44	razem: 56
regex 66:	ACT	klasa 1: 14	klasa 0: 41	razem: 55
regex 48:	AAT	klasa 1: 19	klasa 0: 36	razem: 55
regex 99:	AC.T..	klasa 1: 8	klasa 0: 46	razem: 54
regex 102:	GGGA	klasa 1: 6	klasa 0: 47	razem: 53
regex 64:	AC.G	klasa 1: 14	klasa 0: 39	razem: 53
regex 73:	.AAT..	klasa 1: 12	klasa 0: 41	razem: 53
regex 98:	ATT.	klasa 1: 8	klasa 0: 44	razem: 52
regex 49:	A.C..C	klasa 1: 16	klasa 0: 33	razem: 49
regex 40:	AAC.	klasa 1: 19	klasa 0: 28	razem: 47
regex 14:	.A.TGC	klasa 1: 32	klasa 0: 13	razem: 45
regex 41:	AG...G	klasa 1: 18	klasa 0: 27	razem: 45
regex 68:	C.GT	klasa 1: 11	klasa 0: 32	razem: 43
regex 90:	A.TA..	klasa 1: 7	klasa 0: 33	razem: 40
regex 19:	A..TGG	klasa 1: 23	klasa 0: 16	razem: 39
regex 77:	TAG	klasa 1: 7	klasa 0: 25	razem: 32
regex 85:	TA.T	klasa 1: 6	klasa 0: 26	razem: 32
regex 86:	GTGC..	klasa 1: 6	klasa 0: 26	razem: 32
regex 95:	..ACG.	klasa 1: 5	klasa 0: 25	razem: 30
regex 42:	AAC[AT]	klasa 1: 12	klasa 0: 18	razem: 30
regex 94:	G..AGA	klasa 1: 5	klasa 0: 25	razem: 30
regex 72:	.GGCC.	klasa 1: 7	klasa 0: 22	razem: 29
regex 37:	AGGG	klasa 1: 13	klasa 0: 16	razem: 29
regex 21:	GAGG.A	klasa 1: 14	klasa 0: 10	razem: 24
regex 79:	.GGC.T	klasa 1: 5	klasa 0: 19	razem: 24
regex 32:	ACG	klasa 1: 11	klasa 0: 12	razem: 23
regex 33:	ACG.	klasa 1: 11	klasa 0: 12	razem: 23
regex 105:	TTGA	klasa 1: 1	klasa 0: 22	razem: 23
regex 13:	AT.TA.	klasa 1: 16	klasa 0: 6	razem: 22
--- Selecting top regexes ---
Adding 10 new regexes from index 180
Saved 110 regexes to input_data/regex_donor.txt
