--- Running main.py (iteration 122) ---
Przed balansowaniem: Counter({np.int64(0): 4140, np.int64(1): 1116})
Bez oversamplingu: utrzymano oryginalny rozkład klas.

=== Using: Custom DecisionTree ===

Test performance:
Accuracy:  0.888
Precision: 0.751
Recall:    0.704
AUC:       0.887

=== Classification report ===
              precision    recall  f1-score   support

           0      0.922     0.937     0.929       829
           1      0.751     0.704     0.727       223

    accuracy                          0.888      1052
   macro avg      0.836     0.821     0.828      1052
weighted avg      0.886     0.888     0.886      1052


Tekstowa ilustracja drzewa decyzyjnego (custom):
--- Evaluating regex performance ---

100 regexów najczęściej dopasowanych dla klasy 1:

regex 0:	.AG	714
regex 21:	G.G	466
regex 4:	A.G	426
regex 29:	[CA][TA][TG]	407
regex 16:	GA.	399
regex 3:	GAG.	388
regex 6:	AA.	379
regex 2:	AAG..	300
regex 1:	AAG.	300
regex 59:	..G..G	260
regex 17:	G[CA][AGT]T	216
regex 12:	GA.T..	209
regex 66:	[TCA][ACG][GC]T	182
regex 10:	AA.T	151
regex 43:	.AGG	140
regex 14:	A.G.A	134
regex 5:	AAGT	126
regex 34:	.AGC	121
regex 88:	A...C.	108
regex 26:	A.G..T	104
regex 82:	G.G.A.	97
regex 42:	A[GTA][AGC]T[TGA][AT]	94
regex 44:	A.GG	89
regex 98:	A[CG][GT]	88
regex 50:	A.GA	82
regex 53:	AA.A	78
regex 55:	[CA]AGG	69
regex 32:	A.GC	68
regex 92:	G.G.GG	61
regex 20:	A.GTG.	60
regex 93:	..G.CT	60
regex 60:	.A.TC	58
regex 84:	ATG	55
regex 62:	G.G.GC	55
regex 83:	ATG...	55
regex 75:	..G.AC	53
regex 85:	.A.C.G	49
regex 41:	GA.T.C	49
regex 79:	A[AGT][CAG]C[CAG][ATG]	47
regex 11:	GAGT.C	46
regex 94:	AT.T	44
regex 45:	.AGGA.	43
regex 89:	AAA.	41
regex 49:	GA[TG]C[AG]	38
regex 23:	AA..GG	38
regex 18:	[GC][CA]GTC	38
regex 56:	.A.TGT	37
regex 35:	[CTG][ACG]GTGA	37
regex 25:	.AGC.C	35
regex 33:	..GTCC	33
regex 15:	A[GCA]GTA[CTA]	32
regex 47:	.A.TGC	32
regex 99:	AT[GC][CTA][TA]	31
regex 97:	G.GCC.	30
regex 87:	[TA][GTC]G[CT]A	28
regex 36:	AA.AG.	28
regex 78:	GA.G.C	27
regex 77:	GA.C.G	26
regex 8:	GAGT[CA]T	26
regex 28:	A.GCA.	24
regex 70:	A..TGG	23
regex 37:	AGG[TGC][TCA][TC]	22
regex 54:	AGGT.	22
regex 65:	.AGA.C	21
regex 39:	AA.TC.	19
regex 40:	A.GC.G	19
regex 9:	AAGGC.	19
regex 90:	A..CG	18
regex 64:	AA.A.T	18
regex 73:	AGG.A.	18
regex 22:	.A.TAC	17
regex 91:	ATG..T	17
regex 86:	.TGTA	17
regex 61:	[TA]A[ACG][AGC]AC	16
regex 46:	AT.TA.	16
regex 24:	A..TAC	16
regex 7:	A[GA]GTGG	15
regex 74:	GAGG.A	14
regex 63:	A..TCC	14
regex 57:	AGG..G	14
regex 27:	GAG.TT	13
regex 13:	GAGTCT	12
regex 81:	.A.AGC	11
regex 69:	A.GAAA	11
regex 51:	GCGT..	10
regex 38:	GAGAT	10
regex 58:	.AGAAA	10
regex 71:	GA..CG	9
regex 19:	AGG[CTA]AC	8
regex 31:	AGG.AC	8
regex 30:	AA.AGC	8
regex 48:	AA.GGG	8
regex 76:	GAGG[GC]T	7
regex 95:	G.GTTT	7
regex 96:	AC.G.C	6
regex 72:	AA.AGA	6
regex 52:	G[CTA]G[CA]AT	5
regex 68:	AGGTA	5
regex 67:	AGGGC	5
regex 80:	AC.C.C	5

100 regexów najczęściej dopasowanych dla klasy 0:

regex 21:	G.G	526
regex 29:	[CA][TA][TG]	489
regex 59:	..G..G	346
regex 16:	GA.	316
regex 0:	.AG	228
regex 66:	[TCA][ACG][GC]T	204
regex 4:	A.G	137
regex 88:	A...C.	135
regex 6:	AA.	133
regex 98:	A[CG][GT]	124
regex 82:	G.G.A.	110
regex 3:	GAG.	98
regex 17:	G[CA][AGT]T	84
regex 43:	.AGG	81
regex 92:	G.G.GG	70
regex 93:	..G.CT	69
regex 12:	GA.T..	65
regex 34:	.AGC	56
regex 84:	ATG	55
regex 83:	ATG...	55
regex 94:	AT.T	49
regex 85:	.A.C.G	48
regex 42:	A[GTA][AGC]T[TGA][AT]	45
regex 50:	A.GA	44
regex 53:	AA.A	44
regex 75:	..G.AC	44
regex 44:	A.GG	43
regex 79:	A[AGT][CAG]C[CAG][ATG]	41
regex 89:	AAA.	41
regex 60:	.A.TC	38
regex 55:	[CA]AGG	38
regex 26:	A.G..T	38
regex 62:	G.G.GC	36
regex 99:	AT[GC][CTA][TA]	36
regex 97:	G.GCC.	33
regex 14:	A.G.A	32
regex 107:	G.AA.G	31
regex 10:	AA.T	31
regex 2:	AAG..	28
regex 1:	AAG.	28
regex 102:	ACC.G.	26
regex 87:	[TA][GTC]G[CT]A	26
regex 32:	A.GC	24
regex 78:	GA.G.C	21
regex 77:	GA.C.G	20
regex 56:	.A.TGT	20
regex 41:	GA.T.C	18
regex 45:	.AGGA.	18
regex 90:	A..CG	17
regex 49:	GA[TG]C[AG]	17
regex 70:	A..TGG	16
regex 91:	ATG..T	16
regex 86:	.TGTA	15
regex 101:	CA.T.A	13
regex 108:	C..AAT	13
regex 47:	.A.TGC	13
regex 65:	.AGA.C	13
regex 73:	AGG.A.	13
regex 35:	[CTG][ACG]GTGA	12
regex 20:	A.GTG.	12
regex 64:	AA.A.T	11
regex 54:	AGGT.	10
regex 33:	..GTCC	10
regex 74:	GAGG.A	10
regex 81:	.A.AGC	9
regex 61:	[TA]A[ACG][AGC]AC	9
regex 36:	AA.AG.	9
regex 23:	AA..GG	8
regex 63:	A..TCC	8
regex 25:	.AGC.C	8
regex 57:	AGG..G	7
regex 95:	G.GTTT	7
regex 37:	AGG[TGC][TCA][TC]	7
regex 69:	A.GAAA	7
regex 18:	[GC][CA]GTC	6
regex 40:	A.GC.G	6
regex 39:	AA.TC.	6
regex 28:	A.GCA.	6
regex 96:	AC.G.C	6
regex 46:	AT.TA.	6
regex 71:	GA..CG	6
regex 76:	GAGG[GC]T	5
regex 58:	.AGAAA	5
regex 51:	GCGT..	4
regex 72:	AA.AGA	4
regex 80:	AC.C.C	4
regex 11:	GAGT.C	4
regex 15:	A[GCA]GTA[CTA]	4
regex 105:	A[TC]GGGA	4
regex 5:	AAGT	3
regex 24:	A..TAC	3
regex 22:	.A.TAC	3
regex 27:	GAG.TT	3
regex 38:	GAGAT	3
regex 109:	AGATC[TAC]	3
regex 67:	AGGGC	3
regex 48:	AA.GGG	3
regex 106:	CTCTA.	3
regex 68:	AGGTA	3
regex 52:	G[CTA]G[CA]AT	2

100 regexów z największą łączną liczbą dopasowań (klasa 1 + 0):

regex 21:	G.G	klasa 1: 466	klasa 0: 526	razem: 992
regex 0:	.AG	klasa 1: 714	klasa 0: 228	razem: 942
regex 29:	[CA][TA][TG]	klasa 1: 407	klasa 0: 489	razem: 896
regex 16:	GA.	klasa 1: 399	klasa 0: 316	razem: 715
regex 59:	..G..G	klasa 1: 260	klasa 0: 346	razem: 606
regex 4:	A.G	klasa 1: 426	klasa 0: 137	razem: 563
regex 6:	AA.	klasa 1: 379	klasa 0: 133	razem: 512
regex 3:	GAG.	klasa 1: 388	klasa 0: 98	razem: 486
regex 66:	[TCA][ACG][GC]T	klasa 1: 182	klasa 0: 204	razem: 386
regex 2:	AAG..	klasa 1: 300	klasa 0: 28	razem: 328
regex 1:	AAG.	klasa 1: 300	klasa 0: 28	razem: 328
regex 17:	G[CA][AGT]T	klasa 1: 216	klasa 0: 84	razem: 300
regex 12:	GA.T..	klasa 1: 209	klasa 0: 65	razem: 274
regex 88:	A...C.	klasa 1: 108	klasa 0: 135	razem: 243
regex 43:	.AGG	klasa 1: 140	klasa 0: 81	razem: 221
regex 98:	A[CG][GT]	klasa 1: 88	klasa 0: 124	razem: 212
regex 82:	G.G.A.	klasa 1: 97	klasa 0: 110	razem: 207
regex 10:	AA.T	klasa 1: 151	klasa 0: 31	razem: 182
regex 34:	.AGC	klasa 1: 121	klasa 0: 56	razem: 177
regex 14:	A.G.A	klasa 1: 134	klasa 0: 32	razem: 166
regex 26:	A.G..T	klasa 1: 104	klasa 0: 38	razem: 142
regex 42:	A[GTA][AGC]T[TGA][AT]	klasa 1: 94	klasa 0: 45	razem: 139
regex 44:	A.GG	klasa 1: 89	klasa 0: 43	razem: 132
regex 92:	G.G.GG	klasa 1: 61	klasa 0: 70	razem: 131
regex 5:	AAGT	klasa 1: 126	klasa 0: 3	razem: 129
regex 93:	..G.CT	klasa 1: 60	klasa 0: 69	razem: 129
regex 50:	A.GA	klasa 1: 82	klasa 0: 44	razem: 126
regex 53:	AA.A	klasa 1: 78	klasa 0: 44	razem: 122
regex 84:	ATG	klasa 1: 55	klasa 0: 55	razem: 110
regex 83:	ATG...	klasa 1: 55	klasa 0: 55	razem: 110
regex 55:	[CA]AGG	klasa 1: 69	klasa 0: 38	razem: 107
regex 85:	.A.C.G	klasa 1: 49	klasa 0: 48	razem: 97
regex 75:	..G.AC	klasa 1: 53	klasa 0: 44	razem: 97
regex 60:	.A.TC	klasa 1: 58	klasa 0: 38	razem: 96
regex 94:	AT.T	klasa 1: 44	klasa 0: 49	razem: 93
regex 32:	A.GC	klasa 1: 68	klasa 0: 24	razem: 92
regex 62:	G.G.GC	klasa 1: 55	klasa 0: 36	razem: 91
regex 79:	A[AGT][CAG]C[CAG][ATG]	klasa 1: 47	klasa 0: 41	razem: 88
regex 89:	AAA.	klasa 1: 41	klasa 0: 41	razem: 82
regex 20:	A.GTG.	klasa 1: 60	klasa 0: 12	razem: 72
regex 99:	AT[GC][CTA][TA]	klasa 1: 31	klasa 0: 36	razem: 67
regex 41:	GA.T.C	klasa 1: 49	klasa 0: 18	razem: 67
regex 97:	G.GCC.	klasa 1: 30	klasa 0: 33	razem: 63
regex 45:	.AGGA.	klasa 1: 43	klasa 0: 18	razem: 61
regex 56:	.A.TGT	klasa 1: 37	klasa 0: 20	razem: 57
regex 49:	GA[TG]C[AG]	klasa 1: 38	klasa 0: 17	razem: 55
regex 87:	[TA][GTC]G[CT]A	klasa 1: 28	klasa 0: 26	razem: 54
regex 11:	GAGT.C	klasa 1: 46	klasa 0: 4	razem: 50
regex 35:	[CTG][ACG]GTGA	klasa 1: 37	klasa 0: 12	razem: 49
regex 78:	GA.G.C	klasa 1: 27	klasa 0: 21	razem: 48
regex 23:	AA..GG	klasa 1: 38	klasa 0: 8	razem: 46
regex 77:	GA.C.G	klasa 1: 26	klasa 0: 20	razem: 46
regex 47:	.A.TGC	klasa 1: 32	klasa 0: 13	razem: 45
regex 18:	[GC][CA]GTC	klasa 1: 38	klasa 0: 6	razem: 44
regex 33:	..GTCC	klasa 1: 33	klasa 0: 10	razem: 43
regex 25:	.AGC.C	klasa 1: 35	klasa 0: 8	razem: 43
regex 70:	A..TGG	klasa 1: 23	klasa 0: 16	razem: 39
regex 36:	AA.AG.	klasa 1: 28	klasa 0: 9	razem: 37
regex 15:	A[GCA]GTA[CTA]	klasa 1: 32	klasa 0: 4	razem: 36
regex 90:	A..CG	klasa 1: 18	klasa 0: 17	razem: 35
regex 65:	.AGA.C	klasa 1: 21	klasa 0: 13	razem: 34
regex 91:	ATG..T	klasa 1: 17	klasa 0: 16	razem: 33
regex 86:	.TGTA	klasa 1: 17	klasa 0: 15	razem: 32
regex 54:	AGGT.	klasa 1: 22	klasa 0: 10	razem: 32
regex 107:	G.AA.G	klasa 1: 0	klasa 0: 31	razem: 31
regex 73:	AGG.A.	klasa 1: 18	klasa 0: 13	razem: 31
regex 28:	A.GCA.	klasa 1: 24	klasa 0: 6	razem: 30
regex 37:	AGG[TGC][TCA][TC]	klasa 1: 22	klasa 0: 7	razem: 29
regex 64:	AA.A.T	klasa 1: 18	klasa 0: 11	razem: 29
regex 102:	ACC.G.	klasa 1: 3	klasa 0: 26	razem: 29
regex 8:	GAGT[CA]T	klasa 1: 26	klasa 0: 1	razem: 27
regex 61:	[TA]A[ACG][AGC]AC	klasa 1: 16	klasa 0: 9	razem: 25
regex 39:	AA.TC.	klasa 1: 19	klasa 0: 6	razem: 25
regex 40:	A.GC.G	klasa 1: 19	klasa 0: 6	razem: 25
regex 74:	GAGG.A	klasa 1: 14	klasa 0: 10	razem: 24
regex 63:	A..TCC	klasa 1: 14	klasa 0: 8	razem: 22
regex 46:	AT.TA.	klasa 1: 16	klasa 0: 6	razem: 22
regex 57:	AGG..G	klasa 1: 14	klasa 0: 7	razem: 21
regex 22:	.A.TAC	klasa 1: 17	klasa 0: 3	razem: 20
regex 9:	AAGGC.	klasa 1: 19	klasa 0: 1	razem: 20
regex 81:	.A.AGC	klasa 1: 11	klasa 0: 9	razem: 20
regex 24:	A..TAC	klasa 1: 16	klasa 0: 3	razem: 19
regex 69:	A.GAAA	klasa 1: 11	klasa 0: 7	razem: 18
regex 27:	GAG.TT	klasa 1: 13	klasa 0: 3	razem: 16
regex 58:	.AGAAA	klasa 1: 10	klasa 0: 5	razem: 15
regex 7:	A[GA]GTGG	klasa 1: 15	klasa 0: 0	razem: 15
regex 108:	C..AAT	klasa 1: 2	klasa 0: 13	razem: 15
regex 101:	CA.T.A	klasa 1: 2	klasa 0: 13	razem: 15
regex 71:	GA..CG	klasa 1: 9	klasa 0: 6	razem: 15
regex 51:	GCGT..	klasa 1: 10	klasa 0: 4	razem: 14
regex 95:	G.GTTT	klasa 1: 7	klasa 0: 7	razem: 14
regex 13:	GAGTCT	klasa 1: 12	klasa 0: 1	razem: 13
regex 38:	GAGAT	klasa 1: 10	klasa 0: 3	razem: 13
regex 96:	AC.G.C	klasa 1: 6	klasa 0: 6	razem: 12
regex 76:	GAGG[GC]T	klasa 1: 7	klasa 0: 5	razem: 12
regex 48:	AA.GGG	klasa 1: 8	klasa 0: 3	razem: 11
regex 31:	AGG.AC	klasa 1: 8	klasa 0: 2	razem: 10
regex 30:	AA.AGC	klasa 1: 8	klasa 0: 2	razem: 10
regex 72:	AA.AGA	klasa 1: 6	klasa 0: 4	razem: 10
regex 19:	AGG[CTA]AC	klasa 1: 8	klasa 0: 1	razem: 9
--- Selecting top regexes ---
Adding 10 new regexes from index 1210
Saved 110 regexes to input_data/regex_donor.txt
