--- Running main.py (iteration 84) ---
Przed balansowaniem: Counter({np.int64(0): 4140, np.int64(1): 1116})
Bez oversamplingu: utrzymano oryginalny rozkład klas.

=== Using: Custom DecisionTree ===

Test performance:
Accuracy:  0.891
Precision: 0.748
Recall:    0.731
AUC:       0.895

=== Classification report ===
              precision    recall  f1-score   support

           0      0.928     0.934     0.931       829
           1      0.748     0.731     0.739       223

    accuracy                          0.891      1052
   macro avg      0.838     0.832     0.835      1052
weighted avg      0.890     0.891     0.890      1052


Tekstowa ilustracja drzewa decyzyjnego (custom):
--- Evaluating regex performance ---

100 regexów najczęściej dopasowanych dla klasy 1:

regex 0:	.AG	714
regex 15:	G.G	466
regex 4:	A.G	426
regex 19:	[CA][TA][TG]	407
regex 12:	GA.	399
regex 3:	GAG.	388
regex 6:	AA.	379
regex 1:	AAG.	300
regex 2:	AAG..	300
regex 40:	..G..G	260
regex 13:	G[CA][AGT]T	216
regex 10:	GA.T..	209
regex 44:	[TCA][ACG][GC]T	182
regex 73:	[TGA][AG][AG]G	173
regex 9:	AA.T	151
regex 27:	.AGG	140
regex 11:	A.G.A	134
regex 5:	AAGT	126
regex 23:	.AGC	121
regex 60:	A...C.	108
regex 18:	A.G..T	104
regex 54:	G.G.A.	97
regex 28:	A.GG	89
regex 69:	A[CG][GT]	88
regex 33:	A.GA	82
regex 35:	AA.A	78
regex 76:	GA.G	73
regex 37:	[CA]AGG	69
regex 88:	AG[CGA]	68
regex 21:	A.GC	68
regex 64:	G.G.GG	61
regex 65:	..G.CT	60
regex 108:	A.GTG.	60
regex 41:	.A.TC	58
regex 55:	ATG...	55
regex 56:	ATG	55
regex 50:	..G.AC	53
regex 85:	...TGA	51
regex 57:	.A.C.G	49
regex 26:	GA.T.C	49
regex 66:	AT.T	44
regex 86:	GA.A	43
regex 87:	GA.A.	43
regex 61:	AAA.	41
regex 14:	[GC][CA]GTC	38
regex 32:	GA[TG]C[AG]	38
regex 75:	A...GA	36
regex 22:	..GTCC	33
regex 30:	.A.TGC	32
regex 70:	AT[GC][CTA][TA]	31
regex 59:	[TA][GTC]G[CT]A	28
regex 52:	GA.G.C	27
regex 98:	AG.T	27
regex 51:	GA.C.G	26
regex 47:	A..TGG	23
regex 99:	A..CC	23
regex 93:	[AT]A[TA]G	22
regex 84:	..GGAG	22
regex 36:	AGGT.	22
regex 43:	.AGA.C	21
regex 8:	AAGGC.	19
regex 25:	AA.TC.	19
regex 89:	AAC.	19
regex 90:	AG...G	18
regex 62:	A..CG	18
regex 42:	AA.A.T	18
regex 83:	G..TCT	17
regex 92:	AG.C	17
regex 63:	ATG..T	17
regex 58:	.TGTA	17
regex 16:	.A.TAC	17
regex 17:	A..TAC	16
regex 29:	AT.TA.	16
regex 7:	A[GA]GTGG	15
regex 38:	AGG..G	14
regex 49:	GAGG.A	14
regex 80:	AGGG	13
regex 91:	AAC[AT]	12
regex 71:	ACG	11
regex 72:	ACG.	11
regex 53:	.A.AGC	11
regex 39:	.AGAAA	10
regex 24:	GAGAT	10
regex 34:	GCGT..	10
regex 48:	GA..CG	9
regex 74:	A.A.TT	9
regex 81:	AATG	8
regex 31:	AA.GGG	8
regex 20:	AA.AGC	8
regex 82:	AG..CC	8
regex 102:	AGG[CTA]AC	8
regex 78:	AACC..	7
regex 67:	G.GTTT	7
regex 77:	AACC	7
regex 79:	..GATT	7
regex 94:	AACT	6
regex 97:	AACT.	6
regex 68:	AC.G.C	6
regex 95:	AACA	6
regex 96:	GCG.C.	6

100 regexów najczęściej dopasowanych dla klasy 0:

regex 15:	G.G	526
regex 19:	[CA][TA][TG]	489
regex 73:	[TGA][AG][AG]G	347
regex 40:	..G..G	346
regex 12:	GA.	316
regex 0:	.AG	228
regex 44:	[TCA][ACG][GC]T	204
regex 4:	A.G	137
regex 60:	A...C.	135
regex 6:	AA.	133
regex 69:	A[CG][GT]	124
regex 88:	AG[CGA]	119
regex 54:	G.G.A.	110
regex 76:	GA.G	106
regex 3:	GAG.	98
regex 13:	G[CA][AGT]T	84
regex 85:	...TGA	83
regex 27:	.AGG	81
regex 64:	G.G.GG	70
regex 65:	..G.CT	69
regex 86:	GA.A	68
regex 87:	GA.A.	68
regex 10:	GA.T..	65
regex 23:	.AGC	56
regex 55:	ATG...	55
regex 56:	ATG	55
regex 66:	AT.T	49
regex 57:	.A.C.G	48
regex 75:	A...GA	45
regex 50:	..G.AC	44
regex 33:	A.GA	44
regex 35:	AA.A	44
regex 98:	AG.T	44
regex 28:	A.GG	43
regex 61:	AAA.	41
regex 37:	[CA]AGG	38
regex 41:	.A.TC	38
regex 18:	A.G..T	38
regex 99:	A..CC	37
regex 70:	AT[GC][CTA][TA]	36
regex 93:	[AT]A[TA]G	35
regex 84:	..GGAG	32
regex 11:	A.G.A	32
regex 104:	CCT.C.	31
regex 9:	AA.T	31
regex 1:	AAG.	28
regex 89:	AAC.	28
regex 2:	AAG..	28
regex 90:	AG...G	27
regex 92:	AG.C	26
regex 59:	[TA][GTC]G[CT]A	26
regex 83:	G..TCT	24
regex 21:	A.GC	24
regex 100:	..TGCT	23
regex 52:	GA.G.C	21
regex 51:	GA.C.G	20
regex 101:	CA.CT.	19
regex 91:	AAC[AT]	18
regex 26:	GA.T.C	18
regex 32:	GA[TG]C[AG]	17
regex 62:	A..CG	17
regex 80:	AGGG	16
regex 63:	ATG..T	16
regex 47:	A..TGG	16
regex 58:	.TGTA	15
regex 43:	.AGA.C	13
regex 30:	.A.TGC	13
regex 72:	ACG.	12
regex 71:	ACG	12
regex 108:	A.GTG.	12
regex 42:	AA.A.T	11
regex 36:	AGGT.	10
regex 81:	AATG	10
regex 82:	AG..CC	10
regex 49:	GAGG.A	10
regex 74:	A.A.TT	10
regex 22:	..GTCC	10
regex 94:	AACT	9
regex 97:	AACT.	9
regex 95:	AACA	9
regex 96:	GCG.C.	9
regex 53:	.A.AGC	9
regex 77:	AACC	8
regex 79:	..GATT	8
regex 78:	AACC..	8
regex 67:	G.GTTT	7
regex 38:	AGG..G	7
regex 68:	AC.G.C	6
regex 107:	[GAT]CGG[ATC]G	6
regex 29:	AT.TA.	6
regex 14:	[GC][CA]GTC	6
regex 25:	AA.TC.	6
regex 103:	AAA[CAG][TC]G	6
regex 48:	GA..CG	6
regex 39:	.AGAAA	5
regex 34:	GCGT..	4
regex 5:	AAGT	3
regex 45:	AGGTA	3
regex 16:	.A.TAC	3
regex 17:	A..TAC	3

100 regexów z największą łączną liczbą dopasowań (klasa 1 + 0):

regex 15:	G.G	klasa 1: 466	klasa 0: 526	razem: 992
regex 0:	.AG	klasa 1: 714	klasa 0: 228	razem: 942
regex 19:	[CA][TA][TG]	klasa 1: 407	klasa 0: 489	razem: 896
regex 12:	GA.	klasa 1: 399	klasa 0: 316	razem: 715
regex 40:	..G..G	klasa 1: 260	klasa 0: 346	razem: 606
regex 4:	A.G	klasa 1: 426	klasa 0: 137	razem: 563
regex 73:	[TGA][AG][AG]G	klasa 1: 173	klasa 0: 347	razem: 520
regex 6:	AA.	klasa 1: 379	klasa 0: 133	razem: 512
regex 3:	GAG.	klasa 1: 388	klasa 0: 98	razem: 486
regex 44:	[TCA][ACG][GC]T	klasa 1: 182	klasa 0: 204	razem: 386
regex 2:	AAG..	klasa 1: 300	klasa 0: 28	razem: 328
regex 1:	AAG.	klasa 1: 300	klasa 0: 28	razem: 328
regex 13:	G[CA][AGT]T	klasa 1: 216	klasa 0: 84	razem: 300
regex 10:	GA.T..	klasa 1: 209	klasa 0: 65	razem: 274
regex 60:	A...C.	klasa 1: 108	klasa 0: 135	razem: 243
regex 27:	.AGG	klasa 1: 140	klasa 0: 81	razem: 221
regex 69:	A[CG][GT]	klasa 1: 88	klasa 0: 124	razem: 212
regex 54:	G.G.A.	klasa 1: 97	klasa 0: 110	razem: 207
regex 88:	AG[CGA]	klasa 1: 68	klasa 0: 119	razem: 187
regex 9:	AA.T	klasa 1: 151	klasa 0: 31	razem: 182
regex 76:	GA.G	klasa 1: 73	klasa 0: 106	razem: 179
regex 23:	.AGC	klasa 1: 121	klasa 0: 56	razem: 177
regex 11:	A.G.A	klasa 1: 134	klasa 0: 32	razem: 166
regex 18:	A.G..T	klasa 1: 104	klasa 0: 38	razem: 142
regex 85:	...TGA	klasa 1: 51	klasa 0: 83	razem: 134
regex 28:	A.GG	klasa 1: 89	klasa 0: 43	razem: 132
regex 64:	G.G.GG	klasa 1: 61	klasa 0: 70	razem: 131
regex 5:	AAGT	klasa 1: 126	klasa 0: 3	razem: 129
regex 65:	..G.CT	klasa 1: 60	klasa 0: 69	razem: 129
regex 33:	A.GA	klasa 1: 82	klasa 0: 44	razem: 126
regex 35:	AA.A	klasa 1: 78	klasa 0: 44	razem: 122
regex 86:	GA.A	klasa 1: 43	klasa 0: 68	razem: 111
regex 87:	GA.A.	klasa 1: 43	klasa 0: 68	razem: 111
regex 55:	ATG...	klasa 1: 55	klasa 0: 55	razem: 110
regex 56:	ATG	klasa 1: 55	klasa 0: 55	razem: 110
regex 37:	[CA]AGG	klasa 1: 69	klasa 0: 38	razem: 107
regex 50:	..G.AC	klasa 1: 53	klasa 0: 44	razem: 97
regex 57:	.A.C.G	klasa 1: 49	klasa 0: 48	razem: 97
regex 41:	.A.TC	klasa 1: 58	klasa 0: 38	razem: 96
regex 66:	AT.T	klasa 1: 44	klasa 0: 49	razem: 93
regex 21:	A.GC	klasa 1: 68	klasa 0: 24	razem: 92
regex 61:	AAA.	klasa 1: 41	klasa 0: 41	razem: 82
regex 75:	A...GA	klasa 1: 36	klasa 0: 45	razem: 81
regex 108:	A.GTG.	klasa 1: 60	klasa 0: 12	razem: 72
regex 98:	AG.T	klasa 1: 27	klasa 0: 44	razem: 71
regex 26:	GA.T.C	klasa 1: 49	klasa 0: 18	razem: 67
regex 70:	AT[GC][CTA][TA]	klasa 1: 31	klasa 0: 36	razem: 67
regex 99:	A..CC	klasa 1: 23	klasa 0: 37	razem: 60
regex 93:	[AT]A[TA]G	klasa 1: 22	klasa 0: 35	razem: 57
regex 32:	GA[TG]C[AG]	klasa 1: 38	klasa 0: 17	razem: 55
regex 59:	[TA][GTC]G[CT]A	klasa 1: 28	klasa 0: 26	razem: 54
regex 84:	..GGAG	klasa 1: 22	klasa 0: 32	razem: 54
regex 52:	GA.G.C	klasa 1: 27	klasa 0: 21	razem: 48
regex 89:	AAC.	klasa 1: 19	klasa 0: 28	razem: 47
regex 51:	GA.C.G	klasa 1: 26	klasa 0: 20	razem: 46
regex 90:	AG...G	klasa 1: 18	klasa 0: 27	razem: 45
regex 30:	.A.TGC	klasa 1: 32	klasa 0: 13	razem: 45
regex 14:	[GC][CA]GTC	klasa 1: 38	klasa 0: 6	razem: 44
regex 22:	..GTCC	klasa 1: 33	klasa 0: 10	razem: 43
regex 92:	AG.C	klasa 1: 17	klasa 0: 26	razem: 43
regex 83:	G..TCT	klasa 1: 17	klasa 0: 24	razem: 41
regex 47:	A..TGG	klasa 1: 23	klasa 0: 16	razem: 39
regex 62:	A..CG	klasa 1: 18	klasa 0: 17	razem: 35
regex 43:	.AGA.C	klasa 1: 21	klasa 0: 13	razem: 34
regex 63:	ATG..T	klasa 1: 17	klasa 0: 16	razem: 33
regex 58:	.TGTA	klasa 1: 17	klasa 0: 15	razem: 32
regex 36:	AGGT.	klasa 1: 22	klasa 0: 10	razem: 32
regex 104:	CCT.C.	klasa 1: 0	klasa 0: 31	razem: 31
regex 91:	AAC[AT]	klasa 1: 12	klasa 0: 18	razem: 30
regex 80:	AGGG	klasa 1: 13	klasa 0: 16	razem: 29
regex 42:	AA.A.T	klasa 1: 18	klasa 0: 11	razem: 29
regex 25:	AA.TC.	klasa 1: 19	klasa 0: 6	razem: 25
regex 100:	..TGCT	klasa 1: 1	klasa 0: 23	razem: 24
regex 49:	GAGG.A	klasa 1: 14	klasa 0: 10	razem: 24
regex 72:	ACG.	klasa 1: 11	klasa 0: 12	razem: 23
regex 71:	ACG	klasa 1: 11	klasa 0: 12	razem: 23
regex 29:	AT.TA.	klasa 1: 16	klasa 0: 6	razem: 22
regex 38:	AGG..G	klasa 1: 14	klasa 0: 7	razem: 21
regex 8:	AAGGC.	klasa 1: 19	klasa 0: 1	razem: 20
regex 16:	.A.TAC	klasa 1: 17	klasa 0: 3	razem: 20
regex 53:	.A.AGC	klasa 1: 11	klasa 0: 9	razem: 20
regex 101:	CA.CT.	klasa 1: 0	klasa 0: 19	razem: 19
regex 74:	A.A.TT	klasa 1: 9	klasa 0: 10	razem: 19
regex 17:	A..TAC	klasa 1: 16	klasa 0: 3	razem: 19
regex 82:	AG..CC	klasa 1: 8	klasa 0: 10	razem: 18
regex 81:	AATG	klasa 1: 8	klasa 0: 10	razem: 18
regex 94:	AACT	klasa 1: 6	klasa 0: 9	razem: 15
regex 95:	AACA	klasa 1: 6	klasa 0: 9	razem: 15
regex 97:	AACT.	klasa 1: 6	klasa 0: 9	razem: 15
regex 77:	AACC	klasa 1: 7	klasa 0: 8	razem: 15
regex 78:	AACC..	klasa 1: 7	klasa 0: 8	razem: 15
regex 39:	.AGAAA	klasa 1: 10	klasa 0: 5	razem: 15
regex 7:	A[GA]GTGG	klasa 1: 15	klasa 0: 0	razem: 15
regex 48:	GA..CG	klasa 1: 9	klasa 0: 6	razem: 15
regex 96:	GCG.C.	klasa 1: 6	klasa 0: 9	razem: 15
regex 79:	..GATT	klasa 1: 7	klasa 0: 8	razem: 15
regex 34:	GCGT..	klasa 1: 10	klasa 0: 4	razem: 14
regex 67:	G.GTTT	klasa 1: 7	klasa 0: 7	razem: 14
regex 24:	GAGAT	klasa 1: 10	klasa 0: 3	razem: 13
regex 68:	AC.G.C	klasa 1: 6	klasa 0: 6	razem: 12
--- Selecting top regexes ---
Adding 10 new regexes from index 830
Saved 110 regexes to input_data/regex_donor.txt
