--- Running main.py (iteration 11) ---
Przed balansowaniem: Counter({np.int64(0): 4140, np.int64(1): 1116})
Bez oversamplingu: utrzymano oryginalny rozkład klas.

=== Using: Custom DecisionTree ===

Test performance:
Accuracy:  0.875
Precision: 0.719
Recall:    0.677
AUC:       0.877

=== Classification report ===
              precision    recall  f1-score   support

           0      0.914     0.929     0.922       829
           1      0.719     0.677     0.697       223

    accuracy                          0.875      1052
   macro avg      0.817     0.803     0.810      1052
weighted avg      0.873     0.875     0.874      1052


Tekstowa ilustracja drzewa decyzyjnego (custom):
--- Evaluating regex performance ---

100 regexów najczęściej dopasowanych dla klasy 1:

regex 0:	.AG	714
regex 5:	G.G	466
regex 1:	A.G	426
regex 101:	[CA][TA][TG]	407
regex 4:	GA.	399
regex 2:	AA.	379
regex 13:	..G..G	260
regex 104:	[TGA][TGC][CG]	250
regex 3:	GA.T..	209
regex 33:	G....C	142
regex 40:	G....T	117
regex 42:	.GG	116
regex 22:	A...C.	108
regex 6:	A.G..T	104
regex 47:	G...A.	104
regex 41:	....AG	101
regex 35:	...TT.	99
regex 18:	G.G.A.	97
regex 67:	[AGT]T[GTC]	92
regex 26:	A[CG][GT]	88
regex 57:	.TG	81
regex 36:	G.GG..	80
regex 34:	AG.	71
regex 31:	AG[CGA]	68
regex 64:	[GCA]A[CA]	68
regex 50:	[AG]A[CA]	67
regex 51:	G...GG	65
regex 23:	G.G.GG	61
regex 24:	..G.CT	60
regex 46:	A.A	56
regex 20:	ATG	55
regex 19:	ATG...	55
regex 17:	..G.AC	53
regex 30:	...TGA	51
regex 21:	.A.C.G	49
regex 7:	GA.T.C	49
regex 39:	..GG.G	49
regex 96:	[ATG][CTA]C	47
regex 53:	AC.	45
regex 69:	.AA	45
regex 54:	A.T	44
regex 83:	GG[GT]	43
regex 86:	[AC][ATC]T	43
regex 55:	A.C	42
regex 73:	[CT][GA]G	39
regex 29:	A...GA	36
regex 97:	G[TC][TG]	36
regex 52:	.GG..T	33
regex 9:	.A.TGC	32
regex 60:	G..G.C	31
regex 43:	[GTA]CG	31
regex 61:	G..CC.	30
regex 76:	...AT.	30
regex 93:	[TA][TAG]T	30
regex 94:	C.G	27
regex 90:	.AC	24
regex 92:	T.G	24
regex 85:	.AT	24
regex 14:	A..TGG	23
regex 44:	AT...A	21
regex 80:	G...TG	21
regex 45:	GCG	19
regex 68:	.TG..C	19
regex 37:	AAT	19
regex 32:	AG...G	18
regex 48:	...TAA	18
regex 71:	...AGA	17
regex 72:	.G..CC	17
regex 79:	.AAG..	16
regex 38:	A.C..C	16
regex 8:	AT.TA.	16
regex 102:	.CT	15
regex 75:	...AAG	15
regex 56:	AG...T	14
regex 105:	ACT	14
regex 16:	GAGG.A	14
regex 89:	...CTG	13
regex 62:	.G..AC	12
regex 66:	...AAT	12
regex 59:	.AAT..	12
regex 27:	ACG	11
regex 107:	TG.	10
regex 12:	.AGAAA	10
regex 11:	GCGT..	10
regex 98:	.T..GC	10
regex 28:	A.A.TT	9
regex 84:	A.C.G.	9
regex 95:	.G..TT	9
regex 15:	GA..CG	9
regex 91:	.G.T.A	9
regex 99:	.T.TC.	8
regex 10:	AA.GGG	8
regex 100:	TA.	8
regex 81:	AC.T..	8
regex 88:	A.T..T	8
regex 25:	G.GTTT	7
regex 58:	.GGCC.	7
regex 74:	A.TA..	7
regex 63:	TAG	7
regex 82:	AGC	6

100 regexów najczęściej dopasowanych dla klasy 0:

regex 104:	[TGA][TGC][CG]	1385
regex 67:	[AGT]T[GTC]	681
regex 96:	[ATG][CTA]C	554
regex 5:	G.G	526
regex 101:	[CA][TA][TG]	489
regex 42:	.GG	398
regex 40:	G....T	397
regex 33:	G....C	390
regex 47:	G...A.	388
regex 97:	G[TC][TG]	379
regex 57:	.TG	374
regex 86:	[AC][ATC]T	369
regex 64:	[GCA]A[CA]	363
regex 83:	GG[GT]	351
regex 102:	.CT	348
regex 13:	..G..G	346
regex 41:	....AG	317
regex 4:	GA.	316
regex 93:	[TA][TAG]T	274
regex 103:	C.T	267
regex 94:	C.G	248
regex 107:	TG.	240
regex 69:	.AA	238
regex 35:	...TT.	237
regex 50:	[AG]A[CA]	231
regex 0:	.AG	228
regex 51:	G...GG	222
regex 73:	[CT][GA]G	218
regex 92:	T.G	197
regex 90:	.AC	191
regex 36:	G.GG..	187
regex 76:	...AT.	172
regex 85:	.AT	172
regex 46:	A.A	161
regex 54:	A.T	150
regex 53:	AC.	149
regex 34:	AG.	148
regex 55:	A.C	146
regex 106:	T[CT]C	145
regex 1:	A.G	137
regex 22:	A...C.	135
regex 2:	AA.	133
regex 26:	A[CG][GT]	124
regex 80:	G...TG	124
regex 60:	G..G.C	119
regex 31:	AG[CGA]	119
regex 61:	G..CC.	119
regex 39:	..GG.G	117
regex 100:	TA.	114
regex 18:	G.G.A.	110
regex 108:	CTG	102
regex 52:	.GG..T	100
regex 89:	...CTG	92
regex 79:	.AAG..	87
regex 68:	.TG..C	85
regex 98:	.T..GC	84
regex 30:	...TGA	83
regex 72:	.G..CC	82
regex 71:	...AGA	81
regex 75:	...AAG	75
regex 109:	[CT]TA	74
regex 43:	[GTA]CG	72
regex 95:	.G..TT	70
regex 23:	G.G.GG	70
regex 24:	..G.CT	69
regex 99:	.T.TC.	69
regex 3:	GA.T..	65
regex 91:	.G.T.A	64
regex 84:	A.C.G.	57
regex 19:	ATG...	55
regex 20:	ATG	55
regex 88:	A.T..T	53
regex 21:	.A.C.G	48
regex 66:	...AAT	48
regex 44:	AT...A	47
regex 81:	AC.T..	46
regex 45:	GCG	46
regex 29:	A...GA	45
regex 48:	...TAA	45
regex 17:	..G.AC	44
regex 56:	AG...T	44
regex 62:	.G..AC	44
regex 105:	ACT	41
regex 59:	.AAT..	41
regex 87:	.G.TGG	39
regex 6:	A.G..T	38
regex 37:	AAT	36
regex 82:	AGC	36
regex 74:	A.TA..	33
regex 38:	A.C..C	33
regex 32:	AG...G	27
regex 70:	GTGC..	26
regex 63:	TAG	25
regex 77:	G..AGA	25
regex 78:	..ACG.	25
regex 58:	.GGCC.	22
regex 65:	.GGC.T	19
regex 7:	GA.T.C	18
regex 14:	A..TGG	16
regex 49:	.CG..T	15

100 regexów z największą łączną liczbą dopasowań (klasa 1 + 0):

regex 104:	[TGA][TGC][CG]	klasa 1: 250	klasa 0: 1385	razem: 1635
regex 5:	G.G	klasa 1: 466	klasa 0: 526	razem: 992
regex 0:	.AG	klasa 1: 714	klasa 0: 228	razem: 942
regex 101:	[CA][TA][TG]	klasa 1: 407	klasa 0: 489	razem: 896
regex 67:	[AGT]T[GTC]	klasa 1: 92	klasa 0: 681	razem: 773
regex 4:	GA.	klasa 1: 399	klasa 0: 316	razem: 715
regex 13:	..G..G	klasa 1: 260	klasa 0: 346	razem: 606
regex 96:	[ATG][CTA]C	klasa 1: 47	klasa 0: 554	razem: 601
regex 1:	A.G	klasa 1: 426	klasa 0: 137	razem: 563
regex 33:	G....C	klasa 1: 142	klasa 0: 390	razem: 532
regex 40:	G....T	klasa 1: 117	klasa 0: 397	razem: 514
regex 42:	.GG	klasa 1: 116	klasa 0: 398	razem: 514
regex 2:	AA.	klasa 1: 379	klasa 0: 133	razem: 512
regex 47:	G...A.	klasa 1: 104	klasa 0: 388	razem: 492
regex 57:	.TG	klasa 1: 81	klasa 0: 374	razem: 455
regex 64:	[GCA]A[CA]	klasa 1: 68	klasa 0: 363	razem: 431
regex 41:	....AG	klasa 1: 101	klasa 0: 317	razem: 418
regex 97:	G[TC][TG]	klasa 1: 36	klasa 0: 379	razem: 415
regex 86:	[AC][ATC]T	klasa 1: 43	klasa 0: 369	razem: 412
regex 83:	GG[GT]	klasa 1: 43	klasa 0: 351	razem: 394
regex 102:	.CT	klasa 1: 15	klasa 0: 348	razem: 363
regex 35:	...TT.	klasa 1: 99	klasa 0: 237	razem: 336
regex 93:	[TA][TAG]T	klasa 1: 30	klasa 0: 274	razem: 304
regex 50:	[AG]A[CA]	klasa 1: 67	klasa 0: 231	razem: 298
regex 51:	G...GG	klasa 1: 65	klasa 0: 222	razem: 287
regex 69:	.AA	klasa 1: 45	klasa 0: 238	razem: 283
regex 94:	C.G	klasa 1: 27	klasa 0: 248	razem: 275
regex 3:	GA.T..	klasa 1: 209	klasa 0: 65	razem: 274
regex 103:	C.T	klasa 1: 2	klasa 0: 267	razem: 269
regex 36:	G.GG..	klasa 1: 80	klasa 0: 187	razem: 267
regex 73:	[CT][GA]G	klasa 1: 39	klasa 0: 218	razem: 257
regex 107:	TG.	klasa 1: 10	klasa 0: 240	razem: 250
regex 22:	A...C.	klasa 1: 108	klasa 0: 135	razem: 243
regex 92:	T.G	klasa 1: 24	klasa 0: 197	razem: 221
regex 34:	AG.	klasa 1: 71	klasa 0: 148	razem: 219
regex 46:	A.A	klasa 1: 56	klasa 0: 161	razem: 217
regex 90:	.AC	klasa 1: 24	klasa 0: 191	razem: 215
regex 26:	A[CG][GT]	klasa 1: 88	klasa 0: 124	razem: 212
regex 18:	G.G.A.	klasa 1: 97	klasa 0: 110	razem: 207
regex 76:	...AT.	klasa 1: 30	klasa 0: 172	razem: 202
regex 85:	.AT	klasa 1: 24	klasa 0: 172	razem: 196
regex 54:	A.T	klasa 1: 44	klasa 0: 150	razem: 194
regex 53:	AC.	klasa 1: 45	klasa 0: 149	razem: 194
regex 55:	A.C	klasa 1: 42	klasa 0: 146	razem: 188
regex 31:	AG[CGA]	klasa 1: 68	klasa 0: 119	razem: 187
regex 39:	..GG.G	klasa 1: 49	klasa 0: 117	razem: 166
regex 60:	G..G.C	klasa 1: 31	klasa 0: 119	razem: 150
regex 61:	G..CC.	klasa 1: 30	klasa 0: 119	razem: 149
regex 106:	T[CT]C	klasa 1: 0	klasa 0: 145	razem: 145
regex 80:	G...TG	klasa 1: 21	klasa 0: 124	razem: 145
regex 6:	A.G..T	klasa 1: 104	klasa 0: 38	razem: 142
regex 30:	...TGA	klasa 1: 51	klasa 0: 83	razem: 134
regex 52:	.GG..T	klasa 1: 33	klasa 0: 100	razem: 133
regex 23:	G.G.GG	klasa 1: 61	klasa 0: 70	razem: 131
regex 24:	..G.CT	klasa 1: 60	klasa 0: 69	razem: 129
regex 100:	TA.	klasa 1: 8	klasa 0: 114	razem: 122
regex 19:	ATG...	klasa 1: 55	klasa 0: 55	razem: 110
regex 20:	ATG	klasa 1: 55	klasa 0: 55	razem: 110
regex 108:	CTG	klasa 1: 4	klasa 0: 102	razem: 106
regex 89:	...CTG	klasa 1: 13	klasa 0: 92	razem: 105
regex 68:	.TG..C	klasa 1: 19	klasa 0: 85	razem: 104
regex 79:	.AAG..	klasa 1: 16	klasa 0: 87	razem: 103
regex 43:	[GTA]CG	klasa 1: 31	klasa 0: 72	razem: 103
regex 72:	.G..CC	klasa 1: 17	klasa 0: 82	razem: 99
regex 71:	...AGA	klasa 1: 17	klasa 0: 81	razem: 98
regex 17:	..G.AC	klasa 1: 53	klasa 0: 44	razem: 97
regex 21:	.A.C.G	klasa 1: 49	klasa 0: 48	razem: 97
regex 98:	.T..GC	klasa 1: 10	klasa 0: 84	razem: 94
regex 75:	...AAG	klasa 1: 15	klasa 0: 75	razem: 90
regex 29:	A...GA	klasa 1: 36	klasa 0: 45	razem: 81
regex 95:	.G..TT	klasa 1: 9	klasa 0: 70	razem: 79
regex 99:	.T.TC.	klasa 1: 8	klasa 0: 69	razem: 77
regex 109:	[CT]TA	klasa 1: 0	klasa 0: 74	razem: 74
regex 91:	.G.T.A	klasa 1: 9	klasa 0: 64	razem: 73
regex 44:	AT...A	klasa 1: 21	klasa 0: 47	razem: 68
regex 7:	GA.T.C	klasa 1: 49	klasa 0: 18	razem: 67
regex 84:	A.C.G.	klasa 1: 9	klasa 0: 57	razem: 66
regex 45:	GCG	klasa 1: 19	klasa 0: 46	razem: 65
regex 48:	...TAA	klasa 1: 18	klasa 0: 45	razem: 63
regex 88:	A.T..T	klasa 1: 8	klasa 0: 53	razem: 61
regex 66:	...AAT	klasa 1: 12	klasa 0: 48	razem: 60
regex 56:	AG...T	klasa 1: 14	klasa 0: 44	razem: 58
regex 62:	.G..AC	klasa 1: 12	klasa 0: 44	razem: 56
regex 37:	AAT	klasa 1: 19	klasa 0: 36	razem: 55
regex 105:	ACT	klasa 1: 14	klasa 0: 41	razem: 55
regex 81:	AC.T..	klasa 1: 8	klasa 0: 46	razem: 54
regex 59:	.AAT..	klasa 1: 12	klasa 0: 41	razem: 53
regex 38:	A.C..C	klasa 1: 16	klasa 0: 33	razem: 49
regex 32:	AG...G	klasa 1: 18	klasa 0: 27	razem: 45
regex 9:	.A.TGC	klasa 1: 32	klasa 0: 13	razem: 45
regex 87:	.G.TGG	klasa 1: 6	klasa 0: 39	razem: 45
regex 82:	AGC	klasa 1: 6	klasa 0: 36	razem: 42
regex 74:	A.TA..	klasa 1: 7	klasa 0: 33	razem: 40
regex 14:	A..TGG	klasa 1: 23	klasa 0: 16	razem: 39
regex 63:	TAG	klasa 1: 7	klasa 0: 25	razem: 32
regex 70:	GTGC..	klasa 1: 6	klasa 0: 26	razem: 32
regex 78:	..ACG.	klasa 1: 5	klasa 0: 25	razem: 30
regex 77:	G..AGA	klasa 1: 5	klasa 0: 25	razem: 30
regex 58:	.GGCC.	klasa 1: 7	klasa 0: 22	razem: 29
regex 16:	GAGG.A	klasa 1: 14	klasa 0: 10	razem: 24
--- Selecting top regexes ---
Adding 10 new regexes from index 100
Saved 110 regexes to input_data/regex_donor.txt
