--- Running main.py (iteration 344) ---
Class distribution: Counter({np.int64(0): 4672, np.int64(1): 1116})

=== Using: Custom DecisionTree ===

Test performance:
Accuracy:  0.808
Precision: 0.511
Recall:    0.103
AUC:       0.612

=== Classification report ===
              precision    recall  f1-score   support

           0      0.820     0.976     0.892       935
           1      0.511     0.103     0.172       223

    accuracy                          0.808      1158
   macro avg      0.666     0.540     0.532      1158
weighted avg      0.761     0.808     0.753      1158


Text illustration of decision tree (custom):
--- Evaluating regex performance ---
--- Selecting top regexes ---
Adding 10 new regexes from index 3430
Saved 110 regexes to input_data/regex_acceptor.txt
