--- Running main.py (iteration 386) ---
Class distribution: Counter({np.int64(0): 4672, np.int64(1): 1116})

=== Using: Custom DecisionTree ===

Test performance:
Accuracy:  0.809
Precision: 0.519
Recall:    0.126
AUC:       0.617

=== Classification report ===
              precision    recall  f1-score   support

           0      0.823     0.972     0.892       935
           1      0.519     0.126     0.202       223

    accuracy                          0.809      1158
   macro avg      0.671     0.549     0.547      1158
weighted avg      0.765     0.809     0.759      1158


Text illustration of decision tree (custom):
--- Evaluating regex performance ---
--- Selecting top regexes ---
Adding 10 new regexes from index 3850
Saved 110 regexes to input_data/regex_acceptor.txt
