--- Running main.py (iteration 340) ---
Class distribution: Counter({np.int64(0): 4672, np.int64(1): 1116})

=== Using: Custom DecisionTree ===

Test performance:
Accuracy:  0.809
Precision: 0.523
Recall:    0.103
AUC:       0.610

=== Classification report ===
              precision    recall  f1-score   support

           0      0.820     0.978     0.892       935
           1      0.523     0.103     0.172       223

    accuracy                          0.809      1158
   macro avg      0.672     0.540     0.532      1158
weighted avg      0.763     0.809     0.754      1158


Text illustration of decision tree (custom):
--- Evaluating regex performance ---
--- Selecting top regexes ---
Adding 10 new regexes from index 3390
Saved 110 regexes to input_data/regex_acceptor.txt
