--- Running main.py (iteration 864) ---
Class distribution: Counter({np.int64(0): 4672, np.int64(1): 1116})

=== Using: Custom DecisionTree ===

Test performance:
Accuracy:  0.794
Precision: 0.421
Recall:    0.179
AUC:       0.629

=== Classification report ===
              precision    recall  f1-score   support

           0      0.828     0.941     0.881       935
           1      0.421     0.179     0.252       223

    accuracy                          0.794      1158
   macro avg      0.624     0.560     0.566      1158
weighted avg      0.750     0.794     0.760      1158


Text illustration of decision tree (custom):
--- Evaluating regex performance ---

100 regexów najczęściej dopasowanych dla klasy 1:

regex 1:	[AGT]T[GTC]	243
regex 4:	[CAG][TG][AC][TAC]	215
regex 0:	GT.	197
regex 8:	[ATG][CTA]C	178
regex 2:	G.A	163
regex 3:	G[TC][TG]	158
regex 6:	GA.	151
regex 5:	G.G	149
regex 12:	[GCA]A[CA]	143
regex 17:	[CAG]C[AC]	142
regex 10:	.TG	136
regex 34:	[CA][TA][TG]	122
regex 11:	GC.	120
regex 9:	GG.	119
regex 15:	[AG]A[CA]	119
regex 18:	[TGC][TG]C	114
regex 44:	[ATC][GCT]T	95
regex 24:	.AA	95
regex 14:	[GT][GT]A	95
regex 67:	[TC][GC][GCA]	94
regex 13:	[AG]TG[GAC]	84
regex 31:	A.C	83
regex 43:	[AC][ATC]T	83
regex 42:	.CC	82
regex 25:	[CTG][CT][AGT]A	82
regex 21:	G[AGT][TCG]C	80
regex 28:	.TC	80
regex 7:	GTG.	79
regex 40:	[CA][ACG]A[TAC]	78
regex 26:	[GT][GTA][ATG][GCT]T	76
regex 63:	AA.	76
regex 23:	[GA][CGT][TAC][TGC]C[GCA]	76
regex 46:	[TA][TAG]T	74
regex 50:	[GCA]C[ACG][GT]	71
regex 45:	A.A	71
regex 32:	.AT	70
regex 22:	.TA	69
regex 60:	.CT	67
regex 41:	A.T	65
regex 33:	G[AC]C	65
regex 64:	.CA	65
regex 48:	AC.	64
regex 29:	[GAC]TT	62
regex 47:	[TG][AGC][ACG]A[CAG][TGC]	57
regex 27:	G[GTA][ACT][AC][CAT][CGA][ATG][ATG]	56
regex 49:	[TAG][CTG][TCA][CAT][GAT][GCA]A[ACG]	54
regex 65:	[TGA]CA	53
regex 16:	GT[CG][GA][TAG]	53
regex 19:	GT.G	52
regex 51:	[ATG]CT[GAC]	51
regex 30:	G.GA	51
regex 38:	GA.A	50
regex 37:	GA.A.	50
regex 35:	GG[GT]	48
regex 57:	[GA]GA	47
regex 20:	G.AT	44
regex 59:	[AGC][ACT]T[AG][CA]	44
regex 39:	GC.C.	43
regex 58:	.TGG.	43
regex 62:	GA.G	43
regex 55:	[ACG][TGA][GC]G[CGA][ATG][CTA]	42
regex 36:	G.TC.	41
regex 61:	G.GG.	40
regex 68:	.TGA	39
regex 66:	[AG][AT]A[GCA][TGC][CAT][ACT]	38
regex 54:	G..GC	38
regex 52:	[GC][AT][ATC]T[GC][GTC]	37
regex 56:	G..CA	37
regex 69:	G.CC	37
regex 53:	[CG][TC][GA][CAT][TAG][AGC][TA][GT]	32
regex 71:	[TAC]T[CAT]T[AGT][GA]	8
regex 75:	AA.G.A	6
regex 78:	GC..AT	6
regex 77:	A.C.TA	4
regex 70:	GAAGTC	0
regex 72:	CC.CGC	0
regex 74:	T[ATC][GC]TGG	0
regex 73:	AATAAT	0
regex 76:	TT.GTT	0
regex 79:	TCCAAC	0

100 regexów najczęściej dopasowanych dla klasy 0:

regex 34:	[CA][TA][TG]	841
regex 67:	[TC][GC][GCA]	812
regex 8:	[ATG][CTA]C	672
regex 17:	[CAG]C[AC]	648
regex 4:	[CAG][TG][AC][TAC]	612
regex 44:	[ATC][GCT]T	596
regex 1:	[AGT]T[GTC]	574
regex 12:	[GCA]A[CA]	520
regex 63:	AA.	476
regex 43:	[AC][ATC]T	436
regex 42:	.CC	423
regex 6:	GA.	420
regex 18:	[TGC][TG]C	406
regex 10:	.TG	402
regex 15:	[AG]A[CA]	385
regex 40:	[CA][ACG]A[TAC]	369
regex 46:	[TA][TAG]T	360
regex 50:	[GCA]C[ACG][GT]	352
regex 5:	G.G	348
regex 60:	.CT	345
regex 64:	.CA	344
regex 24:	.AA	333
regex 31:	A.C	330
regex 45:	A.A	316
regex 11:	GC.	309
regex 28:	.TC	278
regex 25:	[CTG][CT][AGT]A	273
regex 48:	AC.	266
regex 9:	GG.	265
regex 2:	G.A	265
regex 3:	G[TC][TG]	250
regex 41:	A.T	250
regex 32:	.AT	244
regex 26:	[GT][GTA][ATG][GCT]T	232
regex 65:	[TGA]CA	222
regex 14:	[GT][GT]A	216
regex 33:	G[AC]C	207
regex 0:	GT.	204
regex 47:	[TG][AGC][ACG]A[CAG][TGC]	201
regex 21:	G[AGT][TCG]C	197
regex 23:	[GA][CGT][TAC][TGC]C[GCA]	191
regex 49:	[TAG][CTG][TCA][CAT][GAT][GCA]A[ACG]	183
regex 51:	[ATG]CT[GAC]	169
regex 29:	[GAC]TT	159
regex 13:	[AG]TG[GAC]	155
regex 57:	[GA]GA	150
regex 22:	.TA	140
regex 62:	GA.G	133
regex 59:	[AGC][ACT]T[AG][CA]	133
regex 37:	GA.A.	126
regex 38:	GA.A	126
regex 58:	.TGG.	124
regex 27:	G[GTA][ACT][AC][CAT][CGA][ATG][ATG]	117
regex 68:	.TGA	117
regex 55:	[ACG][TGA][GC]G[CGA][ATG][CTA]	115
regex 61:	G.GG.	110
regex 66:	[AG][AT]A[GCA][TGC][CAT][ACT]	107
regex 69:	G.CC	104
regex 30:	G.GA	102
regex 35:	GG[GT]	102
regex 39:	GC.C.	91
regex 54:	G..GC	88
regex 7:	GTG.	85
regex 56:	G..CA	85
regex 52:	[GC][AT][ATC]T[GC][GTC]	79
regex 36:	G.TC.	72
regex 19:	GT.G	57
regex 53:	[CG][TC][GA][CAT][TAG][AGC][TA][GT]	56
regex 16:	GT[CG][GA][TAG]	55
regex 71:	[TAC]T[CAT]T[AGT][GA]	53
regex 20:	G.AT	36
regex 75:	AA.G.A	25
regex 77:	A.C.TA	17
regex 78:	GC..AT	14
regex 74:	T[ATC][GC]TGG	9
regex 76:	TT.GTT	5
regex 72:	CC.CGC	3
regex 73:	AATAAT	2
regex 70:	GAAGTC	1
regex 79:	TCCAAC	1

100 regexów z największą łączną liczbą dopasowań (klasa 1 + 0):

regex 34:	[CA][TA][TG]	klasa 1: 122	klasa 0: 841	razem: 963
regex 67:	[TC][GC][GCA]	klasa 1: 94	klasa 0: 812	razem: 906
regex 8:	[ATG][CTA]C	klasa 1: 178	klasa 0: 672	razem: 850
regex 4:	[CAG][TG][AC][TAC]	klasa 1: 215	klasa 0: 612	razem: 827
regex 1:	[AGT]T[GTC]	klasa 1: 243	klasa 0: 574	razem: 817
regex 17:	[CAG]C[AC]	klasa 1: 142	klasa 0: 648	razem: 790
regex 44:	[ATC][GCT]T	klasa 1: 95	klasa 0: 596	razem: 691
regex 12:	[GCA]A[CA]	klasa 1: 143	klasa 0: 520	razem: 663
regex 6:	GA.	klasa 1: 151	klasa 0: 420	razem: 571
regex 63:	AA.	klasa 1: 76	klasa 0: 476	razem: 552
regex 10:	.TG	klasa 1: 136	klasa 0: 402	razem: 538
regex 18:	[TGC][TG]C	klasa 1: 114	klasa 0: 406	razem: 520
regex 43:	[AC][ATC]T	klasa 1: 83	klasa 0: 436	razem: 519
regex 42:	.CC	klasa 1: 82	klasa 0: 423	razem: 505
regex 15:	[AG]A[CA]	klasa 1: 119	klasa 0: 385	razem: 504
regex 5:	G.G	klasa 1: 149	klasa 0: 348	razem: 497
regex 40:	[CA][ACG]A[TAC]	klasa 1: 78	klasa 0: 369	razem: 447
regex 46:	[TA][TAG]T	klasa 1: 74	klasa 0: 360	razem: 434
regex 11:	GC.	klasa 1: 120	klasa 0: 309	razem: 429
regex 24:	.AA	klasa 1: 95	klasa 0: 333	razem: 428
regex 2:	G.A	klasa 1: 163	klasa 0: 265	razem: 428
regex 50:	[GCA]C[ACG][GT]	klasa 1: 71	klasa 0: 352	razem: 423
regex 31:	A.C	klasa 1: 83	klasa 0: 330	razem: 413
regex 60:	.CT	klasa 1: 67	klasa 0: 345	razem: 412
regex 64:	.CA	klasa 1: 65	klasa 0: 344	razem: 409
regex 3:	G[TC][TG]	klasa 1: 158	klasa 0: 250	razem: 408
regex 0:	GT.	klasa 1: 197	klasa 0: 204	razem: 401
regex 45:	A.A	klasa 1: 71	klasa 0: 316	razem: 387
regex 9:	GG.	klasa 1: 119	klasa 0: 265	razem: 384
regex 28:	.TC	klasa 1: 80	klasa 0: 278	razem: 358
regex 25:	[CTG][CT][AGT]A	klasa 1: 82	klasa 0: 273	razem: 355
regex 48:	AC.	klasa 1: 64	klasa 0: 266	razem: 330
regex 41:	A.T	klasa 1: 65	klasa 0: 250	razem: 315
regex 32:	.AT	klasa 1: 70	klasa 0: 244	razem: 314
regex 14:	[GT][GT]A	klasa 1: 95	klasa 0: 216	razem: 311
regex 26:	[GT][GTA][ATG][GCT]T	klasa 1: 76	klasa 0: 232	razem: 308
regex 21:	G[AGT][TCG]C	klasa 1: 80	klasa 0: 197	razem: 277
regex 65:	[TGA]CA	klasa 1: 53	klasa 0: 222	razem: 275
regex 33:	G[AC]C	klasa 1: 65	klasa 0: 207	razem: 272
regex 23:	[GA][CGT][TAC][TGC]C[GCA]	klasa 1: 76	klasa 0: 191	razem: 267
regex 47:	[TG][AGC][ACG]A[CAG][TGC]	klasa 1: 57	klasa 0: 201	razem: 258
regex 13:	[AG]TG[GAC]	klasa 1: 84	klasa 0: 155	razem: 239
regex 49:	[TAG][CTG][TCA][CAT][GAT][GCA]A[ACG]	klasa 1: 54	klasa 0: 183	razem: 237
regex 29:	[GAC]TT	klasa 1: 62	klasa 0: 159	razem: 221
regex 51:	[ATG]CT[GAC]	klasa 1: 51	klasa 0: 169	razem: 220
regex 22:	.TA	klasa 1: 69	klasa 0: 140	razem: 209
regex 57:	[GA]GA	klasa 1: 47	klasa 0: 150	razem: 197
regex 59:	[AGC][ACT]T[AG][CA]	klasa 1: 44	klasa 0: 133	razem: 177
regex 37:	GA.A.	klasa 1: 50	klasa 0: 126	razem: 176
regex 38:	GA.A	klasa 1: 50	klasa 0: 126	razem: 176
regex 62:	GA.G	klasa 1: 43	klasa 0: 133	razem: 176
regex 27:	G[GTA][ACT][AC][CAT][CGA][ATG][ATG]	klasa 1: 56	klasa 0: 117	razem: 173
regex 58:	.TGG.	klasa 1: 43	klasa 0: 124	razem: 167
regex 7:	GTG.	klasa 1: 79	klasa 0: 85	razem: 164
regex 55:	[ACG][TGA][GC]G[CGA][ATG][CTA]	klasa 1: 42	klasa 0: 115	razem: 157
regex 68:	.TGA	klasa 1: 39	klasa 0: 117	razem: 156
regex 30:	G.GA	klasa 1: 51	klasa 0: 102	razem: 153
regex 35:	GG[GT]	klasa 1: 48	klasa 0: 102	razem: 150
regex 61:	G.GG.	klasa 1: 40	klasa 0: 110	razem: 150
regex 66:	[AG][AT]A[GCA][TGC][CAT][ACT]	klasa 1: 38	klasa 0: 107	razem: 145
regex 69:	G.CC	klasa 1: 37	klasa 0: 104	razem: 141
regex 39:	GC.C.	klasa 1: 43	klasa 0: 91	razem: 134
regex 54:	G..GC	klasa 1: 38	klasa 0: 88	razem: 126
regex 56:	G..CA	klasa 1: 37	klasa 0: 85	razem: 122
regex 52:	[GC][AT][ATC]T[GC][GTC]	klasa 1: 37	klasa 0: 79	razem: 116
regex 36:	G.TC.	klasa 1: 41	klasa 0: 72	razem: 113
regex 19:	GT.G	klasa 1: 52	klasa 0: 57	razem: 109
regex 16:	GT[CG][GA][TAG]	klasa 1: 53	klasa 0: 55	razem: 108
regex 53:	[CG][TC][GA][CAT][TAG][AGC][TA][GT]	klasa 1: 32	klasa 0: 56	razem: 88
regex 20:	G.AT	klasa 1: 44	klasa 0: 36	razem: 80
regex 71:	[TAC]T[CAT]T[AGT][GA]	klasa 1: 8	klasa 0: 53	razem: 61
regex 75:	AA.G.A	klasa 1: 6	klasa 0: 25	razem: 31
regex 77:	A.C.TA	klasa 1: 4	klasa 0: 17	razem: 21
regex 78:	GC..AT	klasa 1: 6	klasa 0: 14	razem: 20
regex 74:	T[ATC][GC]TGG	klasa 1: 0	klasa 0: 9	razem: 9
regex 76:	TT.GTT	klasa 1: 0	klasa 0: 5	razem: 5
regex 72:	CC.CGC	klasa 1: 0	klasa 0: 3	razem: 3
regex 73:	AATAAT	klasa 1: 0	klasa 0: 2	razem: 2
regex 70:	GAAGTC	klasa 1: 0	klasa 0: 1	razem: 1
regex 79:	TCCAAC	klasa 1: 0	klasa 0: 1	razem: 1
--- Selecting top regexes ---
Adding 10 new regexes from index 13650
Saved 80 regexes to input_data/regex_acceptor.txt
