--- Running main.py (iteration 497) ---
Class distribution: Counter({np.int64(0): 4672, np.int64(1): 1116})

=== Using: Custom DecisionTree ===

Test performance:
Accuracy:  0.797
Precision: 0.409
Recall:    0.121
AUC:       0.649

=== Classification report ===
              precision    recall  f1-score   support

           0      0.821     0.958     0.884       935
           1      0.409     0.121     0.187       223

    accuracy                          0.797      1158
   macro avg      0.615     0.540     0.535      1158
weighted avg      0.741     0.797     0.750      1158


Text illustration of decision tree (custom):
--- Evaluating regex performance ---

100 regexów najczęściej dopasowanych dla klasy 1:

regex 0:	[GA][AT][GAC]	390
regex 2:	[TGA][TGC][CG]	382
regex 3:	[TGA][GC][TAC]	362
regex 4:	[AGT]T[GTC]	243
regex 7:	[CAG][TG][AC][TAC]	215
regex 1:	GT.	197
regex 11:	[ATG][CTA]C	178
regex 5:	G.A	163
regex 6:	G[TC][TG]	158
regex 9:	GA.	151
regex 8:	G.G	149
regex 15:	[GCA]A[CA]	143
regex 20:	[CAG]C[AC]	142
regex 13:	.TG	136
regex 35:	[CA][TA][TG]	122
regex 14:	GC.	120
regex 18:	[AG]A[CA]	119
regex 12:	GG.	119
regex 21:	[TGC][TG]C	114
regex 45:	[ATC][GCT]T	95
regex 26:	.AA	95
regex 17:	[GT][GT]A	95
regex 67:	[TC][GC][GCA]	94
regex 16:	[AG]TG[GAC]	84
regex 44:	[AC][ATC]T	83
regex 32:	A.C	83
regex 43:	.CC	82
regex 27:	[CTG][CT][AGT]A	82
regex 24:	G[AGT][TCG]C	80
regex 29:	.TC	80
regex 10:	GTG.	79
regex 41:	[CA][ACG]A[TAC]	78
regex 63:	AA.	76
regex 28:	[GT][GTA][ATG][GCT]T	76
regex 76:	T[GTC][CAT]	76
regex 47:	[TA][TAG]T	74
regex 46:	A.A	71
regex 50:	[GCA]C[ACG][GT]	71
regex 33:	.AT	70
regex 25:	.TA	69
regex 96:	[TC][AC][TGA]	67
regex 60:	.CT	67
regex 42:	A.T	65
regex 34:	G[AC]C	65
regex 64:	.CA	65
regex 49:	AC.	64
regex 74:	[TAC][AT][AGC]C	64
regex 30:	[GAC]TT	62
regex 75:	[CA][CGA]T[GCT]	62
regex 86:	C[TGC][AG]	61
regex 48:	[TG][AGC][ACG]A[CAG][TGC]	57
regex 79:	AG.	56
regex 73:	.AC	56
regex 94:	.AG	56
regex 19:	GT[CG][GA][TAG]	53
regex 65:	[TGA]CA	53
regex 78:	[ACG]C[ATG][GCT][AT]	53
regex 81:	[AT][ATG]C[GTA]	52
regex 22:	GT.G	52
regex 82:	TG.	51
regex 31:	G.GA	51
regex 93:	A.G	51
regex 51:	[ATG]CT[GAC]	51
regex 77:	A[GA][TA][GTA]	51
regex 38:	GA.A	50
regex 39:	GA.A.	50
regex 83:	[TGA][AG][AG]G	49
regex 71:	.GT	48
regex 80:	AG[CGA]	48
regex 36:	GG[GT]	48
regex 91:	[TCA][ACG][GC]T	47
regex 57:	[GA]GA	47
regex 90:	.GG	46
regex 23:	G.AT	44
regex 89:	[CTA][CA]T[CT]	44
regex 87:	A[CG][GT]	44
regex 59:	[AGC][ACT]T[AG][CA]	44
regex 40:	GC.C.	43
regex 58:	.TGG.	43
regex 62:	GA.G	43
regex 88:	[AGC][GC][CAT][CT][ATC][GT][TCA]	42
regex 55:	[ACG][TGA][GC]G[CGA][ATG][CTA]	42
regex 37:	G.TC.	41
regex 70:	G[CG][GTA][TG][ATC]	41
regex 98:	[TCA]CC	41
regex 61:	G.GG.	40
regex 99:	C.A	39
regex 68:	.TGA	39
regex 66:	[AG][AT]A[GCA][TGC][CAT][ACT]	38
regex 84:	GAG.	38
regex 54:	G..GC	38
regex 52:	[GC][AT][ATC]T[GC][GTC]	37
regex 56:	G..CA	37
regex 69:	G.CC	37
regex 72:	G..CC	37
regex 53:	[CG][TC][GA][CAT][TAG][AGC][TA][GT]	32
regex 92:	[AGC][AGC][AGT][TC][GT][TGA][CTA]G	21
regex 85:	GT.T..GA	8
regex 97:	[GCT][CGA][TA][CAT][TA]A[CT]A	7
regex 95:	GT.TG.C.	6

100 regexów najczęściej dopasowanych dla klasy 0:

regex 3:	[TGA][GC][TAC]	1355
regex 2:	[TGA][TGC][CG]	1242
regex 0:	[GA][AT][GAC]	1103
regex 35:	[CA][TA][TG]	841
regex 67:	[TC][GC][GCA]	812
regex 96:	[TC][AC][TGA]	807
regex 11:	[ATG][CTA]C	672
regex 20:	[CAG]C[AC]	648
regex 7:	[CAG][TG][AC][TAC]	612
regex 45:	[ATC][GCT]T	596
regex 76:	T[GTC][CAT]	583
regex 4:	[AGT]T[GTC]	574
regex 15:	[GCA]A[CA]	520
regex 94:	.AG	509
regex 63:	AA.	476
regex 86:	C[TGC][AG]	465
regex 44:	[AC][ATC]T	436
regex 43:	.CC	423
regex 9:	GA.	420
regex 93:	A.G	408
regex 21:	[TGC][TG]C	406
regex 13:	.TG	402
regex 18:	[AG]A[CA]	385
regex 74:	[TAC][AT][AGC]C	380
regex 41:	[CA][ACG]A[TAC]	369
regex 47:	[TA][TAG]T	360
regex 75:	[CA][CGA]T[GCT]	357
regex 50:	[GCA]C[ACG][GT]	352
regex 8:	G.G	348
regex 60:	.CT	345
regex 64:	.CA	344
regex 26:	.AA	333
regex 32:	A.C	330
regex 46:	A.A	316
regex 79:	AG.	314
regex 91:	[TCA][ACG][GC]T	313
regex 14:	GC.	309
regex 82:	TG.	304
regex 81:	[AT][ATG]C[GTA]	303
regex 98:	[TCA]CC	303
regex 83:	[TGA][AG][AG]G	284
regex 73:	.AC	282
regex 99:	C.A	278
regex 29:	.TC	278
regex 90:	.GG	274
regex 78:	[ACG]C[ATG][GCT][AT]	274
regex 27:	[CTG][CT][AGT]A	273
regex 49:	AC.	266
regex 5:	G.A	265
regex 12:	GG.	265
regex 80:	AG[CGA]	253
regex 6:	G[TC][TG]	250
regex 42:	A.T	250
regex 77:	A[GA][TA][GTA]	248
regex 33:	.AT	244
regex 89:	[CTA][CA]T[CT]	242
regex 87:	A[CG][GT]	237
regex 28:	[GT][GTA][ATG][GCT]T	232
regex 65:	[TGA]CA	222
regex 17:	[GT][GT]A	216
regex 88:	[AGC][GC][CAT][CT][ATC][GT][TCA]	216
regex 34:	G[AC]C	207
regex 1:	GT.	204
regex 48:	[TG][AGC][ACG]A[CAG][TGC]	201
regex 24:	G[AGT][TCG]C	197
regex 71:	.GT	194
regex 51:	[ATG]CT[GAC]	169
regex 84:	GAG.	164
regex 30:	[GAC]TT	159
regex 16:	[AG]TG[GAC]	155
regex 57:	[GA]GA	150
regex 25:	.TA	140
regex 70:	G[CG][GTA][TG][ATC]	134
regex 62:	GA.G	133
regex 59:	[AGC][ACT]T[AG][CA]	133
regex 38:	GA.A	126
regex 39:	GA.A.	126
regex 58:	.TGG.	124
regex 68:	.TGA	117
regex 55:	[ACG][TGA][GC]G[CGA][ATG][CTA]	115
regex 61:	G.GG.	110
regex 66:	[AG][AT]A[GCA][TGC][CAT][ACT]	107
regex 72:	G..CC	107
regex 69:	G.CC	104
regex 31:	G.GA	102
regex 36:	GG[GT]	102
regex 40:	GC.C.	91
regex 54:	G..GC	88
regex 10:	GTG.	85
regex 56:	G..CA	85
regex 52:	[GC][AT][ATC]T[GC][GTC]	79
regex 37:	G.TC.	72
regex 22:	GT.G	57
regex 53:	[CG][TC][GA][CAT][TAG][AGC][TA][GT]	56
regex 92:	[AGC][AGC][AGT][TC][GT][TGA][CTA]G	55
regex 19:	GT[CG][GA][TAG]	55
regex 23:	G.AT	36
regex 106:	...TTAAC	7
regex 107:	[TG][AGT]AG[AGT][TA]CA	6
regex 97:	[GCT][CGA][TA][CAT][TA]A[CT]A	3

100 regexów z największą łączną liczbą dopasowań (klasa 1 + 0):

regex 3:	[TGA][GC][TAC]	klasa 1: 362	klasa 0: 1355	razem: 1717
regex 2:	[TGA][TGC][CG]	klasa 1: 382	klasa 0: 1242	razem: 1624
regex 0:	[GA][AT][GAC]	klasa 1: 390	klasa 0: 1103	razem: 1493
regex 35:	[CA][TA][TG]	klasa 1: 122	klasa 0: 841	razem: 963
regex 67:	[TC][GC][GCA]	klasa 1: 94	klasa 0: 812	razem: 906
regex 96:	[TC][AC][TGA]	klasa 1: 67	klasa 0: 807	razem: 874
regex 11:	[ATG][CTA]C	klasa 1: 178	klasa 0: 672	razem: 850
regex 7:	[CAG][TG][AC][TAC]	klasa 1: 215	klasa 0: 612	razem: 827
regex 4:	[AGT]T[GTC]	klasa 1: 243	klasa 0: 574	razem: 817
regex 20:	[CAG]C[AC]	klasa 1: 142	klasa 0: 648	razem: 790
regex 45:	[ATC][GCT]T	klasa 1: 95	klasa 0: 596	razem: 691
regex 15:	[GCA]A[CA]	klasa 1: 143	klasa 0: 520	razem: 663
regex 76:	T[GTC][CAT]	klasa 1: 76	klasa 0: 583	razem: 659
regex 9:	GA.	klasa 1: 151	klasa 0: 420	razem: 571
regex 94:	.AG	klasa 1: 56	klasa 0: 509	razem: 565
regex 63:	AA.	klasa 1: 76	klasa 0: 476	razem: 552
regex 13:	.TG	klasa 1: 136	klasa 0: 402	razem: 538
regex 86:	C[TGC][AG]	klasa 1: 61	klasa 0: 465	razem: 526
regex 21:	[TGC][TG]C	klasa 1: 114	klasa 0: 406	razem: 520
regex 44:	[AC][ATC]T	klasa 1: 83	klasa 0: 436	razem: 519
regex 43:	.CC	klasa 1: 82	klasa 0: 423	razem: 505
regex 18:	[AG]A[CA]	klasa 1: 119	klasa 0: 385	razem: 504
regex 8:	G.G	klasa 1: 149	klasa 0: 348	razem: 497
regex 93:	A.G	klasa 1: 51	klasa 0: 408	razem: 459
regex 41:	[CA][ACG]A[TAC]	klasa 1: 78	klasa 0: 369	razem: 447
regex 74:	[TAC][AT][AGC]C	klasa 1: 64	klasa 0: 380	razem: 444
regex 47:	[TA][TAG]T	klasa 1: 74	klasa 0: 360	razem: 434
regex 14:	GC.	klasa 1: 120	klasa 0: 309	razem: 429
regex 26:	.AA	klasa 1: 95	klasa 0: 333	razem: 428
regex 5:	G.A	klasa 1: 163	klasa 0: 265	razem: 428
regex 50:	[GCA]C[ACG][GT]	klasa 1: 71	klasa 0: 352	razem: 423
regex 75:	[CA][CGA]T[GCT]	klasa 1: 62	klasa 0: 357	razem: 419
regex 32:	A.C	klasa 1: 83	klasa 0: 330	razem: 413
regex 60:	.CT	klasa 1: 67	klasa 0: 345	razem: 412
regex 64:	.CA	klasa 1: 65	klasa 0: 344	razem: 409
regex 6:	G[TC][TG]	klasa 1: 158	klasa 0: 250	razem: 408
regex 1:	GT.	klasa 1: 197	klasa 0: 204	razem: 401
regex 46:	A.A	klasa 1: 71	klasa 0: 316	razem: 387
regex 12:	GG.	klasa 1: 119	klasa 0: 265	razem: 384
regex 79:	AG.	klasa 1: 56	klasa 0: 314	razem: 370
regex 91:	[TCA][ACG][GC]T	klasa 1: 47	klasa 0: 313	razem: 360
regex 29:	.TC	klasa 1: 80	klasa 0: 278	razem: 358
regex 27:	[CTG][CT][AGT]A	klasa 1: 82	klasa 0: 273	razem: 355
regex 81:	[AT][ATG]C[GTA]	klasa 1: 52	klasa 0: 303	razem: 355
regex 82:	TG.	klasa 1: 51	klasa 0: 304	razem: 355
regex 98:	[TCA]CC	klasa 1: 41	klasa 0: 303	razem: 344
regex 73:	.AC	klasa 1: 56	klasa 0: 282	razem: 338
regex 83:	[TGA][AG][AG]G	klasa 1: 49	klasa 0: 284	razem: 333
regex 49:	AC.	klasa 1: 64	klasa 0: 266	razem: 330
regex 78:	[ACG]C[ATG][GCT][AT]	klasa 1: 53	klasa 0: 274	razem: 327
regex 90:	.GG	klasa 1: 46	klasa 0: 274	razem: 320
regex 99:	C.A	klasa 1: 39	klasa 0: 278	razem: 317
regex 42:	A.T	klasa 1: 65	klasa 0: 250	razem: 315
regex 33:	.AT	klasa 1: 70	klasa 0: 244	razem: 314
regex 17:	[GT][GT]A	klasa 1: 95	klasa 0: 216	razem: 311
regex 28:	[GT][GTA][ATG][GCT]T	klasa 1: 76	klasa 0: 232	razem: 308
regex 80:	AG[CGA]	klasa 1: 48	klasa 0: 253	razem: 301
regex 77:	A[GA][TA][GTA]	klasa 1: 51	klasa 0: 248	razem: 299
regex 89:	[CTA][CA]T[CT]	klasa 1: 44	klasa 0: 242	razem: 286
regex 87:	A[CG][GT]	klasa 1: 44	klasa 0: 237	razem: 281
regex 24:	G[AGT][TCG]C	klasa 1: 80	klasa 0: 197	razem: 277
regex 65:	[TGA]CA	klasa 1: 53	klasa 0: 222	razem: 275
regex 34:	G[AC]C	klasa 1: 65	klasa 0: 207	razem: 272
regex 48:	[TG][AGC][ACG]A[CAG][TGC]	klasa 1: 57	klasa 0: 201	razem: 258
regex 88:	[AGC][GC][CAT][CT][ATC][GT][TCA]	klasa 1: 42	klasa 0: 216	razem: 258
regex 71:	.GT	klasa 1: 48	klasa 0: 194	razem: 242
regex 16:	[AG]TG[GAC]	klasa 1: 84	klasa 0: 155	razem: 239
regex 30:	[GAC]TT	klasa 1: 62	klasa 0: 159	razem: 221
regex 51:	[ATG]CT[GAC]	klasa 1: 51	klasa 0: 169	razem: 220
regex 25:	.TA	klasa 1: 69	klasa 0: 140	razem: 209
regex 84:	GAG.	klasa 1: 38	klasa 0: 164	razem: 202
regex 57:	[GA]GA	klasa 1: 47	klasa 0: 150	razem: 197
regex 59:	[AGC][ACT]T[AG][CA]	klasa 1: 44	klasa 0: 133	razem: 177
regex 38:	GA.A	klasa 1: 50	klasa 0: 126	razem: 176
regex 39:	GA.A.	klasa 1: 50	klasa 0: 126	razem: 176
regex 62:	GA.G	klasa 1: 43	klasa 0: 133	razem: 176
regex 70:	G[CG][GTA][TG][ATC]	klasa 1: 41	klasa 0: 134	razem: 175
regex 58:	.TGG.	klasa 1: 43	klasa 0: 124	razem: 167
regex 10:	GTG.	klasa 1: 79	klasa 0: 85	razem: 164
regex 55:	[ACG][TGA][GC]G[CGA][ATG][CTA]	klasa 1: 42	klasa 0: 115	razem: 157
regex 68:	.TGA	klasa 1: 39	klasa 0: 117	razem: 156
regex 31:	G.GA	klasa 1: 51	klasa 0: 102	razem: 153
regex 61:	G.GG.	klasa 1: 40	klasa 0: 110	razem: 150
regex 36:	GG[GT]	klasa 1: 48	klasa 0: 102	razem: 150
regex 66:	[AG][AT]A[GCA][TGC][CAT][ACT]	klasa 1: 38	klasa 0: 107	razem: 145
regex 72:	G..CC	klasa 1: 37	klasa 0: 107	razem: 144
regex 69:	G.CC	klasa 1: 37	klasa 0: 104	razem: 141
regex 40:	GC.C.	klasa 1: 43	klasa 0: 91	razem: 134
regex 54:	G..GC	klasa 1: 38	klasa 0: 88	razem: 126
regex 56:	G..CA	klasa 1: 37	klasa 0: 85	razem: 122
regex 52:	[GC][AT][ATC]T[GC][GTC]	klasa 1: 37	klasa 0: 79	razem: 116
regex 37:	G.TC.	klasa 1: 41	klasa 0: 72	razem: 113
regex 22:	GT.G	klasa 1: 52	klasa 0: 57	razem: 109
regex 19:	GT[CG][GA][TAG]	klasa 1: 53	klasa 0: 55	razem: 108
regex 53:	[CG][TC][GA][CAT][TAG][AGC][TA][GT]	klasa 1: 32	klasa 0: 56	razem: 88
regex 23:	G.AT	klasa 1: 44	klasa 0: 36	razem: 80
regex 92:	[AGC][AGC][AGT][TC][GT][TGA][CTA]G	klasa 1: 21	klasa 0: 55	razem: 76
regex 97:	[GCT][CGA][TA][CAT][TA]A[CT]A	klasa 1: 7	klasa 0: 3	razem: 10
regex 85:	GT.T..GA	klasa 1: 8	klasa 0: 1	razem: 9
regex 107:	[TG][AGT]AG[AGT][TA]CA	klasa 1: 2	klasa 0: 6	razem: 8
--- Selecting top regexes ---
Adding 10 new regexes from index 4980
Saved 110 regexes to input_data/regex_acceptor.txt
