--- Running main.py (iteration 94) ---
Przed balansowaniem: Counter({np.int64(0): 4140, np.int64(1): 1116})
Bez oversamplingu: utrzymano oryginalny rozkład klas.

=== Using: Custom DecisionTree ===

Test performance:
Accuracy:  0.79
Precision: 0.00
Recall:    0.00
AUC:       0.50

=== Classification report ===
              precision    recall  f1-score   support

           0      0.788     1.000     0.881       829
           1      0.000     0.000     0.000       223

    accuracy                          0.788      1052
   macro avg      0.394     0.500     0.441      1052
weighted avg      0.621     0.788     0.695      1052


Tekstowa ilustracja drzewa decyzyjnego (custom):
--- Evaluating regex performance ---

100 regexów najczęściej dopasowanych dla klasy 1:


100 regexów najczęściej dopasowanych dla klasy 0:


100 regexów z największą łączną liczbą dopasowań (klasa 1 + 0):

--- Selecting top regexes ---
Adding 10 new regexes from index 930
Saved 10 regexes to input_data/regex_donor.txt
