--- Running main.py (iteration 1021) ---
Class distribution: Counter({np.int64(0): 4672, np.int64(1): 1116})

=== Using: Custom DecisionTree ===

Test performance:
Accuracy:  0.816
Precision: 0.596
Recall:    0.139
AUC:       0.621

=== Classification report ===
              precision    recall  f1-score   support

           0      0.826     0.978     0.896       935
           1      0.596     0.139     0.225       223

    accuracy                          0.816      1158
   macro avg      0.711     0.558     0.561      1158
weighted avg      0.782     0.816     0.767      1158


Text illustration of decision tree (custom):
--- Evaluating regex performance ---
--- Selecting top regexes ---
Adding 10 new regexes from index 7200
Saved 110 regexes to input_data/regex_acceptor.txt
