--- Running main.py (iteration 1134) ---
Class distribution: Counter({np.int64(0): 4672, np.int64(1): 1116})

=== Using: Custom DecisionTree ===

Test performance:
Accuracy:  0.819
Precision: 0.627
Recall:    0.143
AUC:       0.623

=== Classification report ===
              precision    recall  f1-score   support

           0      0.827     0.980     0.897       935
           1      0.627     0.143     0.234       223

    accuracy                          0.819      1158
   macro avg      0.727     0.562     0.565      1158
weighted avg      0.789     0.819     0.769      1158


Text illustration of decision tree (custom):
--- Evaluating regex performance ---
--- Selecting top regexes ---
Adding 10 new regexes from index 8330
Saved 110 regexes to input_data/regex_acceptor.txt
