--- Running main.py (iteration 1099) ---
Class distribution: Counter({np.int64(0): 4672, np.int64(1): 1116})

=== Using: Custom DecisionTree ===

Test performance:
Accuracy:  0.818
Precision: 0.636
Recall:    0.126
AUC:       0.617

=== Classification report ===
              precision    recall  f1-score   support

           0      0.825     0.983     0.897       935
           1      0.636     0.126     0.210       223

    accuracy                          0.818      1158
   macro avg      0.731     0.554     0.553      1158
weighted avg      0.789     0.818     0.765      1158


Text illustration of decision tree (custom):
--- Evaluating regex performance ---
--- Selecting top regexes ---
Adding 10 new regexes from index 7980
Saved 110 regexes to input_data/regex_acceptor.txt
