--- Running main.py (iteration 459) ---
Class distribution: Counter({np.int64(0): 4672, np.int64(1): 1116})

=== Using: Custom DecisionTree ===

Test performance:
Accuracy:  0.809
Precision: 0.516
Recall:    0.148
AUC:       0.610

=== Classification report ===
              precision    recall  f1-score   support

           0      0.826     0.967     0.891       935
           1      0.516     0.148     0.230       223

    accuracy                          0.809      1158
   macro avg      0.671     0.557     0.561      1158
weighted avg      0.766     0.809     0.764      1158


Text illustration of decision tree (custom):
--- Evaluating regex performance ---
--- Selecting top regexes ---
Adding 10 new regexes from index 4580
Saved 110 regexes to input_data/regex_acceptor.txt
