--- Running main.py (iteration 592) ---
Class distribution: Counter({np.int64(0): 4672, np.int64(1): 1116})

=== Using: Custom DecisionTree ===

Test performance:
Accuracy:  0.810
Precision: 0.525
Recall:    0.143
AUC:       0.609

=== Classification report ===
              precision    recall  f1-score   support

           0      0.826     0.969     0.892       935
           1      0.525     0.143     0.225       223

    accuracy                          0.810      1158
   macro avg      0.675     0.556     0.559      1158
weighted avg      0.768     0.810     0.763      1158


Text illustration of decision tree (custom):
--- Evaluating regex performance ---
--- Selecting top regexes ---
Adding 10 new regexes from index 5910
Saved 110 regexes to input_data/regex_acceptor.txt
