--- Running main.py (iteration 531) ---
Class distribution: Counter({np.int64(0): 4672, np.int64(1): 1116})

=== Using: Custom DecisionTree ===

Test performance:
Accuracy:  0.808
Precision: 0.508
Recall:    0.139
AUC:       0.616

=== Classification report ===
              precision    recall  f1-score   support

           0      0.825     0.968     0.891       935
           1      0.508     0.139     0.218       223

    accuracy                          0.808      1158
   macro avg      0.667     0.553     0.555      1158
weighted avg      0.764     0.808     0.761      1158


Text illustration of decision tree (custom):
--- Evaluating regex performance ---
--- Selecting top regexes ---
Adding 10 new regexes from index 5300
Saved 110 regexes to input_data/regex_acceptor.txt
