--- Running main.py (iteration 510) ---
Class distribution: Counter({np.int64(0): 4672, np.int64(1): 1116})

=== Using: Custom DecisionTree ===

Test performance:
Accuracy:  0.805
Precision: 0.475
Recall:    0.130
AUC:       0.610

=== Classification report ===
              precision    recall  f1-score   support

           0      0.823     0.966     0.889       935
           1      0.475     0.130     0.204       223

    accuracy                          0.805      1158
   macro avg      0.649     0.548     0.547      1158
weighted avg      0.756     0.805     0.757      1158


Text illustration of decision tree (custom):
--- Evaluating regex performance ---
--- Selecting top regexes ---
Adding 10 new regexes from index 5090
Saved 110 regexes to input_data/regex_acceptor.txt
