--- Running main.py (iteration 1104) ---
Class distribution: Counter({np.int64(0): 4672, np.int64(1): 1116})

=== Using: Custom DecisionTree ===

Test performance:
Accuracy:  0.817
Precision: 0.612
Recall:    0.135
AUC:       0.616

=== Classification report ===
              precision    recall  f1-score   support

           0      0.826     0.980     0.896       935
           1      0.612     0.135     0.221       223

    accuracy                          0.817      1158
   macro avg      0.719     0.557     0.558      1158
weighted avg      0.785     0.817     0.766      1158


Text illustration of decision tree (custom):
--- Evaluating regex performance ---
--- Selecting top regexes ---
Adding 10 new regexes from index 8030
Saved 110 regexes to input_data/regex_acceptor.txt
