--- Running main.py (iteration 1177) ---
Class distribution: Counter({np.int64(0): 4672, np.int64(1): 1116})

=== Using: Custom DecisionTree ===

Test performance:
Accuracy:  0.816
Precision: 0.604
Recall:    0.130
AUC:       0.615

=== Classification report ===
              precision    recall  f1-score   support

           0      0.825     0.980     0.896       935
           1      0.604     0.130     0.214       223

    accuracy                          0.816      1158
   macro avg      0.715     0.555     0.555      1158
weighted avg      0.783     0.816     0.765      1158


Text illustration of decision tree (custom):
--- Evaluating regex performance ---
--- Selecting top regexes ---
Adding 10 new regexes from index 8760
Saved 110 regexes to input_data/regex_acceptor.txt
