--- Running main.py (iteration 571) ---
Class distribution: Counter({np.int64(0): 4672, np.int64(1): 1116})

=== Using: Custom DecisionTree ===

Test performance:
Accuracy:  0.809
Precision: 0.517
Recall:    0.139
AUC:       0.595

=== Classification report ===
              precision    recall  f1-score   support

           0      0.825     0.969     0.891       935
           1      0.517     0.139     0.219       223

    accuracy                          0.809      1158
   macro avg      0.671     0.554     0.555      1158
weighted avg      0.766     0.809     0.762      1158


Text illustration of decision tree (custom):
--- Evaluating regex performance ---
--- Selecting top regexes ---
Adding 10 new regexes from index 5700
Saved 110 regexes to input_data/regex_acceptor.txt
