--- Running main.py (iteration 1326) ---
Class distribution: Counter({np.int64(0): 4672, np.int64(1): 1116})

=== Using: Custom DecisionTree ===

Test performance:
Accuracy:  0.807
Precision: 0.500
Recall:    0.121
AUC:       0.585

=== Classification report ===
              precision    recall  f1-score   support

           0      0.822     0.971     0.891       935
           1      0.500     0.121     0.195       223

    accuracy                          0.807      1158
   macro avg      0.661     0.546     0.543      1158
weighted avg      0.760     0.807     0.757      1158


Text illustration of decision tree (custom):
--- Evaluating regex performance ---
--- Selecting top regexes ---
Adding 10 new regexes from index 10250
Saved 110 regexes to input_data/regex_acceptor.txt
