--- Running main.py (iteration 1054) ---
Class distribution: Counter({np.int64(0): 4672, np.int64(1): 1116})

=== Using: Custom DecisionTree ===

Test performance:
Accuracy:  0.814
Precision: 0.577
Recall:    0.135
AUC:       0.615

=== Classification report ===
              precision    recall  f1-score   support

           0      0.825     0.976     0.895       935
           1      0.577     0.135     0.218       223

    accuracy                          0.814      1158
   macro avg      0.701     0.555     0.556      1158
weighted avg      0.778     0.814     0.764      1158


Text illustration of decision tree (custom):
--- Evaluating regex performance ---
--- Selecting top regexes ---
Adding 10 new regexes from index 7530
Saved 110 regexes to input_data/regex_acceptor.txt
