--- Running main.py (iteration 1202) ---
Class distribution: Counter({np.int64(0): 4672, np.int64(1): 1116})

=== Using: Custom DecisionTree ===

Test performance:
Accuracy:  0.812
Precision: 0.553
Recall:    0.117
AUC:       0.594

=== Classification report ===
              precision    recall  f1-score   support

           0      0.823     0.978     0.893       935
           1      0.553     0.117     0.193       223

    accuracy                          0.812      1158
   macro avg      0.688     0.547     0.543      1158
weighted avg      0.771     0.812     0.758      1158


Text illustration of decision tree (custom):
--- Evaluating regex performance ---
--- Selecting top regexes ---
Adding 10 new regexes from index 9010
Saved 110 regexes to input_data/regex_acceptor.txt
