--- Running main.py (iteration 25) ---
Class distribution: Counter({np.int64(0): 4672, np.int64(1): 1116})

=== Using: Custom DecisionTree ===

Test performance:
Accuracy:  0.808
Precision: 0.571
Recall:    0.018
AUC:       0.507

=== Classification report ===
              precision    recall  f1-score   support

           0      0.810     0.997     0.894       935
           1      0.571     0.018     0.035       223

    accuracy                          0.808      1158
   macro avg      0.691     0.507     0.464      1158
weighted avg      0.764     0.808     0.728      1158


Text illustration of decision tree (custom):
--- Evaluating regex performance ---

100 regexów najczęściej dopasowanych dla klasy 1:

regex 0:	GTA...	46
regex 1:	GTTGGTA.G.ACA	0
regex 2:	GTGGCCAA.C.GA	0
regex 3:	GCCA.TTCTTTAG	0
regex 4:	[ACG]AGGC[GAC]ACAGAT[CAT]	0
regex 5:	GAAGTTCTT.AGT	0
regex 6:	CGGGACGA.TGAG	0
regex 7:	.GCGT.AAAAGTT	0
regex 8:	.GTG.AAAAACA.	0
regex 9:	[GA][AGT]GC[ATC]GTACTA[GTA]A	0
regex 10:	GGACCGA.ACACG	0

100 regexów najczęściej dopasowanych dla klasy 0:

regex 0:	GTA...	28
regex 1:	GTTGGTA.G.ACA	0
regex 2:	GTGGCCAA.C.GA	0
regex 3:	GCCA.TTCTTTAG	0
regex 4:	[ACG]AGGC[GAC]ACAGAT[CAT]	0
regex 5:	GAAGTTCTT.AGT	0
regex 6:	CGGGACGA.TGAG	0
regex 7:	.GCGT.AAAAGTT	0
regex 8:	.GTG.AAAAACA.	0
regex 9:	[GA][AGT]GC[ATC]GTACTA[GTA]A	0
regex 10:	GGACCGA.ACACG	0

100 regexów z największą łączną liczbą dopasowań (klasa 1 + 0):

regex 0:	GTA...	klasa 1: 46	klasa 0: 28	razem: 74
regex 1:	GTTGGTA.G.ACA	klasa 1: 0	klasa 0: 0	razem: 0
regex 2:	GTGGCCAA.C.GA	klasa 1: 0	klasa 0: 0	razem: 0
regex 3:	GCCA.TTCTTTAG	klasa 1: 0	klasa 0: 0	razem: 0
regex 4:	[ACG]AGGC[GAC]ACAGAT[CAT]	klasa 1: 0	klasa 0: 0	razem: 0
regex 5:	GAAGTTCTT.AGT	klasa 1: 0	klasa 0: 0	razem: 0
regex 6:	CGGGACGA.TGAG	klasa 1: 0	klasa 0: 0	razem: 0
regex 7:	.GCGT.AAAAGTT	klasa 1: 0	klasa 0: 0	razem: 0
regex 8:	.GTG.AAAAACA.	klasa 1: 0	klasa 0: 0	razem: 0
regex 9:	[GA][AGT]GC[ATC]GTACTA[GTA]A	klasa 1: 0	klasa 0: 0	razem: 0
regex 10:	GGACCGA.ACACG	klasa 1: 0	klasa 0: 0	razem: 0
--- Selecting top regexes ---
Adding 10 new regexes from index 5350
Saved 12 regexes to input_data/regex_acceptor.txt
