--- Running main.py (iteration 493) ---
Class distribution: Counter({np.int64(0): 4672, np.int64(1): 1116})

=== Using: Custom DecisionTree ===

Test performance:
Accuracy:  0.808
Precision: 0.509
Recall:    0.130
AUC:       0.610

=== Classification report ===
              precision    recall  f1-score   support

           0      0.824     0.970     0.891       935
           1      0.509     0.130     0.207       223

    accuracy                          0.808      1158
   macro avg      0.666     0.550     0.549      1158
weighted avg      0.763     0.808     0.759      1158


Text illustration of decision tree (custom):
--- Evaluating regex performance ---
--- Selecting top regexes ---
Adding 10 new regexes from index 4920
Saved 110 regexes to input_data/regex_acceptor.txt
