--- Running main.py (iteration 1187) ---
Class distribution: Counter({np.int64(0): 4672, np.int64(1): 1116})

=== Using: Custom DecisionTree ===

Test performance:
Accuracy:  0.815
Precision: 0.588
Recall:    0.135
AUC:       0.622

=== Classification report ===
              precision    recall  f1-score   support

           0      0.826     0.978     0.895       935
           1      0.588     0.135     0.219       223

    accuracy                          0.815      1158
   macro avg      0.707     0.556     0.557      1158
weighted avg      0.780     0.815     0.765      1158


Text illustration of decision tree (custom):
--- Evaluating regex performance ---
--- Selecting top regexes ---
Adding 10 new regexes from index 8860
Saved 110 regexes to input_data/regex_acceptor.txt
