--- Running main.py (iteration 1309) ---
Class distribution: Counter({np.int64(0): 4672, np.int64(1): 1116})

=== Using: Custom DecisionTree ===

Test performance:
Accuracy:  0.811
Precision: 0.543
Recall:    0.112
AUC:       0.586

=== Classification report ===
              precision    recall  f1-score   support

           0      0.822     0.978     0.893       935
           1      0.543     0.112     0.186       223

    accuracy                          0.811      1158
   macro avg      0.683     0.545     0.539      1158
weighted avg      0.768     0.811     0.757      1158


Text illustration of decision tree (custom):
--- Evaluating regex performance ---
--- Selecting top regexes ---
Adding 10 new regexes from index 10080
Saved 110 regexes to input_data/regex_acceptor.txt
