--- Running main.py (iteration 540) ---
Class distribution: Counter({np.int64(0): 4672, np.int64(1): 1116})

=== Using: Custom DecisionTree ===

Test performance:
Accuracy:  0.812
Precision: 0.541
Recall:    0.148
AUC:       0.605

=== Classification report ===
              precision    recall  f1-score   support

           0      0.827     0.970     0.893       935
           1      0.541     0.148     0.232       223

    accuracy                          0.812      1158
   macro avg      0.684     0.559     0.563      1158
weighted avg      0.772     0.812     0.766      1158


Text illustration of decision tree (custom):
--- Evaluating regex performance ---
--- Selecting top regexes ---
Adding 10 new regexes from index 5390
Saved 110 regexes to input_data/regex_acceptor.txt
