--- Running main.py (iteration 1035) ---
Class distribution: Counter({np.int64(0): 4672, np.int64(1): 1116})

=== Using: Custom DecisionTree ===

Test performance:
Accuracy:  0.814
Precision: 0.574
Recall:    0.139
AUC:       0.621

=== Classification report ===
              precision    recall  f1-score   support

           0      0.826     0.975     0.895       935
           1      0.574     0.139     0.224       223

    accuracy                          0.814      1158
   macro avg      0.700     0.557     0.559      1158
weighted avg      0.778     0.814     0.765      1158


Text illustration of decision tree (custom):
--- Evaluating regex performance ---
--- Selecting top regexes ---
Adding 10 new regexes from index 7340
Saved 110 regexes to input_data/regex_acceptor.txt
