--- Running main.py (iteration 1238) ---
Class distribution: Counter({np.int64(0): 4672, np.int64(1): 1116})

=== Using: Custom DecisionTree ===

Test performance:
Accuracy:  0.811
Precision: 0.538
Recall:    0.126
AUC:       0.588

=== Classification report ===
              precision    recall  f1-score   support

           0      0.824     0.974     0.893       935
           1      0.538     0.126     0.204       223

    accuracy                          0.811      1158
   macro avg      0.681     0.550     0.548      1158
weighted avg      0.769     0.811     0.760      1158


Text illustration of decision tree (custom):
--- Evaluating regex performance ---
--- Selecting top regexes ---
Adding 10 new regexes from index 9370
Saved 110 regexes to input_data/regex_acceptor.txt
