--- Running main.py (iteration 528) ---
Class distribution: Counter({np.int64(0): 4672, np.int64(1): 1116})

=== Using: Custom DecisionTree ===

Test performance:
Accuracy:  0.811
Precision: 0.531
Recall:    0.152
AUC:       0.617

=== Classification report ===
              precision    recall  f1-score   support

           0      0.827     0.968     0.892       935
           1      0.531     0.152     0.237       223

    accuracy                          0.811      1158
   macro avg      0.679     0.560     0.564      1158
weighted avg      0.770     0.811     0.766      1158


Text illustration of decision tree (custom):
--- Evaluating regex performance ---
--- Selecting top regexes ---
Adding 10 new regexes from index 5270
Saved 110 regexes to input_data/regex_acceptor.txt
