--- Running main.py (iteration 552) ---
Class distribution: Counter({np.int64(0): 4672, np.int64(1): 1116})

=== Using: Custom DecisionTree ===

Test performance:
Accuracy:  0.812
Precision: 0.538
Recall:    0.157
AUC:       0.621

=== Classification report ===
              precision    recall  f1-score   support

           0      0.828     0.968     0.893       935
           1      0.538     0.157     0.243       223

    accuracy                          0.812      1158
   macro avg      0.683     0.562     0.568      1158
weighted avg      0.772     0.812     0.767      1158


Text illustration of decision tree (custom):
--- Evaluating regex performance ---
--- Selecting top regexes ---
Adding 10 new regexes from index 5510
Saved 110 regexes to input_data/regex_acceptor.txt
