--- Running main.py (iteration 1144) ---
Class distribution: Counter({np.int64(0): 4672, np.int64(1): 1116})

=== Using: Custom DecisionTree ===

Test performance:
Accuracy:  0.819
Precision: 0.603
Recall:    0.170
AUC:       0.624

=== Classification report ===
              precision    recall  f1-score   support

           0      0.831     0.973     0.897       935
           1      0.603     0.170     0.266       223

    accuracy                          0.819      1158
   macro avg      0.717     0.572     0.581      1158
weighted avg      0.787     0.819     0.775      1158


Text illustration of decision tree (custom):
--- Evaluating regex performance ---
--- Selecting top regexes ---
Adding 10 new regexes from index 8430
Saved 110 regexes to input_data/regex_acceptor.txt
