--- Running main.py (iteration 1162) ---
Class distribution: Counter({np.int64(0): 4672, np.int64(1): 1116})

=== Using: Custom DecisionTree ===

Test performance:
Accuracy:  0.817
Precision: 0.628
Recall:    0.121
AUC:       0.625

=== Classification report ===
              precision    recall  f1-score   support

           0      0.824     0.983     0.897       935
           1      0.628     0.121     0.203       223

    accuracy                          0.817      1158
   macro avg      0.726     0.552     0.550      1158
weighted avg      0.786     0.817     0.763      1158


Text illustration of decision tree (custom):
--- Evaluating regex performance ---
--- Selecting top regexes ---
Adding 10 new regexes from index 8610
Saved 110 regexes to input_data/regex_acceptor.txt
