--- Running main.py (iteration 1261) ---
Class distribution: Counter({np.int64(0): 4672, np.int64(1): 1116})

=== Using: Custom DecisionTree ===

Test performance:
Accuracy:  0.813
Precision: 0.565
Recall:    0.117
AUC:       0.586

=== Classification report ===
              precision    recall  f1-score   support

           0      0.823     0.979     0.894       935
           1      0.565     0.117     0.193       223

    accuracy                          0.813      1158
   macro avg      0.694     0.548     0.544      1158
weighted avg      0.773     0.813     0.759      1158


Text illustration of decision tree (custom):
--- Evaluating regex performance ---
--- Selecting top regexes ---
Adding 10 new regexes from index 9600
Saved 110 regexes to input_data/regex_acceptor.txt
