--- Running main.py (iteration 1032) ---
Class distribution: Counter({np.int64(0): 4672, np.int64(1): 1116})

=== Using: Custom DecisionTree ===

Test performance:
Accuracy:  0.815
Precision: 0.582
Recall:    0.143
AUC:       0.621

=== Classification report ===
              precision    recall  f1-score   support

           0      0.827     0.975     0.895       935
           1      0.582     0.143     0.230       223

    accuracy                          0.815      1158
   macro avg      0.704     0.559     0.563      1158
weighted avg      0.780     0.815     0.767      1158


Text illustration of decision tree (custom):
--- Evaluating regex performance ---
--- Selecting top regexes ---
Adding 10 new regexes from index 7310
Saved 110 regexes to input_data/regex_acceptor.txt
