--- Running main.py (iteration 630) ---
Class distribution: Counter({np.int64(0): 4672, np.int64(1): 1116})

=== Using: Custom DecisionTree ===

Test performance:
Accuracy:  0.813
Precision: 0.557
Recall:    0.152
AUC:       0.611

=== Classification report ===
              precision    recall  f1-score   support

           0      0.828     0.971     0.894       935
           1      0.557     0.152     0.239       223

    accuracy                          0.813      1158
   macro avg      0.693     0.562     0.567      1158
weighted avg      0.776     0.813     0.768      1158


Text illustration of decision tree (custom):
--- Evaluating regex performance ---
--- Selecting top regexes ---
Adding 10 new regexes from index 6290
Saved 110 regexes to input_data/regex_acceptor.txt
