--- Running main.py (iteration 544) ---
Class distribution: Counter({np.int64(0): 4672, np.int64(1): 1116})

=== Using: Custom DecisionTree ===

Test performance:
Accuracy:  0.813
Precision: 0.550
Recall:    0.148
AUC:       0.605

=== Classification report ===
              precision    recall  f1-score   support

           0      0.827     0.971     0.893       935
           1      0.550     0.148     0.233       223

    accuracy                          0.813      1158
   macro avg      0.688     0.560     0.563      1158
weighted avg      0.774     0.813     0.766      1158


Text illustration of decision tree (custom):
--- Evaluating regex performance ---
--- Selecting top regexes ---
Adding 10 new regexes from index 5430
Saved 110 regexes to input_data/regex_acceptor.txt
