--- Running main.py (iteration 39) ---
Class distribution: Counter({np.int64(0): 4672, np.int64(1): 1116})

=== Using: Custom DecisionTree ===

Test performance:
Accuracy:  0.808
Precision: 0.512
Recall:    0.099
AUC:       0.677

=== Classification report ===
              precision    recall  f1-score   support

           0      0.820     0.978     0.892       935
           1      0.512     0.099     0.165       223

    accuracy                          0.808      1158
   macro avg      0.666     0.538     0.529      1158
weighted avg      0.760     0.808     0.752      1158


Text illustration of decision tree (custom):
--- Evaluating regex performance ---

100 regexów najczęściej dopasowanych dla klasy 1:

regex 22:	[GA][AT][GAC]	390
regex 97:	[TGA][TGC][CG]	382
regex 36:	[TGA][GC][TAC]	362
regex 74:	[AGT]T[GTC]	243
regex 45:	GT.	197
regex 59:	[ATG][CTA]C	178
regex 20:	G.A	163
regex 64:	G[TC][TG]	158
regex 3:	GA.	151
regex 40:	G.G	149
regex 82:	[GCA]A[CA]	143
regex 46:	[CAG]C[AC]	142
regex 89:	.TG	136
regex 94:	[CA][TA][TG]	122
regex 7:	GC.	120
regex 29:	GG.	119
regex 49:	[AG]A[CA]	119
regex 78:	[TGC][TG]C	114
regex 55:	[GT][GT]A	95
regex 88:	.AA	95
regex 34:	[ATC][GCT]T	95
regex 92:	[TC][GC][GCA]	94
regex 53:	A.C	83
regex 81:	[AC][ATC]T	83
regex 15:	.CC	82
regex 85:	.TC	80
regex 13:	AA.	76
regex 76:	T[GTC][CAT]	76
regex 77:	[TA][TAG]T	74
regex 28:	A.A	71
regex 32:	.AT	70
regex 90:	.TA	69
regex 39:	[TC][AC][TGA]	67
regex 95:	.CT	67
regex 83:	G[AC]C	65
regex 18:	.CA	65
regex 56:	A.T	65
regex 10:	AC.	64
regex 87:	[GAC]TT	62
regex 58:	C[TGC][AG]	61
regex 19:	.AC	56
regex 47:	AG.	56
regex 60:	.AG	56
regex 12:	[TGA]CA	53
regex 43:	A.G	51
regex 100:	TG.	51
regex 8:	AG[CGA]	48
regex 6:	.GT	48
regex 62:	GG[GT]	48
regex 73:	[GA]GA	47
regex 63:	.GG	46
regex 0:	GTA...	46
regex 52:	A[CG][GT]	44
regex 23:	C.C	43
regex 44:	[TCA]CC	41
regex 33:	CC.	41
regex 50:	C.G	40
regex 41:	C[ACT]C	40
regex 72:	C.A	39
regex 4:	CA.	37
regex 38:	T.T	36
regex 5:	GCA	34
regex 84:	TT.	34
regex 65:	GTT	34
regex 24:	[TCA]CT	34
regex 14:	GGA	31
regex 48:	T.C	29
regex 30:	GGT	28
regex 96:	C.T	27
regex 101:	CTG	25
regex 79:	T.A	24
regex 37:	ATG	23
regex 91:	[CT][GA]G	22
regex 21:	AGC	22
regex 57:	AAT	21
regex 68:	T.G	21
regex 98:	ACT	20
regex 42:	[GTA]CG	18
regex 16:	CCC	17
regex 93:	TA.	13
regex 31:	TTT	13
regex 11:	CAC	12
regex 102:	[CT]TA	12
regex 71:	GCG	12
regex 70:	CTC	11
regex 25:	TGT	11
regex 99:	T[CT]C	10
regex 27:	TTG	9
regex 67:	CGA	8
regex 51:	TTC	7
regex 75:	CAT	7
regex 80:	CTA	7
regex 9:	CCT	7
regex 54:	TCT	7
regex 86:	ACG	6
regex 66:	TAA	4
regex 61:	TCC	3
regex 17:	TCA	2
regex 69:	CGT	1
regex 35:	TCG	0

100 regexów najczęściej dopasowanych dla klasy 0:

regex 36:	[TGA][GC][TAC]	1355
regex 97:	[TGA][TGC][CG]	1242
regex 22:	[GA][AT][GAC]	1103
regex 94:	[CA][TA][TG]	841
regex 92:	[TC][GC][GCA]	812
regex 39:	[TC][AC][TGA]	807
regex 59:	[ATG][CTA]C	672
regex 46:	[CAG]C[AC]	648
regex 34:	[ATC][GCT]T	596
regex 76:	T[GTC][CAT]	583
regex 74:	[AGT]T[GTC]	574
regex 82:	[GCA]A[CA]	520
regex 60:	.AG	509
regex 13:	AA.	476
regex 58:	C[TGC][AG]	465
regex 33:	CC.	456
regex 81:	[AC][ATC]T	436
regex 15:	.CC	423
regex 3:	GA.	420
regex 43:	A.G	408
regex 78:	[TGC][TG]C	406
regex 89:	.TG	402
regex 50:	C.G	388
regex 49:	[AG]A[CA]	385
regex 77:	[TA][TAG]T	360
regex 40:	G.G	348
regex 95:	.CT	345
regex 18:	.CA	344
regex 23:	C.C	343
regex 88:	.AA	333
regex 53:	A.C	330
regex 28:	A.A	316
regex 47:	AG.	314
regex 4:	CA.	314
regex 41:	C[ACT]C	311
regex 7:	GC.	309
regex 100:	TG.	304
regex 44:	[TCA]CC	303
regex 19:	.AC	282
regex 85:	.TC	278
regex 72:	C.A	278
regex 96:	C.T	278
regex 63:	.GG	274
regex 91:	[CT][GA]G	271
regex 10:	AC.	266
regex 29:	GG.	265
regex 20:	G.A	265
regex 48:	T.C	256
regex 24:	[TCA]CT	254
regex 8:	AG[CGA]	253
regex 64:	G[TC][TG]	250
regex 56:	A.T	250
regex 32:	.AT	244
regex 38:	T.T	239
regex 52:	A[CG][GT]	237
regex 12:	[TGA]CA	222
regex 79:	T.A	219
regex 55:	[GT][GT]A	216
regex 84:	TT.	212
regex 83:	G[AC]C	207
regex 45:	GT.	204
regex 6:	.GT	194
regex 101:	CTG	176
regex 68:	T.G	169
regex 16:	CCC	165
regex 87:	[GAC]TT	159
regex 93:	TA.	158
regex 73:	[GA]GA	150
regex 90:	.TA	140
regex 99:	T[CT]C	130
regex 9:	CCT	125
regex 62:	GG[GT]	102
regex 37:	ATG	96
regex 21:	AGC	93
regex 70:	CTC	90
regex 42:	[GTA]CG	84
regex 102:	[CT]TA	80
regex 57:	AAT	78
regex 14:	GGA	74
regex 51:	TTC	71
regex 54:	TCT	69
regex 25:	TGT	68
regex 5:	GCA	67
regex 31:	TTT	66
regex 17:	TCA	60
regex 98:	ACT	60
regex 61:	TCC	59
regex 75:	CAT	57
regex 11:	CAC	56
regex 80:	CTA	50
regex 66:	TAA	45
regex 27:	TTG	45
regex 65:	GTT	43
regex 30:	GGT	34
regex 86:	ACG	32
regex 71:	GCG	31
regex 69:	CGT	31
regex 0:	GTA...	28
regex 26:	TAG	27
regex 67:	CGA	27

100 regexów z największą łączną liczbą dopasowań (klasa 1 + 0):

regex 36:	[TGA][GC][TAC]	klasa 1: 362	klasa 0: 1355	razem: 1717
regex 97:	[TGA][TGC][CG]	klasa 1: 382	klasa 0: 1242	razem: 1624
regex 22:	[GA][AT][GAC]	klasa 1: 390	klasa 0: 1103	razem: 1493
regex 94:	[CA][TA][TG]	klasa 1: 122	klasa 0: 841	razem: 963
regex 92:	[TC][GC][GCA]	klasa 1: 94	klasa 0: 812	razem: 906
regex 39:	[TC][AC][TGA]	klasa 1: 67	klasa 0: 807	razem: 874
regex 59:	[ATG][CTA]C	klasa 1: 178	klasa 0: 672	razem: 850
regex 74:	[AGT]T[GTC]	klasa 1: 243	klasa 0: 574	razem: 817
regex 46:	[CAG]C[AC]	klasa 1: 142	klasa 0: 648	razem: 790
regex 34:	[ATC][GCT]T	klasa 1: 95	klasa 0: 596	razem: 691
regex 82:	[GCA]A[CA]	klasa 1: 143	klasa 0: 520	razem: 663
regex 76:	T[GTC][CAT]	klasa 1: 76	klasa 0: 583	razem: 659
regex 3:	GA.	klasa 1: 151	klasa 0: 420	razem: 571
regex 60:	.AG	klasa 1: 56	klasa 0: 509	razem: 565
regex 13:	AA.	klasa 1: 76	klasa 0: 476	razem: 552
regex 89:	.TG	klasa 1: 136	klasa 0: 402	razem: 538
regex 58:	C[TGC][AG]	klasa 1: 61	klasa 0: 465	razem: 526
regex 78:	[TGC][TG]C	klasa 1: 114	klasa 0: 406	razem: 520
regex 81:	[AC][ATC]T	klasa 1: 83	klasa 0: 436	razem: 519
regex 15:	.CC	klasa 1: 82	klasa 0: 423	razem: 505
regex 49:	[AG]A[CA]	klasa 1: 119	klasa 0: 385	razem: 504
regex 40:	G.G	klasa 1: 149	klasa 0: 348	razem: 497
regex 33:	CC.	klasa 1: 41	klasa 0: 456	razem: 497
regex 43:	A.G	klasa 1: 51	klasa 0: 408	razem: 459
regex 77:	[TA][TAG]T	klasa 1: 74	klasa 0: 360	razem: 434
regex 7:	GC.	klasa 1: 120	klasa 0: 309	razem: 429
regex 20:	G.A	klasa 1: 163	klasa 0: 265	razem: 428
regex 88:	.AA	klasa 1: 95	klasa 0: 333	razem: 428
regex 50:	C.G	klasa 1: 40	klasa 0: 388	razem: 428
regex 53:	A.C	klasa 1: 83	klasa 0: 330	razem: 413
regex 95:	.CT	klasa 1: 67	klasa 0: 345	razem: 412
regex 18:	.CA	klasa 1: 65	klasa 0: 344	razem: 409
regex 64:	G[TC][TG]	klasa 1: 158	klasa 0: 250	razem: 408
regex 45:	GT.	klasa 1: 197	klasa 0: 204	razem: 401
regex 28:	A.A	klasa 1: 71	klasa 0: 316	razem: 387
regex 23:	C.C	klasa 1: 43	klasa 0: 343	razem: 386
regex 29:	GG.	klasa 1: 119	klasa 0: 265	razem: 384
regex 47:	AG.	klasa 1: 56	klasa 0: 314	razem: 370
regex 85:	.TC	klasa 1: 80	klasa 0: 278	razem: 358
regex 100:	TG.	klasa 1: 51	klasa 0: 304	razem: 355
regex 4:	CA.	klasa 1: 37	klasa 0: 314	razem: 351
regex 41:	C[ACT]C	klasa 1: 40	klasa 0: 311	razem: 351
regex 44:	[TCA]CC	klasa 1: 41	klasa 0: 303	razem: 344
regex 19:	.AC	klasa 1: 56	klasa 0: 282	razem: 338
regex 10:	AC.	klasa 1: 64	klasa 0: 266	razem: 330
regex 63:	.GG	klasa 1: 46	klasa 0: 274	razem: 320
regex 72:	C.A	klasa 1: 39	klasa 0: 278	razem: 317
regex 56:	A.T	klasa 1: 65	klasa 0: 250	razem: 315
regex 32:	.AT	klasa 1: 70	klasa 0: 244	razem: 314
regex 55:	[GT][GT]A	klasa 1: 95	klasa 0: 216	razem: 311
regex 96:	C.T	klasa 1: 27	klasa 0: 278	razem: 305
regex 8:	AG[CGA]	klasa 1: 48	klasa 0: 253	razem: 301
regex 91:	[CT][GA]G	klasa 1: 22	klasa 0: 271	razem: 293
regex 24:	[TCA]CT	klasa 1: 34	klasa 0: 254	razem: 288
regex 48:	T.C	klasa 1: 29	klasa 0: 256	razem: 285
regex 52:	A[CG][GT]	klasa 1: 44	klasa 0: 237	razem: 281
regex 12:	[TGA]CA	klasa 1: 53	klasa 0: 222	razem: 275
regex 38:	T.T	klasa 1: 36	klasa 0: 239	razem: 275
regex 83:	G[AC]C	klasa 1: 65	klasa 0: 207	razem: 272
regex 84:	TT.	klasa 1: 34	klasa 0: 212	razem: 246
regex 79:	T.A	klasa 1: 24	klasa 0: 219	razem: 243
regex 6:	.GT	klasa 1: 48	klasa 0: 194	razem: 242
regex 87:	[GAC]TT	klasa 1: 62	klasa 0: 159	razem: 221
regex 90:	.TA	klasa 1: 69	klasa 0: 140	razem: 209
regex 101:	CTG	klasa 1: 25	klasa 0: 176	razem: 201
regex 73:	[GA]GA	klasa 1: 47	klasa 0: 150	razem: 197
regex 68:	T.G	klasa 1: 21	klasa 0: 169	razem: 190
regex 16:	CCC	klasa 1: 17	klasa 0: 165	razem: 182
regex 93:	TA.	klasa 1: 13	klasa 0: 158	razem: 171
regex 62:	GG[GT]	klasa 1: 48	klasa 0: 102	razem: 150
regex 99:	T[CT]C	klasa 1: 10	klasa 0: 130	razem: 140
regex 9:	CCT	klasa 1: 7	klasa 0: 125	razem: 132
regex 37:	ATG	klasa 1: 23	klasa 0: 96	razem: 119
regex 21:	AGC	klasa 1: 22	klasa 0: 93	razem: 115
regex 14:	GGA	klasa 1: 31	klasa 0: 74	razem: 105
regex 42:	[GTA]CG	klasa 1: 18	klasa 0: 84	razem: 102
regex 70:	CTC	klasa 1: 11	klasa 0: 90	razem: 101
regex 5:	GCA	klasa 1: 34	klasa 0: 67	razem: 101
regex 57:	AAT	klasa 1: 21	klasa 0: 78	razem: 99
regex 102:	[CT]TA	klasa 1: 12	klasa 0: 80	razem: 92
regex 98:	ACT	klasa 1: 20	klasa 0: 60	razem: 80
regex 31:	TTT	klasa 1: 13	klasa 0: 66	razem: 79
regex 25:	TGT	klasa 1: 11	klasa 0: 68	razem: 79
regex 51:	TTC	klasa 1: 7	klasa 0: 71	razem: 78
regex 65:	GTT	klasa 1: 34	klasa 0: 43	razem: 77
regex 54:	TCT	klasa 1: 7	klasa 0: 69	razem: 76
regex 0:	GTA...	klasa 1: 46	klasa 0: 28	razem: 74
regex 11:	CAC	klasa 1: 12	klasa 0: 56	razem: 68
regex 75:	CAT	klasa 1: 7	klasa 0: 57	razem: 64
regex 17:	TCA	klasa 1: 2	klasa 0: 60	razem: 62
regex 61:	TCC	klasa 1: 3	klasa 0: 59	razem: 62
regex 30:	GGT	klasa 1: 28	klasa 0: 34	razem: 62
regex 80:	CTA	klasa 1: 7	klasa 0: 50	razem: 57
regex 27:	TTG	klasa 1: 9	klasa 0: 45	razem: 54
regex 66:	TAA	klasa 1: 4	klasa 0: 45	razem: 49
regex 71:	GCG	klasa 1: 12	klasa 0: 31	razem: 43
regex 86:	ACG	klasa 1: 6	klasa 0: 32	razem: 38
regex 67:	CGA	klasa 1: 8	klasa 0: 27	razem: 35
regex 69:	CGT	klasa 1: 1	klasa 0: 31	razem: 32
regex 26:	TAG	klasa 1: 0	klasa 0: 27	razem: 27
--- Selecting top regexes ---
Adding 100 new regexes from index 100
Saved 102 regexes to input_data/regex_acceptor.txt
