--- Running main.py (iteration 1002) ---
Class distribution: Counter({np.int64(0): 4672, np.int64(1): 1116})

=== Using: Custom DecisionTree ===

Test performance:
Accuracy:  0.812
Precision: 0.551
Recall:    0.121
AUC:       0.610

=== Classification report ===
              precision    recall  f1-score   support

           0      0.823     0.976     0.893       935
           1      0.551     0.121     0.199       223

    accuracy                          0.812      1158
   macro avg      0.687     0.549     0.546      1158
weighted avg      0.771     0.812     0.760      1158


Text illustration of decision tree (custom):
--- Evaluating regex performance ---
--- Selecting top regexes ---
Adding 10 new regexes from index 7010
Saved 110 regexes to input_data/regex_acceptor.txt
