--- Running main.py (iteration 1007) ---
Class distribution: Counter({np.int64(0): 4672, np.int64(1): 1116})

=== Using: Custom DecisionTree ===

Test performance:
Accuracy:  0.816
Precision: 0.600
Recall:    0.135
AUC:       0.621

=== Classification report ===
              precision    recall  f1-score   support

           0      0.826     0.979     0.896       935
           1      0.600     0.135     0.220       223

    accuracy                          0.816      1158
   macro avg      0.713     0.557     0.558      1158
weighted avg      0.782     0.816     0.766      1158


Text illustration of decision tree (custom):
--- Evaluating regex performance ---
--- Selecting top regexes ---
Adding 10 new regexes from index 7060
Saved 110 regexes to input_data/regex_acceptor.txt
