--- Running main.py (iteration 663) ---
Class distribution: Counter({np.int64(0): 4672, np.int64(1): 1116})

=== Using: Custom DecisionTree ===

Test performance:
Accuracy:  0.813
Precision: 0.561
Recall:    0.143
AUC:       0.610

=== Classification report ===
              precision    recall  f1-score   support

           0      0.827     0.973     0.894       935
           1      0.561     0.143     0.229       223

    accuracy                          0.813      1158
   macro avg      0.694     0.558     0.561      1158
weighted avg      0.775     0.813     0.766      1158


Text illustration of decision tree (custom):
--- Evaluating regex performance ---
--- Selecting top regexes ---
Adding 10 new regexes from index 6620
Saved 110 regexes to input_data/regex_acceptor.txt
