--- Running main.py (iteration 446) ---
Class distribution: Counter({np.int64(0): 4672, np.int64(1): 1116})

=== Using: Custom DecisionTree ===

Test performance:
Accuracy:  0.811
Precision: 0.534
Recall:    0.139
AUC:       0.611

=== Classification report ===
              precision    recall  f1-score   support

           0      0.825     0.971     0.892       935
           1      0.534     0.139     0.221       223

    accuracy                          0.811      1158
   macro avg      0.680     0.555     0.557      1158
weighted avg      0.769     0.811     0.763      1158


Text illustration of decision tree (custom):
--- Evaluating regex performance ---
--- Selecting top regexes ---
Adding 10 new regexes from index 4450
Saved 110 regexes to input_data/regex_acceptor.txt
