--- Running main.py (iteration 1086) ---
Class distribution: Counter({np.int64(0): 4672, np.int64(1): 1116})

=== Using: Custom DecisionTree ===

Test performance:
Accuracy:  0.820
Precision: 0.635
Recall:    0.148
AUC:       0.623

=== Classification report ===
              precision    recall  f1-score   support

           0      0.828     0.980     0.898       935
           1      0.635     0.148     0.240       223

    accuracy                          0.820      1158
   macro avg      0.731     0.564     0.569      1158
weighted avg      0.791     0.820     0.771      1158


Text illustration of decision tree (custom):
--- Evaluating regex performance ---
--- Selecting top regexes ---
Adding 10 new regexes from index 7850
Saved 110 regexes to input_data/regex_acceptor.txt
