--- Running main.py (iteration 518) ---
Class distribution: Counter({np.int64(0): 4672, np.int64(1): 1116})

=== Using: Custom DecisionTree ===

Test performance:
Accuracy:  0.806
Precision: 0.483
Recall:    0.126
AUC:       0.610

=== Classification report ===
              precision    recall  f1-score   support

           0      0.823     0.968     0.889       935
           1      0.483     0.126     0.199       223

    accuracy                          0.806      1158
   macro avg      0.653     0.547     0.544      1158
weighted avg      0.757     0.806     0.757      1158


Text illustration of decision tree (custom):
--- Evaluating regex performance ---
--- Selecting top regexes ---
Adding 10 new regexes from index 5170
Saved 110 regexes to input_data/regex_acceptor.txt
