--- Running main.py (iteration 1231) ---
Class distribution: Counter({np.int64(0): 4672, np.int64(1): 1116})

=== Using: Custom DecisionTree ===

Test performance:
Accuracy:  0.811
Precision: 0.537
Recall:    0.130
AUC:       0.594

=== Classification report ===
              precision    recall  f1-score   support

           0      0.824     0.973     0.893       935
           1      0.537     0.130     0.209       223

    accuracy                          0.811      1158
   macro avg      0.681     0.552     0.551      1158
weighted avg      0.769     0.811     0.761      1158


Text illustration of decision tree (custom):
--- Evaluating regex performance ---
--- Selecting top regexes ---
Adding 10 new regexes from index 9300
Saved 110 regexes to input_data/regex_acceptor.txt
