--- Running main.py (iteration 1135) ---
Class distribution: Counter({np.int64(0): 4672, np.int64(1): 1116})

=== Using: Custom DecisionTree ===

Test performance:
Accuracy:  0.820
Precision: 0.653
Recall:    0.143
AUC:       0.626

=== Classification report ===
              precision    recall  f1-score   support

           0      0.828     0.982     0.898       935
           1      0.653     0.143     0.235       223

    accuracy                          0.820      1158
   macro avg      0.740     0.563     0.567      1158
weighted avg      0.794     0.820     0.771      1158


Text illustration of decision tree (custom):
--- Evaluating regex performance ---
--- Selecting top regexes ---
Adding 10 new regexes from index 8340
Saved 110 regexes to input_data/regex_acceptor.txt
