--- Running main.py (iteration 1256) ---
Class distribution: Counter({np.int64(0): 4672, np.int64(1): 1116})

=== Using: Custom DecisionTree ===

Test performance:
Accuracy:  0.813
Precision: 0.578
Recall:    0.117
AUC:       0.590

=== Classification report ===
              precision    recall  f1-score   support

           0      0.823     0.980     0.895       935
           1      0.578     0.117     0.194       223

    accuracy                          0.813      1158
   macro avg      0.700     0.548     0.544      1158
weighted avg      0.776     0.813     0.760      1158


Text illustration of decision tree (custom):
--- Evaluating regex performance ---
--- Selecting top regexes ---
Adding 10 new regexes from index 9550
Saved 110 regexes to input_data/regex_acceptor.txt
