--- Running main.py (iteration 21) ---
Class distribution: Counter({np.int64(0): 4672, np.int64(1): 1116})

=== Using: Custom DecisionTree ===

Test performance:
Accuracy:  0.808
Precision: 0.571
Recall:    0.018
AUC:       0.507

=== Classification report ===
              precision    recall  f1-score   support

           0      0.810     0.997     0.894       935
           1      0.571     0.018     0.035       223

    accuracy                          0.808      1158
   macro avg      0.691     0.507     0.464      1158
weighted avg      0.764     0.808     0.728      1158


Text illustration of decision tree (custom):
--- Evaluating regex performance ---

100 regexów najczęściej dopasowanych dla klasy 1:

regex 0:	GTA...	46
regex 1:	CG.GGA.C.GTAT	0
regex 2:	G..GAAA.AGAAT	0
regex 3:	GAT..T.TCGGCG	0
regex 4:	ATAC.TCATAT.A	0
regex 5:	CA[GTA][ACG]CTC[CA]C[TCG]T[GC][CT]	0
regex 6:	CGGGGCT..TAAT	0
regex 7:	CTTA.GCCTTTT.	0
regex 8:	..CG.GACGAACG	0
regex 9:	GG.C.A.ACCAAG	0
regex 10:	AACCTATCC.GGA	0

100 regexów najczęściej dopasowanych dla klasy 0:

regex 0:	GTA...	28
regex 1:	CG.GGA.C.GTAT	0
regex 2:	G..GAAA.AGAAT	0
regex 3:	GAT..T.TCGGCG	0
regex 4:	ATAC.TCATAT.A	0
regex 5:	CA[GTA][ACG]CTC[CA]C[TCG]T[GC][CT]	0
regex 6:	CGGGGCT..TAAT	0
regex 7:	CTTA.GCCTTTT.	0
regex 8:	..CG.GACGAACG	0
regex 9:	GG.C.A.ACCAAG	0
regex 10:	AACCTATCC.GGA	0

100 regexów z największą łączną liczbą dopasowań (klasa 1 + 0):

regex 0:	GTA...	klasa 1: 46	klasa 0: 28	razem: 74
regex 1:	CG.GGA.C.GTAT	klasa 1: 0	klasa 0: 0	razem: 0
regex 2:	G..GAAA.AGAAT	klasa 1: 0	klasa 0: 0	razem: 0
regex 3:	GAT..T.TCGGCG	klasa 1: 0	klasa 0: 0	razem: 0
regex 4:	ATAC.TCATAT.A	klasa 1: 0	klasa 0: 0	razem: 0
regex 5:	CA[GTA][ACG]CTC[CA]C[TCG]T[GC][CT]	klasa 1: 0	klasa 0: 0	razem: 0
regex 6:	CGGGGCT..TAAT	klasa 1: 0	klasa 0: 0	razem: 0
regex 7:	CTTA.GCCTTTT.	klasa 1: 0	klasa 0: 0	razem: 0
regex 8:	..CG.GACGAACG	klasa 1: 0	klasa 0: 0	razem: 0
regex 9:	GG.C.A.ACCAAG	klasa 1: 0	klasa 0: 0	razem: 0
regex 10:	AACCTATCC.GGA	klasa 1: 0	klasa 0: 0	razem: 0
--- Selecting top regexes ---
Adding 10 new regexes from index 5310
Saved 13 regexes to input_data/regex_acceptor.txt
