--- Running main.py (iteration 1166) ---
Class distribution: Counter({np.int64(0): 4672, np.int64(1): 1116})

=== Using: Custom DecisionTree ===

Test performance:
Accuracy:  0.815
Precision: 0.596
Recall:    0.126
AUC:       0.626

=== Classification report ===
              precision    recall  f1-score   support

           0      0.824     0.980     0.895       935
           1      0.596     0.126     0.207       223

    accuracy                          0.815      1158
   macro avg      0.710     0.553     0.551      1158
weighted avg      0.780     0.815     0.763      1158


Text illustration of decision tree (custom):
--- Evaluating regex performance ---
--- Selecting top regexes ---
Adding 10 new regexes from index 8650
Saved 110 regexes to input_data/regex_acceptor.txt
