--- Running main.py (iteration 505) ---
Class distribution: Counter({np.int64(0): 4672, np.int64(1): 1116})

=== Using: Custom DecisionTree ===

Test performance:
Accuracy:  0.806
Precision: 0.483
Recall:    0.130
AUC:       0.609

=== Classification report ===
              precision    recall  f1-score   support

           0      0.823     0.967     0.889       935
           1      0.483     0.130     0.205       223

    accuracy                          0.806      1158
   macro avg      0.653     0.548     0.547      1158
weighted avg      0.758     0.806     0.758      1158


Text illustration of decision tree (custom):
--- Evaluating regex performance ---
--- Selecting top regexes ---
Adding 10 new regexes from index 5040
Saved 110 regexes to input_data/regex_acceptor.txt
