--- Running main.py (iteration 1151) ---
Class distribution: Counter({np.int64(0): 4672, np.int64(1): 1116})

=== Using: Custom DecisionTree ===

Test performance:
Accuracy:  0.815
Precision: 0.592
Recall:    0.130
AUC:       0.619

=== Classification report ===
              precision    recall  f1-score   support

           0      0.825     0.979     0.895       935
           1      0.592     0.130     0.213       223

    accuracy                          0.815      1158
   macro avg      0.708     0.554     0.554      1158
weighted avg      0.780     0.815     0.764      1158


Text illustration of decision tree (custom):
--- Evaluating regex performance ---
--- Selecting top regexes ---
Adding 10 new regexes from index 8500
Saved 110 regexes to input_data/regex_acceptor.txt
