--- Running main.py (iteration 1117) ---
Class distribution: Counter({np.int64(0): 4672, np.int64(1): 1116})

=== Using: Custom DecisionTree ===

Test performance:
Accuracy:  0.814
Precision: 0.583
Recall:    0.126
AUC:       0.620

=== Classification report ===
              precision    recall  f1-score   support

           0      0.824     0.979     0.895       935
           1      0.583     0.126     0.207       223

    accuracy                          0.814      1158
   macro avg      0.704     0.552     0.551      1158
weighted avg      0.778     0.814     0.762      1158


Text illustration of decision tree (custom):
--- Evaluating regex performance ---
--- Selecting top regexes ---
Adding 10 new regexes from index 8160
Saved 110 regexes to input_data/regex_acceptor.txt
