--- Running main.py (iteration 452) ---
Class distribution: Counter({np.int64(0): 4672, np.int64(1): 1116})

=== Using: Custom DecisionTree ===

Test performance:
Accuracy:  0.812
Precision: 0.545
Recall:    0.135
AUC:       0.608

=== Classification report ===
              precision    recall  f1-score   support

           0      0.825     0.973     0.893       935
           1      0.545     0.135     0.216       223

    accuracy                          0.812      1158
   macro avg      0.685     0.554     0.554      1158
weighted avg      0.771     0.812     0.763      1158


Text illustration of decision tree (custom):
--- Evaluating regex performance ---
--- Selecting top regexes ---
Adding 10 new regexes from index 4510
Saved 110 regexes to input_data/regex_acceptor.txt
