--- Running main.py (iteration 42) ---
Class distribution: Counter({np.int64(0): 4672, np.int64(1): 1116})

=== Using: Custom DecisionTree ===

Test performance:
Accuracy:  0.799
Precision: 0.353
Recall:    0.054
AUC:       0.581

=== Classification report ===
              precision    recall  f1-score   support

           0      0.812     0.976     0.887       935
           1      0.353     0.054     0.093       223

    accuracy                          0.799      1158
   macro avg      0.583     0.515     0.490      1158
weighted avg      0.724     0.799     0.734      1158


Text illustration of decision tree (custom):
--- Evaluating regex performance ---

100 regexów najczęściej dopasowanych dla klasy 1:

regex 54:	[GT][GTA][ATG][GCT]T	76
regex 1:	[TAC][AT][AGC]C	64
regex 28:	[ACG]C[ATG][GCT][AT]	53
regex 78:	GA.A.	50
regex 0:	GTA...	46
regex 13:	.TGG.	43
regex 45:	G.GG.	40
regex 35:	G..CA	37
regex 85:	A..CC	30
regex 102:	[CG][GC][AC]A[TCA]	30
regex 11:	.C.TG	27
regex 24:	.TT.C	25
regex 77:	.CA.G	24
regex 73:	GA[CAT][ACT]A	24
regex 22:	.GC.C	22
regex 9:	A.A.G	21
regex 88:	.TCT.	21
regex 99:	[ATG]TG[CTG]C	21
regex 101:	ACT..	20
regex 44:	.CT.C	20
regex 86:	.GAT.	18
regex 30:	GGA[CTG][TAC]	18
regex 93:	AC..G	18
regex 98:	AT[GC][CTA][TA]	17
regex 49:	.GT.C	17
regex 58:	[CGA]A[CA]AC	17
regex 32:	.AC.T	16
regex 6:	TG.C.	16
regex 42:	.C.AG	16
regex 55:	GC.CT	16
regex 34:	G.AAA	15
regex 20:	.G.GA	15
regex 21:	[AG]CC[TCA]G	15
regex 92:	A.G.A	15
regex 89:	AC.A.	14
regex 90:	.TA.A	14
regex 74:	CA.T.	13
regex 51:	..CAG	13
regex 5:	AC..T	13
regex 56:	AAG..	12
regex 69:	CT.T.	12
regex 68:	A..CG	11
regex 4:	AG[CT][TAG][GTC]	11
regex 25:	.CCG.	11
regex 63:	[AC]GC[CGT][TC]	10
regex 26:	GTA.A	9
regex 46:	.C.TT	9
regex 100:	A.ACC	9
regex 103:	.G.GG	9
regex 65:	GGGA.	8
regex 64:	GA[TG]C[AG]	8
regex 52:	.ACG.	7
regex 39:	TTC..	7
regex 31:	C.TG.	7
regex 57:	T.G.A	6
regex 84:	T[GTA][AGT]C[GT]	6
regex 7:	C..GT	6
regex 3:	AATG	6
regex 18:	AT.GA	6
regex 71:	[GC][ATC]GGG	6
regex 41:	AT.CT	6
regex 80:	AC.GA	5
regex 76:	GAC.G	5
regex 75:	ACAA.	5
regex 67:	C.T.A	5
regex 61:	ATTT.	5
regex 40:	AG.AG	5
regex 2:	CG.A	5
regex 38:	G.AGT	5
regex 36:	ACC[GA][GAC]	5
regex 59:	.TCGC	4
regex 43:	TA..A	3
regex 96:	T..GG	2
regex 97:	.TGTA	2
regex 79:	A.CGT	2
regex 94:	CTT.G	2
regex 8:	GATAA	2
regex 82:	CG.CC	2
regex 47:	ATGGA	2
regex 48:	CCCCA	2
regex 17:	T..CG	2
regex 15:	TGG.C	2
regex 37:	CTACC	2
regex 16:	ACTTG	1
regex 87:	CTGAA	1
regex 53:	C.CGT	1
regex 19:	AACCG	0
regex 23:	ATGAT	0
regex 33:	TACCC	0
regex 29:	TTCAC	0
regex 27:	CATAA	0
regex 10:	TCTGA	0
regex 14:	C.TAT	0
regex 12:	TCAAC	0
regex 50:	AGGTA	0
regex 62:	GC.TA	0
regex 70:	TCGGA	0
regex 66:	AG.TT	0
regex 60:	TCTA.	0
regex 72:	TTGTC	0

100 regexów najczęściej dopasowanych dla klasy 0:

regex 1:	[TAC][AT][AGC]C	380
regex 28:	[ACG]C[ATG][GCT][AT]	274
regex 54:	[GT][GTA][ATG][GCT]T	232
regex 56:	AAG..	196
regex 92:	A.G.A	134
regex 78:	GA.A.	126
regex 13:	.TGG.	124
regex 102:	[CG][GC][AC]A[TCA]	121
regex 11:	.C.TG	111
regex 45:	G.GG.	110
regex 51:	..CAG	106
regex 85:	A..CC	105
regex 69:	CT.T.	97
regex 44:	.CT.C	95
regex 88:	.TCT.	93
regex 42:	.C.AG	90
regex 6:	TG.C.	90
regex 77:	.CA.G	86
regex 35:	G..CA	85
regex 32:	.AC.T	83
regex 46:	.C.TT	77
regex 4:	AG[CT][TAG][GTC]	77
regex 5:	AC..T	75
regex 22:	.GC.C	75
regex 98:	AT[GC][CTA][TA]	75
regex 9:	A.A.G	74
regex 31:	C.TG.	73
regex 39:	TTC..	71
regex 7:	C..GT	69
regex 103:	.G.GG	66
regex 20:	.G.GA	64
regex 67:	C.T.A	64
regex 93:	AC..G	63
regex 101:	ACT..	60
regex 74:	CA.T.	59
regex 24:	.TT.C	59
regex 86:	.GAT.	55
regex 89:	AC.A.	55
regex 84:	T[GTA][AGT]C[GT]	52
regex 57:	T.G.A	49
regex 49:	.GT.C	45
regex 63:	[AC]GC[CGT][TC]	45
regex 96:	T..GG	43
regex 73:	GA[CAT][ACT]A	42
regex 43:	TA..A	42
regex 25:	.CCG.	42
regex 99:	[ATG]TG[CTG]C	41
regex 30:	GGA[CTG][TAC]	39
regex 68:	A..CG	39
regex 21:	[AG]CC[TCA]G	38
regex 52:	.ACG.	36
regex 58:	[CGA]A[CA]AC	35
regex 90:	.TA.A	35
regex 55:	GC.CT	34
regex 71:	[GC][ATC]GGG	30
regex 40:	AG.AG	29
regex 0:	GTA...	28
regex 2:	CG.A	26
regex 100:	A.ACC	21
regex 17:	T..CG	20
regex 64:	GA[TG]C[AG]	20
regex 34:	G.AAA	20
regex 75:	ACAA.	20
regex 3:	AATG	19
regex 80:	AC.GA	19
regex 41:	AT.CT	19
regex 66:	AG.TT	18
regex 87:	CTGAA	18
regex 36:	ACC[GA][GAC]	18
regex 15:	TGG.C	18
regex 81:	TCA.A	17
regex 38:	G.AGT	16
regex 48:	CCCCA	16
regex 82:	CG.CC	15
regex 76:	GAC.G	15
regex 65:	GGGA.	13
regex 61:	ATTT.	13
regex 18:	AT.GA	12
regex 97:	.TGTA	11
regex 94:	CTT.G	11
regex 79:	A.CGT	9
regex 14:	C.TAT	9
regex 26:	GTA.A	7
regex 62:	GC.TA	7
regex 59:	.TCGC	7
regex 47:	ATGGA	7
regex 8:	GATAA	6
regex 10:	TCTGA	6
regex 70:	TCGGA	6
regex 60:	TCTA.	6
regex 29:	TTCAC	6
regex 53:	C.CGT	5
regex 37:	CTACC	5
regex 23:	ATGAT	5
regex 95:	TGGGA	4
regex 12:	TCAAC	3
regex 91:	CGTCA	3
regex 33:	TACCC	3
regex 16:	ACTTG	3
regex 19:	AACCG	2

100 regexów z największą łączną liczbą dopasowań (klasa 1 + 0):

regex 1:	[TAC][AT][AGC]C	klasa 1: 64	klasa 0: 380	razem: 444
regex 28:	[ACG]C[ATG][GCT][AT]	klasa 1: 53	klasa 0: 274	razem: 327
regex 54:	[GT][GTA][ATG][GCT]T	klasa 1: 76	klasa 0: 232	razem: 308
regex 56:	AAG..	klasa 1: 12	klasa 0: 196	razem: 208
regex 78:	GA.A.	klasa 1: 50	klasa 0: 126	razem: 176
regex 13:	.TGG.	klasa 1: 43	klasa 0: 124	razem: 167
regex 102:	[CG][GC][AC]A[TCA]	klasa 1: 30	klasa 0: 121	razem: 151
regex 45:	G.GG.	klasa 1: 40	klasa 0: 110	razem: 150
regex 92:	A.G.A	klasa 1: 15	klasa 0: 134	razem: 149
regex 11:	.C.TG	klasa 1: 27	klasa 0: 111	razem: 138
regex 85:	A..CC	klasa 1: 30	klasa 0: 105	razem: 135
regex 35:	G..CA	klasa 1: 37	klasa 0: 85	razem: 122
regex 51:	..CAG	klasa 1: 13	klasa 0: 106	razem: 119
regex 44:	.CT.C	klasa 1: 20	klasa 0: 95	razem: 115
regex 88:	.TCT.	klasa 1: 21	klasa 0: 93	razem: 114
regex 77:	.CA.G	klasa 1: 24	klasa 0: 86	razem: 110
regex 69:	CT.T.	klasa 1: 12	klasa 0: 97	razem: 109
regex 6:	TG.C.	klasa 1: 16	klasa 0: 90	razem: 106
regex 42:	.C.AG	klasa 1: 16	klasa 0: 90	razem: 106
regex 32:	.AC.T	klasa 1: 16	klasa 0: 83	razem: 99
regex 22:	.GC.C	klasa 1: 22	klasa 0: 75	razem: 97
regex 9:	A.A.G	klasa 1: 21	klasa 0: 74	razem: 95
regex 98:	AT[GC][CTA][TA]	klasa 1: 17	klasa 0: 75	razem: 92
regex 4:	AG[CT][TAG][GTC]	klasa 1: 11	klasa 0: 77	razem: 88
regex 5:	AC..T	klasa 1: 13	klasa 0: 75	razem: 88
regex 46:	.C.TT	klasa 1: 9	klasa 0: 77	razem: 86
regex 24:	.TT.C	klasa 1: 25	klasa 0: 59	razem: 84
regex 93:	AC..G	klasa 1: 18	klasa 0: 63	razem: 81
regex 31:	C.TG.	klasa 1: 7	klasa 0: 73	razem: 80
regex 101:	ACT..	klasa 1: 20	klasa 0: 60	razem: 80
regex 20:	.G.GA	klasa 1: 15	klasa 0: 64	razem: 79
regex 39:	TTC..	klasa 1: 7	klasa 0: 71	razem: 78
regex 103:	.G.GG	klasa 1: 9	klasa 0: 66	razem: 75
regex 7:	C..GT	klasa 1: 6	klasa 0: 69	razem: 75
regex 0:	GTA...	klasa 1: 46	klasa 0: 28	razem: 74
regex 86:	.GAT.	klasa 1: 18	klasa 0: 55	razem: 73
regex 74:	CA.T.	klasa 1: 13	klasa 0: 59	razem: 72
regex 67:	C.T.A	klasa 1: 5	klasa 0: 64	razem: 69
regex 89:	AC.A.	klasa 1: 14	klasa 0: 55	razem: 69
regex 73:	GA[CAT][ACT]A	klasa 1: 24	klasa 0: 42	razem: 66
regex 49:	.GT.C	klasa 1: 17	klasa 0: 45	razem: 62
regex 99:	[ATG]TG[CTG]C	klasa 1: 21	klasa 0: 41	razem: 62
regex 84:	T[GTA][AGT]C[GT]	klasa 1: 6	klasa 0: 52	razem: 58
regex 30:	GGA[CTG][TAC]	klasa 1: 18	klasa 0: 39	razem: 57
regex 57:	T.G.A	klasa 1: 6	klasa 0: 49	razem: 55
regex 63:	[AC]GC[CGT][TC]	klasa 1: 10	klasa 0: 45	razem: 55
regex 21:	[AG]CC[TCA]G	klasa 1: 15	klasa 0: 38	razem: 53
regex 25:	.CCG.	klasa 1: 11	klasa 0: 42	razem: 53
regex 58:	[CGA]A[CA]AC	klasa 1: 17	klasa 0: 35	razem: 52
regex 68:	A..CG	klasa 1: 11	klasa 0: 39	razem: 50
regex 55:	GC.CT	klasa 1: 16	klasa 0: 34	razem: 50
regex 90:	.TA.A	klasa 1: 14	klasa 0: 35	razem: 49
regex 43:	TA..A	klasa 1: 3	klasa 0: 42	razem: 45
regex 96:	T..GG	klasa 1: 2	klasa 0: 43	razem: 45
regex 52:	.ACG.	klasa 1: 7	klasa 0: 36	razem: 43
regex 71:	[GC][ATC]GGG	klasa 1: 6	klasa 0: 30	razem: 36
regex 34:	G.AAA	klasa 1: 15	klasa 0: 20	razem: 35
regex 40:	AG.AG	klasa 1: 5	klasa 0: 29	razem: 34
regex 2:	CG.A	klasa 1: 5	klasa 0: 26	razem: 31
regex 100:	A.ACC	klasa 1: 9	klasa 0: 21	razem: 30
regex 64:	GA[TG]C[AG]	klasa 1: 8	klasa 0: 20	razem: 28
regex 3:	AATG	klasa 1: 6	klasa 0: 19	razem: 25
regex 41:	AT.CT	klasa 1: 6	klasa 0: 19	razem: 25
regex 75:	ACAA.	klasa 1: 5	klasa 0: 20	razem: 25
regex 80:	AC.GA	klasa 1: 5	klasa 0: 19	razem: 24
regex 36:	ACC[GA][GAC]	klasa 1: 5	klasa 0: 18	razem: 23
regex 17:	T..CG	klasa 1: 2	klasa 0: 20	razem: 22
regex 65:	GGGA.	klasa 1: 8	klasa 0: 13	razem: 21
regex 38:	G.AGT	klasa 1: 5	klasa 0: 16	razem: 21
regex 15:	TGG.C	klasa 1: 2	klasa 0: 18	razem: 20
regex 76:	GAC.G	klasa 1: 5	klasa 0: 15	razem: 20
regex 87:	CTGAA	klasa 1: 1	klasa 0: 18	razem: 19
regex 18:	AT.GA	klasa 1: 6	klasa 0: 12	razem: 18
regex 66:	AG.TT	klasa 1: 0	klasa 0: 18	razem: 18
regex 48:	CCCCA	klasa 1: 2	klasa 0: 16	razem: 18
regex 61:	ATTT.	klasa 1: 5	klasa 0: 13	razem: 18
regex 82:	CG.CC	klasa 1: 2	klasa 0: 15	razem: 17
regex 81:	TCA.A	klasa 1: 0	klasa 0: 17	razem: 17
regex 26:	GTA.A	klasa 1: 9	klasa 0: 7	razem: 16
regex 97:	.TGTA	klasa 1: 2	klasa 0: 11	razem: 13
regex 94:	CTT.G	klasa 1: 2	klasa 0: 11	razem: 13
regex 59:	.TCGC	klasa 1: 4	klasa 0: 7	razem: 11
regex 79:	A.CGT	klasa 1: 2	klasa 0: 9	razem: 11
regex 14:	C.TAT	klasa 1: 0	klasa 0: 9	razem: 9
regex 47:	ATGGA	klasa 1: 2	klasa 0: 7	razem: 9
regex 8:	GATAA	klasa 1: 2	klasa 0: 6	razem: 8
regex 37:	CTACC	klasa 1: 2	klasa 0: 5	razem: 7
regex 62:	GC.TA	klasa 1: 0	klasa 0: 7	razem: 7
regex 53:	C.CGT	klasa 1: 1	klasa 0: 5	razem: 6
regex 70:	TCGGA	klasa 1: 0	klasa 0: 6	razem: 6
regex 60:	TCTA.	klasa 1: 0	klasa 0: 6	razem: 6
regex 10:	TCTGA	klasa 1: 0	klasa 0: 6	razem: 6
regex 29:	TTCAC	klasa 1: 0	klasa 0: 6	razem: 6
regex 23:	ATGAT	klasa 1: 0	klasa 0: 5	razem: 5
regex 16:	ACTTG	klasa 1: 1	klasa 0: 3	razem: 4
regex 95:	TGGGA	klasa 1: 0	klasa 0: 4	razem: 4
regex 91:	CGTCA	klasa 1: 0	klasa 0: 3	razem: 3
regex 33:	TACCC	klasa 1: 0	klasa 0: 3	razem: 3
regex 12:	TCAAC	klasa 1: 0	klasa 0: 3	razem: 3
regex 19:	AACCG	klasa 1: 0	klasa 0: 2	razem: 2
--- Selecting top regexes ---
Adding 100 new regexes from index 400
Saved 103 regexes to input_data/regex_acceptor.txt
