--- Running main.py (iteration 1287) ---
Class distribution: Counter({np.int64(0): 4672, np.int64(1): 1116})

=== Using: Custom DecisionTree ===

Test performance:
Accuracy:  0.808
Precision: 0.509
Recall:    0.121
AUC:       0.589

=== Classification report ===
              precision    recall  f1-score   support

           0      0.823     0.972     0.891       935
           1      0.509     0.121     0.196       223

    accuracy                          0.808      1158
   macro avg      0.666     0.547     0.543      1158
weighted avg      0.762     0.808     0.757      1158


Text illustration of decision tree (custom):
--- Evaluating regex performance ---
--- Selecting top regexes ---
Adding 10 new regexes from index 9860
Saved 110 regexes to input_data/regex_acceptor.txt
