--- Running main.py (iteration 538) ---
Class distribution: Counter({np.int64(0): 4672, np.int64(1): 1116})

=== Using: Custom DecisionTree ===

Test performance:
Accuracy:  0.814
Precision: 0.561
Recall:    0.166
AUC:       0.618

=== Classification report ===
              precision    recall  f1-score   support

           0      0.830     0.969     0.894       935
           1      0.561     0.166     0.256       223

    accuracy                          0.814      1158
   macro avg      0.695     0.567     0.575      1158
weighted avg      0.778     0.814     0.771      1158


Text illustration of decision tree (custom):
--- Evaluating regex performance ---
--- Selecting top regexes ---
Adding 10 new regexes from index 5370
Saved 110 regexes to input_data/regex_acceptor.txt
